mode: atomic
github.com/engine/server/discord/service.go:73.70,75.2 1 0
github.com/engine/server/discord/service.go:90.53,100.16 3 10
github.com/engine/server/discord/service.go:100.16,102.3 1 2
github.com/engine/server/discord/service.go:103.2,103.12 1 8
github.com/engine/server/discord/service.go:103.12,105.3 1 3
github.com/engine/server/discord/service.go:106.2,108.18 2 8
github.com/engine/server/discord/service.go:108.18,110.3 1 3
github.com/engine/server/discord/service.go:111.2,111.24 1 5
github.com/engine/server/discord/service.go:111.24,113.3 1 1
github.com/engine/server/discord/service.go:114.2,114.23 1 4
github.com/engine/server/discord/service.go:114.23,116.3 1 1
github.com/engine/server/discord/service.go:117.2,117.32 1 3
github.com/engine/server/discord/service.go:117.32,119.3 1 1
github.com/engine/server/discord/service.go:120.2,121.17 2 2
github.com/engine/server/discord/service.go:124.70,127.16 3 10
github.com/engine/server/discord/service.go:127.16,128.25 1 6
github.com/engine/server/discord/service.go:128.25,130.4 1 5
github.com/engine/server/discord/service.go:131.3,131.73 1 1
github.com/engine/server/discord/service.go:134.2,135.51 2 4
github.com/engine/server/discord/service.go:135.51,137.3 1 1
github.com/engine/server/discord/service.go:138.2,138.23 1 3
github.com/engine/server/discord/service.go:141.53,142.26 1 3
github.com/engine/server/discord/service.go:142.26,144.3 1 2
github.com/engine/server/discord/service.go:145.2,145.61 1 3
github.com/engine/server/discord/service.go:145.61,147.3 1 2
github.com/engine/server/discord/service.go:148.2,148.60 1 3
github.com/engine/server/discord/service.go:148.60,150.3 1 2
github.com/engine/server/discord/service.go:151.2,151.35 1 3
github.com/engine/server/discord/service.go:151.35,153.3 1 2
github.com/engine/server/discord/service.go:154.2,154.66 1 3
github.com/engine/server/discord/service.go:154.66,156.3 1 1
github.com/engine/server/discord/service.go:157.2,157.71 1 3
github.com/engine/server/discord/service.go:157.71,159.3 1 1
github.com/engine/server/discord/service.go:160.2,160.64 1 3
github.com/engine/server/discord/service.go:160.64,162.3 1 1
github.com/engine/server/discord/service.go:165.37,166.69 1 9
github.com/engine/server/discord/service.go:166.69,168.3 1 5
github.com/engine/server/discord/service.go:169.2,169.84 1 9
github.com/engine/server/discord/service.go:169.84,171.3 1 4
github.com/engine/server/discord/service.go:172.2,172.83 1 9
github.com/engine/server/discord/service.go:172.83,174.3 1 3
github.com/engine/server/discord/service.go:175.2,175.91 1 9
github.com/engine/server/discord/service.go:175.91,177.3 1 2
github.com/engine/server/discord/service.go:178.2,178.81 1 9
github.com/engine/server/discord/service.go:178.81,180.3 1 2
github.com/engine/server/discord/service.go:181.2,181.90 1 9
github.com/engine/server/discord/service.go:181.90,183.3 1 1
github.com/engine/server/discord/service.go:184.2,184.76 1 9
github.com/engine/server/discord/service.go:184.76,186.3 1 1
github.com/engine/server/discord/service.go:189.49,191.17 2 31
github.com/engine/server/discord/service.go:191.17,193.3 1 6
github.com/engine/server/discord/service.go:194.2,194.15 1 25
github.com/engine/server/discord/service.go:195.32,196.20 1 15
github.com/engine/server/discord/service.go:197.33,198.21 1 8
github.com/engine/server/discord/service.go:199.10,200.22 1 2
github.com/engine/server/discord/service.go:204.48,206.2 1 25
github.com/engine/server/discord/service.go:209.67,217.48 1 88
github.com/engine/server/discord/service.go:217.48,219.52 2 2
github.com/engine/server/discord/service.go:219.52,221.5 1 1
github.com/engine/server/discord/service.go:222.4,222.14 1 1
github.com/engine/server/discord/service.go:225.2,225.17 1 88
github.com/engine/server/discord/service.go:225.17,226.39 1 8
github.com/engine/server/discord/service.go:226.39,228.4 1 1
github.com/engine/server/discord/service.go:230.2,230.15 1 87
github.com/engine/server/discord/service.go:234.33,235.20 1 5
github.com/engine/server/discord/service.go:235.20,237.3 1 1
github.com/engine/server/discord/service.go:239.2,248.34 6 4
github.com/engine/server/discord/service.go:248.34,251.3 2 3
github.com/engine/server/discord/service.go:252.2,253.12 2 1
github.com/engine/server/discord/service.go:257.33,258.17 1 7
github.com/engine/server/discord/service.go:258.17,260.3 1 5
github.com/engine/server/discord/service.go:261.2,261.21 1 2
github.com/engine/server/discord/service.go:266.52,268.18 2 5
github.com/engine/server/discord/service.go:268.18,270.3 1 2
github.com/engine/server/discord/service.go:271.2,271.18 1 5
github.com/engine/server/discord/service.go:271.18,273.3 1 1
github.com/engine/server/discord/service.go:274.2,274.17 1 4
github.com/engine/server/discord/service.go:274.17,276.3 1 1
github.com/engine/server/discord/service.go:277.2,277.35 1 3
github.com/engine/server/discord/service.go:280.69,281.52 1 4
github.com/engine/server/discord/service.go:281.52,283.3 1 3
github.com/engine/server/discord/service.go:286.79,287.49 1 17
github.com/engine/server/discord/service.go:287.49,289.3 1 2
github.com/engine/server/discord/service.go:290.2,290.51 1 15
github.com/engine/server/discord/service.go:290.51,292.3 1 1
github.com/engine/server/discord/service.go:293.2,293.35 1 14
github.com/engine/server/discord/service.go:293.35,295.3 1 1
github.com/engine/server/discord/service.go:300.2,303.9 3 13
github.com/engine/server/discord/service.go:303.9,305.3 1 1
github.com/engine/server/discord/service.go:307.2,307.13 1 12
github.com/engine/server/discord/service.go:308.14,309.26 1 1
github.com/engine/server/discord/service.go:310.17,311.34 1 1
github.com/engine/server/discord/service.go:312.18,313.30 1 1
github.com/engine/server/discord/service.go:314.16,315.33 1 1
github.com/engine/server/discord/service.go:316.18,317.35 1 1
github.com/engine/server/discord/service.go:318.20,319.37 1 1
github.com/engine/server/discord/service.go:320.15,321.37 1 1
github.com/engine/server/discord/service.go:322.16,323.38 1 1
github.com/engine/server/discord/service.go:324.13,325.30 1 1
github.com/engine/server/discord/service.go:326.16,327.33 1 1
github.com/engine/server/discord/service.go:328.17,329.34 1 1
github.com/engine/server/discord/service.go:330.10,331.53 1 1
github.com/engine/server/discord/service.go:335.83,336.20 1 8
github.com/engine/server/discord/service.go:336.20,339.3 2 2
github.com/engine/server/discord/service.go:341.2,342.13 2 6
github.com/engine/server/discord/service.go:343.13,344.20 1 2
github.com/engine/server/discord/service.go:344.20,347.4 2 1
github.com/engine/server/discord/service.go:348.3,348.80 1 1
github.com/engine/server/discord/service.go:348.80,350.4 1 1
github.com/engine/server/discord/service.go:351.14,352.30 1 1
github.com/engine/server/discord/service.go:353.16,354.20 1 2
github.com/engine/server/discord/service.go:354.20,357.4 2 1
github.com/engine/server/discord/service.go:358.3,358.63 1 1
github.com/engine/server/discord/service.go:358.63,360.4 1 1
github.com/engine/server/discord/service.go:361.10,362.73 1 1
github.com/engine/server/discord/service.go:366.77,368.17 2 10
github.com/engine/server/discord/service.go:368.17,370.3 1 2
github.com/engine/server/discord/service.go:373.2,374.11 2 8
github.com/engine/server/discord/service.go:374.11,377.22 3 4
github.com/engine/server/discord/service.go:377.22,380.4 2 1
github.com/engine/server/discord/service.go:381.3,382.50 2 4
github.com/engine/server/discord/service.go:382.50,383.56 1 2
github.com/engine/server/discord/service.go:383.56,385.5 1 1
github.com/engine/server/discord/service.go:387.3,387.15 1 3
github.com/engine/server/discord/service.go:390.2,391.56 2 7
github.com/engine/server/discord/service.go:391.56,393.3 1 2
github.com/engine/server/discord/service.go:395.2,398.16 4 5
github.com/engine/server/discord/service.go:398.16,400.3 1 1
github.com/engine/server/discord/service.go:402.2,415.12 8 4
github.com/engine/server/discord/service.go:418.68,420.15 2 5
github.com/engine/server/discord/service.go:420.15,422.3 1 1
github.com/engine/server/discord/service.go:424.2,425.9 2 4
github.com/engine/server/discord/service.go:425.9,427.3 1 3
github.com/engine/server/discord/service.go:429.2,435.12 6 1
github.com/engine/server/discord/service.go:440.72,444.9 4 2
github.com/engine/server/discord/service.go:444.9,446.3 1 1
github.com/engine/server/discord/service.go:447.2,448.32 2 1
github.com/engine/server/discord/service.go:451.50,454.37 3 4
github.com/engine/server/discord/service.go:454.37,456.3 1 2
github.com/engine/server/discord/service.go:457.2,459.24 2 4
github.com/engine/server/discord/service.go:459.24,462.3 2 3
github.com/engine/server/discord/service.go:464.2,464.43 1 1
github.com/engine/server/discord/service.go:464.43,464.97 1 1
github.com/engine/server/discord/service.go:465.2,467.29 3 1
github.com/engine/server/discord/service.go:467.29,469.15 2 2
github.com/engine/server/discord/service.go:469.15,471.4 1 1
github.com/engine/server/discord/service.go:472.3,472.85 1 2
github.com/engine/server/discord/service.go:474.2,474.31 1 1
github.com/engine/server/discord/service.go:477.82,479.9 2 3
github.com/engine/server/discord/service.go:479.9,482.3 2 2
github.com/engine/server/discord/service.go:484.2,496.26 3 1
github.com/engine/server/discord/service.go:499.84,501.9 2 7
github.com/engine/server/discord/service.go:501.9,504.3 2 3
github.com/engine/server/discord/service.go:506.2,507.24 2 4
github.com/engine/server/discord/service.go:507.24,510.3 2 1
github.com/engine/server/discord/service.go:512.2,513.15 2 3
github.com/engine/server/discord/service.go:513.15,515.3 1 1
github.com/engine/server/discord/service.go:516.2,518.29 3 3
github.com/engine/server/discord/service.go:518.29,521.20 3 7
github.com/engine/server/discord/service.go:521.20,523.4 1 6
github.com/engine/server/discord/service.go:524.3,524.25 1 7
github.com/engine/server/discord/service.go:524.25,526.4 1 1
github.com/engine/server/discord/service.go:527.3,527.101 1 7
github.com/engine/server/discord/service.go:529.2,529.33 1 3
github.com/engine/server/discord/service.go:532.86,534.9 2 5
github.com/engine/server/discord/service.go:534.9,537.3 2 3
github.com/engine/server/discord/service.go:539.2,540.37 2 2
github.com/engine/server/discord/service.go:540.37,543.3 2 1
github.com/engine/server/discord/service.go:544.2,545.107 2 1
github.com/engine/server/discord/service.go:548.92,550.9 2 6
github.com/engine/server/discord/service.go:550.9,553.3 2 4
github.com/engine/server/discord/service.go:555.2,562.11 7 2
github.com/engine/server/discord/service.go:562.11,564.3 1 1
github.com/engine/server/discord/service.go:564.8,566.3 1 1
github.com/engine/server/discord/service.go:569.79,570.20 1 11
github.com/engine/server/discord/service.go:570.20,573.3 2 2
github.com/engine/server/discord/service.go:575.2,576.9 2 9
github.com/engine/server/discord/service.go:576.9,579.3 2 1
github.com/engine/server/discord/service.go:580.2,580.37 1 8
github.com/engine/server/discord/service.go:580.37,583.3 2 1
github.com/engine/server/discord/service.go:584.2,584.20 1 7
github.com/engine/server/discord/service.go:584.20,587.3 2 1
github.com/engine/server/discord/service.go:593.2,594.16 2 6
github.com/engine/server/discord/service.go:594.16,597.3 2 1
github.com/engine/server/discord/service.go:598.2,601.25 3 5
github.com/engine/server/discord/service.go:601.25,605.3 3 1
github.com/engine/server/discord/service.go:606.2,610.12 4 4
github.com/engine/server/discord/service.go:610.12,611.16 1 4
github.com/engine/server/discord/service.go:611.16,615.4 3 4
github.com/engine/server/discord/service.go:617.3,628.45 6 4
github.com/engine/server/discord/service.go:628.45,629.49 1 3
github.com/engine/server/discord/service.go:629.49,631.6 1 2
github.com/engine/server/discord/service.go:632.5,634.19 3 1
github.com/engine/server/discord/service.go:636.53,636.54 0 1
github.com/engine/server/discord/service.go:637.61,637.62 0 1
github.com/engine/server/discord/service.go:638.39,638.75 1 1
github.com/engine/server/discord/service.go:639.43,639.44 0 4
github.com/engine/server/discord/service.go:640.78,646.5 5 1
github.com/engine/server/discord/service.go:649.3,649.39 1 4
github.com/engine/server/discord/service.go:649.39,652.4 2 1
github.com/engine/server/discord/service.go:654.3,657.19 4 3
github.com/engine/server/discord/service.go:657.19,659.4 1 2
github.com/engine/server/discord/service.go:661.3,661.72 1 3
github.com/engine/server/discord/service.go:661.72,663.4 1 3
github.com/engine/server/discord/service.go:671.128,672.17 1 10
github.com/engine/server/discord/service.go:672.17,674.3 1 1
github.com/engine/server/discord/service.go:677.2,678.45 2 9
github.com/engine/server/discord/service.go:678.45,681.69 3 7
github.com/engine/server/discord/service.go:681.69,683.4 1 6
github.com/engine/server/discord/service.go:684.3,685.34 2 1
github.com/engine/server/discord/service.go:689.2,691.16 3 2
github.com/engine/server/discord/service.go:691.16,693.3 1 1
github.com/engine/server/discord/service.go:694.2,698.34 3 1
github.com/engine/server/discord/service.go:701.87,707.2 5 2
github.com/engine/server/discord/service.go:709.82,710.20 1 5
github.com/engine/server/discord/service.go:710.20,713.3 2 2
github.com/engine/server/discord/service.go:714.2,716.8 3 3
github.com/engine/server/discord/service.go:716.8,718.3 1 1
github.com/engine/server/discord/service.go:719.2,721.20 3 3
github.com/engine/server/discord/service.go:721.20,724.3 2 2
github.com/engine/server/discord/service.go:725.2,727.25 3 1
github.com/engine/server/discord/service.go:727.25,734.3 1 1
github.com/engine/server/discord/service.go:735.2,735.67 1 1
github.com/engine/server/discord/service.go:738.83,740.20 2 6
github.com/engine/server/discord/service.go:740.20,741.59 1 3
github.com/engine/server/discord/service.go:741.59,743.4 1 2
github.com/engine/server/discord/service.go:745.2,748.17 4 6
github.com/engine/server/discord/service.go:748.17,749.84 1 1
github.com/engine/server/discord/service.go:749.84,751.4 1 1
github.com/engine/server/discord/service.go:753.2,753.69 1 6
github.com/engine/server/discord/service.go:753.69,755.3 1 2
github.com/engine/server/discord/service.go:756.2,757.20 2 6
github.com/engine/server/discord/service.go:757.20,760.3 2 5
github.com/engine/server/discord/service.go:761.2,763.38 3 1
github.com/engine/server/discord/service.go:763.38,770.3 2 1
github.com/engine/server/discord/service.go:771.2,771.67 1 1
github.com/engine/server/discord/service.go:776.61,781.21 5 15
github.com/engine/server/discord/service.go:781.21,784.3 2 15
github.com/engine/server/discord/service.go:785.2,786.74 2 15
github.com/engine/server/discord/service.go:786.74,788.3 1 14
github.com/engine/server/discord/service.go:789.2,800.4 1 15
github.com/engine/server/discord/service.go:803.82,809.21 6 25
github.com/engine/server/discord/service.go:809.21,811.3 1 20
github.com/engine/server/discord/service.go:812.2,821.4 1 25
github.com/engine/server/discord/service.go:827.70,828.55 1 15
github.com/engine/server/discord/service.go:828.55,830.3 1 7
github.com/engine/server/discord/service.go:831.2,831.34 1 8
github.com/engine/server/discord/service.go:831.34,833.3 1 2
github.com/engine/server/discord/service.go:834.2,834.67 1 6
github.com/engine/server/discord/service.go:834.67,837.3 2 2
github.com/engine/server/discord/service.go:838.2,838.51 1 4
github.com/engine/server/discord/service.go:843.73,844.55 1 45
github.com/engine/server/discord/service.go:844.55,846.3 1 20
github.com/engine/server/discord/service.go:847.2,848.29 2 25
github.com/engine/server/discord/service.go:848.29,850.3 1 7
github.com/engine/server/discord/service.go:851.2,851.18 1 18
github.com/engine/server/discord/service.go:851.18,853.3 1 10
github.com/engine/server/discord/service.go:854.2,854.18 1 8
github.com/engine/server/discord/service.go:857.94,858.39 1 43
github.com/engine/server/discord/service.go:858.39,859.75 1 9
github.com/engine/server/discord/service.go:859.75,861.4 1 8
github.com/engine/server/discord/service.go:864.2,864.40 1 35
github.com/engine/server/discord/service.go:864.40,867.38 3 33
github.com/engine/server/discord/service.go:867.38,868.32 1 12
github.com/engine/server/discord/service.go:868.32,870.5 1 7
github.com/engine/server/discord/service.go:873.2,873.15 1 28
github.com/engine/server/discord/service.go:876.43,880.2 1 36
github.com/engine/server/discord/service.go:882.44,885.23 3 9
github.com/engine/server/discord/service.go:885.23,887.3 1 2
github.com/engine/server/discord/service.go:888.2,888.19 1 9
github.com/engine/server/discord/service.go:888.19,890.3 1 2
github.com/engine/server/discord/service.go:891.2,891.40 1 9
github.com/engine/server/discord/service.go:894.48,896.43 2 11
github.com/engine/server/discord/service.go:896.43,897.25 1 15
github.com/engine/server/discord/service.go:897.25,899.4 1 3
github.com/engine/server/discord/service.go:900.3,900.24 1 12
github.com/engine/server/discord/service.go:902.2,902.12 1 8
github.com/engine/server/discord/service.go:902.12,904.3 1 4
github.com/engine/server/discord/service.go:905.2,905.15 1 4
github.com/engine/server/discord/service.go:908.34,910.16 2 7
github.com/engine/server/discord/service.go:910.16,912.3 1 2
github.com/engine/server/discord/service.go:913.2,913.32 1 5
github.com/engine/server/discord/service.go:916.49,917.35 1 9
github.com/engine/server/discord/service.go:917.35,918.25 1 5
github.com/engine/server/discord/service.go:918.25,920.4 1 3
github.com/engine/server/discord/service.go:921.3,921.16 1 2
github.com/engine/server/discord/service.go:923.2,923.13 1 4
github.com/engine/server/discord/service.go:926.41,927.31 1 13
github.com/engine/server/discord/service.go:927.31,929.3 1 11
github.com/engine/server/discord/service.go:930.2,930.29 1 2
github.com/engine/server/discord/service.go:933.100,934.55 1 34
github.com/engine/server/discord/service.go:934.55,936.3 1 13
github.com/engine/server/discord/service.go:937.2,937.20 1 21
github.com/engine/server/discord/service.go:937.20,939.3 1 20
github.com/engine/server/discord/service.go:940.2,941.14 2 1
github.com/engine/server/discord/service.go:944.100,945.55 1 13
github.com/engine/server/discord/service.go:945.55,947.3 1 9
github.com/engine/server/discord/service.go:948.2,948.19 1 4
github.com/engine/server/discord/service.go:948.19,950.3 1 2
github.com/engine/server/discord/service.go:951.2,952.9 2 2
github.com/engine/server/discord/service.go:952.9,954.3 1 1
github.com/engine/server/discord/service.go:955.2,955.45 1 1
github.com/engine/server/discord/service.go:958.84,959.40 1 56
github.com/engine/server/discord/service.go:959.40,961.3 1 2
github.com/engine/server/discord/service.go:963.2,965.37 3 54
github.com/engine/server/discord/service.go:965.37,966.31 1 31
github.com/engine/server/discord/service.go:966.31,968.4 1 18
github.com/engine/server/discord/service.go:971.2,971.17 1 36
github.com/engine/server/discord/service.go:971.17,973.3 1 27
github.com/engine/server/discord/service.go:975.2,976.69 2 9
github.com/engine/server/discord/service.go:976.69,978.3 1 1
github.com/engine/server/discord/service.go:979.2,979.37 1 8
github.com/engine/server/discord/service.go:979.37,980.33 1 7
github.com/engine/server/discord/service.go:980.33,982.4 1 7
github.com/engine/server/discord/service.go:984.2,984.32 1 1
github.com/engine/server/discord/service.go:987.82,991.40 4 13
github.com/engine/server/discord/service.go:991.40,992.120 1 8
github.com/engine/server/discord/service.go:992.120,994.4 1 7
github.com/engine/server/discord/service.go:996.2,996.36 1 6
github.com/engine/server/discord/service.go:999.58,1003.22 4 10
github.com/engine/server/discord/service.go:1003.22,1004.53 1 2
github.com/engine/server/discord/service.go:1004.53,1006.4 1 1
github.com/engine/server/discord/service.go:1009.2,1010.16 2 9
github.com/engine/server/discord/service.go:1010.16,1012.3 1 4
github.com/engine/server/discord/service.go:1013.2,1013.30 1 5
github.com/engine/server/discord/service.go:1013.30,1014.87 1 1
github.com/engine/server/discord/service.go:1014.87,1020.4 5 1
github.com/engine/server/discord/service.go:1023.2,1024.16 2 4
github.com/engine/server/discord/service.go:1024.16,1026.3 1 1
github.com/engine/server/discord/service.go:1027.2,1032.19 6 3
github.com/engine/server/discord/service.go:1035.81,1037.16 2 10
github.com/engine/server/discord/service.go:1037.16,1039.3 1 1
github.com/engine/server/discord/service.go:1040.2,1040.30 1 9
github.com/engine/server/discord/service.go:1040.30,1041.67 1 3
github.com/engine/server/discord/service.go:1041.67,1043.4 1 2
github.com/engine/server/discord/service.go:1045.2,1045.85 1 7
github.com/engine/server/discord/service.go:1048.47,1049.55 1 77
github.com/engine/server/discord/service.go:1049.55,1051.3 1 54
github.com/engine/server/discord/service.go:1052.2,1052.34 1 23
github.com/engine/server/discord/service.go:1052.34,1054.3 1 2
github.com/engine/server/discord/service.go:1055.2,1055.67 1 21
github.com/engine/server/discord/service.go:1055.67,1058.3 2 2
github.com/engine/server/discord/service.go:1059.2,1059.49 1 19
github.com/engine/server/discord/service.go:1062.46,1080.2 2 1
github.com/engine/server/discord/service.go:1082.38,1084.2 1 30
github.com/engine/server/discord/service.go:1086.37,1089.16 3 16
github.com/engine/server/discord/service.go:1089.16,1090.25 1 10
github.com/engine/server/discord/service.go:1090.25,1092.4 1 9
github.com/engine/server/discord/service.go:1093.3,1093.51 1 1
github.com/engine/server/discord/service.go:1095.2,1096.50 2 6
github.com/engine/server/discord/service.go:1096.50,1098.3 1 4
github.com/engine/server/discord/service.go:1099.2,1099.24 1 2
github.com/engine/server/discord/service.go:1099.24,1101.3 1 1
github.com/engine/server/discord/service.go:1102.2,1103.12 2 2
github.com/engine/server/discord/service.go:1106.37,1111.2 4 13
github.com/engine/server/discord/service.go:1113.53,1116.2 2 18
github.com/engine/server/discord/service.go:1118.56,1120.37 2 2
github.com/engine/server/discord/service.go:1120.37,1122.3 1 1
github.com/engine/server/discord/service.go:1123.2,1126.16 4 1
github.com/engine/server/discord/service.go:1129.75,1131.16 2 21
github.com/engine/server/discord/service.go:1131.16,1133.3 1 2
github.com/engine/server/discord/service.go:1134.2,1134.38 1 19
github.com/engine/server/discord/service.go:1134.38,1136.3 1 3
github.com/engine/server/discord/service.go:1137.2,1138.16 2 16
github.com/engine/server/discord/service.go:1138.16,1140.3 1 1
github.com/engine/server/discord/service.go:1141.2,1144.20 4 15
github.com/engine/server/discord/service.go:1144.20,1146.3 1 4
github.com/engine/server/discord/service.go:1147.2,1147.24 1 15
github.com/engine/server/discord/service.go:1150.31,1152.17 2 19
github.com/engine/server/discord/service.go:1152.17,1154.3 1 2
github.com/engine/server/discord/service.go:1155.2,1157.26 3 17
github.com/engine/server/discord/service.go:1157.26,1160.23 3 186
github.com/engine/server/discord/service.go:1160.23,1163.12 3 157
github.com/engine/server/discord/service.go:1165.3,1165.16 1 29
github.com/engine/server/discord/service.go:1165.16,1168.4 2 19
github.com/engine/server/discord/service.go:1170.2,1171.18 2 17
github.com/engine/server/discord/service.go:1171.18,1173.3 1 1
github.com/engine/server/discord/service.go:1174.2,1174.15 1 16
github.com/engine/server/discord/service.go:1177.53,1179.19 2 6
github.com/engine/server/discord/service.go:1179.19,1181.3 1 1
github.com/engine/server/discord/service.go:1182.2,1182.25 1 5
github.com/engine/server/discord/service.go:1182.25,1184.3 1 3
github.com/engine/server/discord/service.go:1186.2,1188.22 3 2
github.com/engine/server/discord/service.go:1188.22,1190.18 2 3
github.com/engine/server/discord/service.go:1190.18,1192.4 1 1
github.com/engine/server/discord/service.go:1193.3,1194.39 2 3
github.com/engine/server/discord/service.go:1196.2,1196.16 1 2
github.com/engine/server/discord/service.go:1196.16,1198.3 1 2
github.com/engine/server/discord/service.go:1199.2,1199.14 1 2
github.com/engine/server/discord/service.go:1202.46,1204.2 1 3
github.com/engine/server/discord/service.go:1206.53,1208.30 2 6
github.com/engine/server/discord/service.go:1208.30,1210.14 2 13
github.com/engine/server/discord/service.go:1210.14,1212.4 1 13
github.com/engine/server/discord/service.go:1214.2,1214.15 1 6
github.com/engine/server/discord/service.go:1217.42,1218.82 1 41
github.com/engine/server/discord/service.go:1218.82,1220.3 1 7
github.com/engine/server/discord/service.go:1221.2,1221.42 1 34
github.com/engine/server/discord/service.go:1221.42,1223.3 1 33
github.com/engine/server/discord/service.go:1224.2,1225.43 2 1
github.com/engine/server/discord/service.go:1228.32,1230.22 2 11
github.com/engine/server/discord/service.go:1230.22,1232.3 1 9
github.com/engine/server/discord/service.go:1233.2,1233.19 1 2
github.com/engine/server/discord/service.go:1236.49,1237.15 1 5
github.com/engine/server/discord/service.go:1237.15,1239.3 1 2
github.com/engine/server/discord/service.go:1240.2,1240.10 1 3
github.com/engine/server/discord/service.go:1256.45,1258.19 2 5
github.com/engine/server/discord/service.go:1258.19,1260.3 1 1
github.com/engine/server/discord/service.go:1261.2,1265.3 1 4
github.com/engine/server/discord/service.go:1271.44,1277.18 2 10
github.com/engine/server/discord/service.go:1277.18,1281.3 3 2
github.com/engine/server/discord/service.go:1282.2,1282.43 1 8
github.com/engine/server/discord/service.go:1282.43,1284.3 1 1
github.com/engine/server/discord/service.go:1285.2,1285.42 1 8
github.com/engine/server/discord/service.go:1285.42,1287.3 1 1
github.com/engine/server/discord/service.go:1288.2,1288.32 1 8
github.com/engine/server/discord/service.go:1288.32,1290.3 1 1
github.com/engine/server/discord/service.go:1291.2,1291.28 1 8
github.com/engine/server/discord/service.go:1291.28,1293.3 1 1
github.com/engine/server/discord/service.go:1295.2,1301.34 3 7
github.com/engine/server/discord/service.go:1301.34,1304.3 2 4
github.com/engine/server/discord/service.go:1305.2,1307.45 2 3
github.com/engine/server/discord/service.go:1307.45,1310.3 2 3
github.com/engine/server/discord/service.go:1312.2,1313.16 2 3
github.com/engine/server/discord/service.go:1313.16,1316.3 2 1
github.com/engine/server/discord/service.go:1317.2,1320.39 2 2
github.com/engine/server/discord/service.go:1320.39,1321.64 1 3
github.com/engine/server/discord/service.go:1321.64,1323.4 1 1
github.com/engine/server/discord/service.go:1326.2,1327.15 2 2
github.com/engine/server/discord/service.go:1332.44,1335.17 3 3
github.com/engine/server/discord/service.go:1335.17,1336.39 1 2
github.com/engine/server/discord/service.go:1336.39,1338.4 1 1
github.com/engine/server/discord/service.go:1339.3,1339.19 1 1
github.com/engine/server/discord/service.go:1341.2,1341.12 1 1
github.com/engine/server/discord/service.go:1346.109,1348.2 1 1
github.com/engine/server/discord/service.go:1352.110,1354.2 1 1
github.com/engine/server/discord/service.go:1357.42,1359.2 1 1
github.com/engine/server/discord/service.go:1363.56,1367.35 4 4
github.com/engine/server/discord/service.go:1367.35,1369.3 1 1
github.com/engine/server/discord/service.go:1370.2,1382.39 5 4
