mode: atomic
github.com/engine/server/terminal/manager.go:32.28,34.2 1 5
github.com/engine/server/terminal/manager.go:37.97,39.17 2 0
github.com/engine/server/terminal/manager.go:39.17,41.3 1 0
github.com/engine/server/terminal/manager.go:42.2,42.42 1 0
github.com/engine/server/terminal/manager.go:42.42,44.3 1 0
github.com/engine/server/terminal/manager.go:48.2,56.16 5 0
github.com/engine/server/terminal/manager.go:56.16,58.3 1 0
github.com/engine/server/terminal/manager.go:60.2,76.15 6 0
github.com/engine/server/terminal/manager.go:79.31,81.6 2 0
github.com/engine/server/terminal/manager.go:81.6,83.31 2 0
github.com/engine/server/terminal/manager.go:83.31,85.4 1 0
github.com/engine/server/terminal/manager.go:86.3,86.17 1 0
github.com/engine/server/terminal/manager.go:86.17,87.9 1 0
github.com/engine/server/terminal/manager.go:90.2,90.19 1 0
github.com/engine/server/terminal/manager.go:90.19,91.22 1 0
github.com/engine/server/terminal/manager.go:91.22,93.4 1 0
github.com/engine/server/terminal/manager.go:98.42,102.8 4 1
github.com/engine/server/terminal/manager.go:102.8,104.3 1 0
github.com/engine/server/terminal/manager.go:108.56,112.8 4 1
github.com/engine/server/terminal/manager.go:112.8,114.3 1 0
github.com/engine/server/terminal/manager.go:118.35,121.8 3 1
github.com/engine/server/terminal/manager.go:121.8,123.3 1 0
github.com/engine/server/terminal/manager.go:124.2,126.8 2 1
github.com/engine/server/terminal/manager.go:126.8,127.20 1 0
github.com/engine/server/terminal/manager.go:127.20,130.23 3 0
github.com/engine/server/terminal/manager.go:130.23,132.5 1 0
github.com/engine/server/terminal/manager.go:138.29,141.30 3 1
github.com/engine/server/terminal/manager.go:141.30,143.3 1 0
github.com/engine/server/terminal/manager.go:144.2,145.25 2 1
github.com/engine/server/terminal/manager.go:145.25,147.3 1 0
github.com/engine/server/github/github.go:53.53,55.17 2 2
github.com/engine/server/github/github.go:55.17,57.3 1 1
github.com/engine/server/github/github.go:58.2,63.8 1 1
github.com/engine/server/github/github.go:67.60,74.2 1 1
github.com/engine/server/github/github.go:77.77,80.21 2 2
github.com/engine/server/github/github.go:80.21,82.3 1 1
github.com/engine/server/github/github.go:84.2,85.16 2 2
github.com/engine/server/github/github.go:85.16,87.3 1 0
github.com/engine/server/github/github.go:89.2,90.54 2 2
github.com/engine/server/github/github.go:90.54,92.3 1 0
github.com/engine/server/github/github.go:93.2,93.20 1 2
github.com/engine/server/github/github.go:97.55,100.16 3 2
github.com/engine/server/github/github.go:100.16,102.3 1 1
github.com/engine/server/github/github.go:104.2,105.53 2 1
github.com/engine/server/github/github.go:105.53,107.3 1 0
github.com/engine/server/github/github.go:108.2,108.20 1 1
github.com/engine/server/github/github.go:112.83,117.21 2 2
github.com/engine/server/github/github.go:117.21,119.3 1 1
github.com/engine/server/github/github.go:121.2,125.16 2 2
github.com/engine/server/github/github.go:125.16,127.3 1 0
github.com/engine/server/github/github.go:129.2,130.57 2 2
github.com/engine/server/github/github.go:130.57,132.3 1 0
github.com/engine/server/github/github.go:133.2,133.20 1 2
github.com/engine/server/github/github.go:137.72,143.16 3 2
github.com/engine/server/github/github.go:143.16,145.3 1 0
github.com/engine/server/github/github.go:147.2,148.59 2 2
github.com/engine/server/github/github.go:148.59,150.3 1 0
github.com/engine/server/github/github.go:151.2,151.22 1 2
github.com/engine/server/github/github.go:155.63,156.19 1 2
github.com/engine/server/github/github.go:156.19,157.58 1 1
github.com/engine/server/github/github.go:157.58,159.4 1 0
github.com/engine/server/github/github.go:162.2,167.16 3 2
github.com/engine/server/github/github.go:167.16,169.3 1 0
github.com/engine/server/github/github.go:170.2,170.12 1 2
github.com/engine/server/github/github.go:174.90,179.16 2 1
github.com/engine/server/github/github.go:179.16,181.3 1 0
github.com/engine/server/github/github.go:183.2,184.57 2 1
github.com/engine/server/github/github.go:184.57,186.3 1 0
github.com/engine/server/github/github.go:187.2,187.20 1 1
github.com/engine/server/github/github.go:192.52,194.16 2 4
github.com/engine/server/github/github.go:194.16,196.3 1 0
github.com/engine/server/github/github.go:197.2,197.25 1 4
github.com/engine/server/github/github.go:200.74,202.16 2 4
github.com/engine/server/github/github.go:202.16,204.3 1 0
github.com/engine/server/github/github.go:205.2,206.16 2 4
github.com/engine/server/github/github.go:206.16,208.3 1 0
github.com/engine/server/github/github.go:209.2,209.25 1 4
github.com/engine/server/github/github.go:212.75,214.16 2 3
github.com/engine/server/github/github.go:214.16,216.3 1 0
github.com/engine/server/github/github.go:217.2,218.16 2 3
github.com/engine/server/github/github.go:218.16,220.3 1 0
github.com/engine/server/github/github.go:221.2,221.25 1 3
github.com/engine/server/github/github.go:224.63,228.25 4 11
github.com/engine/server/github/github.go:228.25,230.3 1 7
github.com/engine/server/github/github.go:232.2,233.16 2 11
github.com/engine/server/github/github.go:233.16,235.3 1 0
github.com/engine/server/github/github.go:236.2,239.16 3 11
github.com/engine/server/github/github.go:239.16,241.3 1 0
github.com/engine/server/github/github.go:243.2,243.53 1 11
github.com/engine/server/github/github.go:243.53,246.3 1 1
github.com/engine/server/github/github.go:247.2,247.18 1 10
github.com/engine/server/github/monitor.go:38.36,42.2 1 11
github.com/engine/server/github/monitor.go:45.52,56.9 4 10
github.com/engine/server/github/monitor.go:57.32,57.32 0 9
github.com/engine/server/github/monitor.go:58.10,58.10 0 1
github.com/engine/server/github/monitor.go:64.50,65.12 1 8
github.com/engine/server/github/monitor.go:65.12,68.7 3 8
github.com/engine/server/github/monitor.go:68.7,69.11 1 16
github.com/engine/server/github/monitor.go:70.22,71.11 1 8
github.com/engine/server/github/monitor.go:72.22,73.16 1 8
github.com/engine/server/github/monitor.go:74.20,75.16 1 0
github.com/engine/server/github/monitor.go:82.33,88.29 5 8
github.com/engine/server/github/monitor.go:88.29,91.3 2 8
github.com/engine/server/github/monitor.go:95.52,96.34 1 8
github.com/engine/server/github/monitor.go:97.14,99.17 2 3
github.com/engine/server/github/monitor.go:99.17,102.4 2 1
github.com/engine/server/github/monitor.go:103.3,103.51 1 2
github.com/engine/server/github/monitor.go:103.51,105.4 1 1
github.com/engine/server/github/monitor.go:107.22,109.17 2 3
github.com/engine/server/github/monitor.go:109.17,112.4 2 1
github.com/engine/server/github/monitor.go:113.3,115.25 1 2
github.com/engine/server/github/monitor.go:115.25,117.4 1 1
github.com/engine/server/github/monitor.go:119.23,120.30 1 1
github.com/engine/server/github/monitor.go:120.30,122.4 1 1
github.com/engine/server/github/monitor.go:124.10,126.85 1 1
github.com/engine/server/github/oauth.go:48.76,49.18 1 0
github.com/engine/server/github/oauth.go:49.18,51.3 1 0
github.com/engine/server/github/oauth.go:53.2,57.16 2 0
github.com/engine/server/github/oauth.go:57.16,59.3 1 0
github.com/engine/server/github/oauth.go:60.2,65.16 4 0
github.com/engine/server/github/oauth.go:65.16,67.3 1 0
github.com/engine/server/github/oauth.go:69.2,74.25 2 0
github.com/engine/server/github/oauth.go:74.25,76.73 1 0
github.com/engine/server/github/oauth.go:76.73,78.4 1 0
github.com/engine/server/github/oauth.go:80.2,80.58 1 0
github.com/engine/server/github/oauth.go:80.58,82.3 1 0
github.com/engine/server/github/oauth.go:83.2,83.54 1 0
github.com/engine/server/github/oauth.go:83.54,85.3 1 0
github.com/engine/server/github/oauth.go:86.2,86.23 1 0
github.com/engine/server/github/oauth.go:86.23,88.3 1 0
github.com/engine/server/github/oauth.go:89.2,89.22 1 0
github.com/engine/server/github/oauth.go:89.22,91.3 1 0
github.com/engine/server/github/oauth.go:92.2,92.16 1 0
github.com/engine/server/github/oauth.go:103.108,107.34 3 0
github.com/engine/server/github/oauth.go:107.34,115.17 3 0
github.com/engine/server/github/oauth.go:115.17,116.23 1 0
github.com/engine/server/github/oauth.go:116.23,118.5 1 0
github.com/engine/server/github/oauth.go:119.4,119.12 1 0
github.com/engine/server/github/oauth.go:122.3,135.20 5 0
github.com/engine/server/github/oauth.go:136.11,137.29 1 0
github.com/engine/server/github/oauth.go:137.29,139.5 1 0
github.com/engine/server/github/oauth.go:140.32,141.23 1 0
github.com/engine/server/github/oauth.go:141.23,143.5 1 0
github.com/engine/server/github/oauth.go:144.20,146.23 2 0
github.com/engine/server/github/oauth.go:146.23,148.5 1 0
github.com/engine/server/github/oauth.go:149.24,150.23 1 0
github.com/engine/server/github/oauth.go:150.23,152.5 1 0
github.com/engine/server/github/oauth.go:153.4,153.49 1 0
github.com/engine/server/github/oauth.go:154.24,155.48 1 0
github.com/engine/server/github/oauth.go:156.11,157.23 1 0
github.com/engine/server/github/oauth.go:157.23,159.5 1 0
github.com/engine/server/github/oauth.go:163.2,163.57 1 0
github.com/engine/server/github/oauth.go:168.57,176.16 7 0
github.com/engine/server/github/oauth.go:176.16,178.3 1 0
github.com/engine/server/github/oauth.go:179.2,181.38 2 0
github.com/engine/server/github/oauth.go:181.38,183.3 1 0
github.com/engine/server/github/oauth.go:185.2,188.65 2 0
github.com/engine/server/github/oauth.go:188.65,190.3 1 0
github.com/engine/server/github/oauth.go:191.2,191.24 1 0
github.com/engine/server/github/oauth.go:197.62,207.16 8 0
github.com/engine/server/github/oauth.go:207.16,209.3 1 0
github.com/engine/server/github/oauth.go:210.2,211.81 2 0
github.com/engine/server/github/oauth.go:211.81,213.3 1 0
github.com/engine/server/github/oauth.go:214.2,214.12 1 0
github.com/engine/server/github/webhook.go:38.57,40.2 1 6
github.com/engine/server/github/webhook.go:43.57,45.2 1 3
github.com/engine/server/github/webhook.go:49.78,50.33 1 6
github.com/engine/server/github/webhook.go:50.33,53.3 2 1
github.com/engine/server/github/webhook.go:55.2,56.16 2 5
github.com/engine/server/github/webhook.go:56.16,59.3 2 0
github.com/engine/server/github/webhook.go:61.2,61.24 1 5
github.com/engine/server/github/webhook.go:61.24,63.36 2 4
github.com/engine/server/github/webhook.go:63.36,66.4 2 3
github.com/engine/server/github/webhook.go:69.2,75.32 2 2
github.com/engine/server/github/webhook.go:75.32,77.3 1 2
github.com/engine/server/github/webhook.go:79.2,79.37 1 2
github.com/engine/server/github/webhook.go:84.73,85.40 1 4
github.com/engine/server/github/webhook.go:85.40,87.3 1 1
github.com/engine/server/github/webhook.go:88.2,90.16 3 3
github.com/engine/server/github/webhook.go:90.16,92.3 1 1
github.com/engine/server/github/webhook.go:94.2,97.39 4 2
github.com/engine/server/github/webhook.go:145.55,147.54 2 7
github.com/engine/server/github/webhook.go:147.54,149.3 1 2
github.com/engine/server/github/webhook.go:150.2,150.16 1 5
github.com/engine/server/github/webhook.go:154.71,156.54 2 2
github.com/engine/server/github/webhook.go:156.54,158.3 1 1
github.com/engine/server/github/webhook.go:159.2,159.16 1 1
github.com/engine/server/github/webhook.go:163.69,165.54 2 5
github.com/engine/server/github/webhook.go:165.54,167.3 1 2
github.com/engine/server/github/webhook.go:168.2,168.16 1 3
github.com/engine/server/github/webhook.go:172.44,173.37 1 5
github.com/engine/server/github/webhook.go:173.37,174.27 1 8
github.com/engine/server/github/webhook.go:174.27,176.70 2 5
github.com/engine/server/github/webhook.go:176.70,178.5 1 3
github.com/engine/server/github/webhook.go:180.3,180.15 1 5
github.com/engine/server/github/webhook.go:182.2,182.30 1 5
github.com/engine/server/github/webhook.go:182.30,183.42 1 5
github.com/engine/server/github/webhook.go:183.42,185.4 1 3
github.com/engine/server/github/webhook.go:187.2,187.14 1 2
github.com/engine/server/workspace/tasks.go:29.39,30.16 1 12
github.com/engine/server/workspace/tasks.go:30.16,32.3 1 1
github.com/engine/server/workspace/tasks.go:34.2,34.71 1 11
github.com/engine/server/workspace/tasks.go:34.71,36.3 1 6
github.com/engine/server/workspace/tasks.go:37.2,37.69 1 5
github.com/engine/server/workspace/tasks.go:37.69,39.3 1 1
github.com/engine/server/workspace/tasks.go:40.2,40.60 1 4
github.com/engine/server/workspace/tasks.go:40.60,42.3 1 1
github.com/engine/server/workspace/tasks.go:43.2,43.33 1 3
github.com/engine/server/workspace/tasks.go:46.50,49.16 3 11
github.com/engine/server/workspace/tasks.go:49.16,51.3 1 3
github.com/engine/server/workspace/tasks.go:53.2,54.76 2 8
github.com/engine/server/workspace/tasks.go:54.76,56.3 1 2
github.com/engine/server/workspace/tasks.go:58.2,61.59 4 6
github.com/engine/server/workspace/tasks.go:61.59,63.59 2 72
github.com/engine/server/workspace/tasks.go:63.59,65.4 1 57
github.com/engine/server/workspace/tasks.go:66.3,74.5 2 15
github.com/engine/server/workspace/tasks.go:77.2,114.35 5 6
github.com/engine/server/workspace/tasks.go:114.35,116.3 1 30
github.com/engine/server/workspace/tasks.go:117.2,117.37 1 6
github.com/engine/server/workspace/tasks.go:117.37,119.3 1 18
github.com/engine/server/workspace/tasks.go:120.2,120.37 1 6
github.com/engine/server/workspace/tasks.go:120.37,122.3 1 12
github.com/engine/server/workspace/tasks.go:123.2,123.36 1 6
github.com/engine/server/workspace/tasks.go:123.36,125.3 1 12
github.com/engine/server/workspace/tasks.go:127.2,134.3 3 6
github.com/engine/server/workspace/tasks.go:137.44,138.70 1 5
github.com/engine/server/workspace/tasks.go:138.70,140.3 1 4
github.com/engine/server/workspace/tasks.go:142.2,173.3 2 1
github.com/engine/server/workspace/tasks.go:176.41,177.66 1 4
github.com/engine/server/workspace/tasks.go:177.66,179.3 1 3
github.com/engine/server/workspace/tasks.go:181.2,212.3 2 1
github.com/engine/server/workspace/tasks.go:215.47,216.9 1 6
github.com/engine/server/workspace/tasks.go:217.57,218.16 1 1
github.com/engine/server/workspace/tasks.go:219.52,220.16 1 1
github.com/engine/server/workspace/tasks.go:221.99,222.15 1 2
github.com/engine/server/workspace/tasks.go:223.10,224.15 1 2
github.com/engine/server/workspace/tasks.go:228.66,229.24 1 15
github.com/engine/server/workspace/tasks.go:230.14,231.26 1 1
github.com/engine/server/workspace/tasks.go:232.14,233.26 1 1
github.com/engine/server/workspace/tasks.go:234.13,235.29 1 2
github.com/engine/server/workspace/tasks.go:236.10,237.29 1 11
github.com/engine/server/workspace/tasks.go:241.52,242.29 1 12
github.com/engine/server/workspace/tasks.go:242.29,243.24 1 16
github.com/engine/server/workspace/tasks.go:243.24,245.4 1 8
github.com/engine/server/workspace/tasks.go:247.2,247.11 1 4
github.com/engine/server/workspace/tasks.go:250.35,253.2 2 18
github.com/engine/server/vpn/identity.go:19.66,23.51 3 20
github.com/engine/server/vpn/identity.go:23.51,25.65 2 1
github.com/engine/server/vpn/identity.go:25.65,29.4 3 1
github.com/engine/server/vpn/identity.go:32.2,33.16 2 19
github.com/engine/server/vpn/identity.go:33.16,35.3 1 0
github.com/engine/server/vpn/identity.go:37.2,38.60 2 19
github.com/engine/server/vpn/identity.go:38.60,40.3 1 0
github.com/engine/server/vpn/identity.go:42.2,43.60 2 19
github.com/engine/server/vpn/identity.go:43.60,45.3 1 0
github.com/engine/server/vpn/identity.go:47.2,47.57 1 19
github.com/engine/server/vpn/trust.go:29.61,34.16 4 24
github.com/engine/server/vpn/trust.go:34.16,35.62 1 1
github.com/engine/server/vpn/trust.go:35.62,37.4 1 0
github.com/engine/server/vpn/trust.go:40.2,40.19 1 24
github.com/engine/server/vpn/trust.go:44.82,55.2 4 7
github.com/engine/server/vpn/trust.go:58.53,63.31 4 3
github.com/engine/server/vpn/trust.go:63.31,64.17 1 1
github.com/engine/server/vpn/trust.go:64.17,66.4 1 0
github.com/engine/server/vpn/trust.go:68.2,70.18 2 3
github.com/engine/server/vpn/trust.go:74.64,79.31 4 3
github.com/engine/server/vpn/trust.go:79.31,80.28 1 1
github.com/engine/server/vpn/trust.go:80.28,82.4 1 1
github.com/engine/server/vpn/trust.go:84.2,84.14 1 2
github.com/engine/server/vpn/trust.go:88.46,95.2 5 4
github.com/engine/server/vpn/trust.go:97.36,99.16 2 10
github.com/engine/server/vpn/trust.go:99.16,101.3 1 0
github.com/engine/server/vpn/trust.go:102.2,102.42 1 10
github.com/engine/server/vpn/tunnel.go:26.29,33.2 2 1
github.com/engine/server/vpn/tunnel.go:45.45,46.59 1 16
github.com/engine/server/vpn/tunnel.go:46.59,48.3 1 0
github.com/engine/server/vpn/tunnel.go:50.2,51.16 2 16
github.com/engine/server/vpn/tunnel.go:51.16,53.3 1 0
github.com/engine/server/vpn/tunnel.go:55.2,56.16 2 16
github.com/engine/server/vpn/tunnel.go:56.16,58.3 1 0
github.com/engine/server/vpn/tunnel.go:60.2,61.16 2 16
github.com/engine/server/vpn/tunnel.go:61.16,63.3 1 0
github.com/engine/server/vpn/tunnel.go:65.2,71.8 1 16
github.com/engine/server/vpn/tunnel.go:75.81,86.82 4 15
github.com/engine/server/vpn/tunnel.go:86.82,91.3 2 1
github.com/engine/server/vpn/tunnel.go:94.2,97.73 2 15
github.com/engine/server/vpn/tunnel.go:97.73,103.3 2 1
github.com/engine/server/vpn/tunnel.go:106.72,107.33 1 7
github.com/engine/server/vpn/tunnel.go:107.33,110.3 2 1
github.com/engine/server/vpn/tunnel.go:112.2,117.61 2 6
github.com/engine/server/vpn/tunnel.go:117.61,120.3 2 1
github.com/engine/server/vpn/tunnel.go:122.2,122.39 1 5
github.com/engine/server/vpn/tunnel.go:122.39,129.3 3 1
github.com/engine/server/vpn/tunnel.go:131.2,132.61 2 4
github.com/engine/server/vpn/tunnel.go:132.61,135.3 2 2
github.com/engine/server/vpn/tunnel.go:137.2,139.22 3 2
github.com/engine/server/vpn/tunnel.go:139.22,141.3 1 1
github.com/engine/server/vpn/tunnel.go:143.2,143.96 1 2
github.com/engine/server/vpn/tunnel.go:143.96,146.3 2 0
github.com/engine/server/vpn/tunnel.go:148.2,149.16 2 2
github.com/engine/server/vpn/tunnel.go:149.16,152.3 2 0
github.com/engine/server/vpn/tunnel.go:154.2,163.4 3 2
github.com/engine/server/vpn/tunnel.go:166.72,172.2 3 1
github.com/engine/server/vpn/tunnel.go:174.71,175.33 1 3
github.com/engine/server/vpn/tunnel.go:175.33,178.3 2 1
github.com/engine/server/vpn/tunnel.go:180.2,183.61 2 2
github.com/engine/server/vpn/tunnel.go:183.61,186.3 2 1
github.com/engine/server/vpn/tunnel.go:188.2,188.59 1 1
github.com/engine/server/vpn/tunnel.go:188.59,191.3 2 0
github.com/engine/server/vpn/tunnel.go:193.2,198.63 4 1
github.com/engine/server/vpn/tunnel.go:202.62,204.16 2 0
github.com/engine/server/vpn/tunnel.go:204.16,206.3 1 0
github.com/engine/server/vpn/tunnel.go:208.2,209.16 2 0
github.com/engine/server/vpn/tunnel.go:209.16,211.3 1 0
github.com/engine/server/vpn/tunnel.go:213.2,227.12 8 0
github.com/engine/server/vpn/tunnel.go:227.12,228.7 1 0
github.com/engine/server/vpn/tunnel.go:228.7,231.4 2 0
github.com/engine/server/vpn/tunnel.go:234.2,234.41 1 0
github.com/engine/server/vpn/tunnel.go:237.26,239.16 2 1
github.com/engine/server/vpn/tunnel.go:239.16,241.3 1 0
github.com/engine/server/vpn/tunnel.go:242.2,242.29 1 1
github.com/engine/server/vpn/tunnel.go:242.29,243.92 1 9
github.com/engine/server/vpn/tunnel.go:243.92,245.4 1 1
github.com/engine/server/vpn/tunnel.go:247.2,247.20 1 0
github.com/engine/server/db/attention_residuals.go:18.66,19.25 1 3
github.com/engine/server/db/attention_residuals.go:19.25,21.3 1 2
github.com/engine/server/db/attention_residuals.go:23.2,24.16 2 1
github.com/engine/server/db/attention_residuals.go:24.16,26.3 1 0
github.com/engine/server/db/attention_residuals.go:27.2,34.16 3 1
github.com/engine/server/db/attention_residuals.go:34.16,36.3 1 0
github.com/engine/server/db/attention_residuals.go:37.2,39.37 2 1
github.com/engine/server/db/attention_residuals.go:39.37,41.22 2 1
github.com/engine/server/db/attention_residuals.go:41.22,43.4 1 1
github.com/engine/server/db/attention_residuals.go:44.3,56.17 1 1
github.com/engine/server/db/attention_residuals.go:56.17,58.4 1 0
github.com/engine/server/db/attention_residuals.go:61.2,61.20 1 1
github.com/engine/server/db/attention_residuals.go:64.95,65.16 1 2
github.com/engine/server/db/attention_residuals.go:65.16,67.3 1 1
github.com/engine/server/db/attention_residuals.go:69.2,89.16 2 2
github.com/engine/server/db/attention_residuals.go:89.16,91.3 1 0
github.com/engine/server/db/attention_residuals.go:92.2,95.18 3 2
github.com/engine/server/db/attention_residuals.go:95.18,110.17 2 1
github.com/engine/server/db/attention_residuals.go:110.17,112.4 1 0
github.com/engine/server/db/attention_residuals.go:113.3,113.42 1 1
github.com/engine/server/db/attention_residuals.go:115.2,115.22 1 2
github.com/engine/server/db/attention_residuals.go:115.22,117.3 1 0
github.com/engine/server/db/attention_residuals.go:118.2,118.23 1 2
github.com/engine/server/db/db.go:16.42,17.63 1 43
github.com/engine/server/db/db.go:17.63,19.3 1 41
github.com/engine/server/db/db.go:20.2,20.73 1 2
github.com/engine/server/db/db.go:20.73,22.3 1 1
github.com/engine/server/db/db.go:23.2,23.67 1 1
github.com/engine/server/db/db.go:23.67,25.3 1 0
github.com/engine/server/db/db.go:26.2,26.23 1 1
github.com/engine/server/db/db.go:26.23,28.3 1 1
github.com/engine/server/db/db.go:29.2,29.38 1 0
github.com/engine/server/db/db.go:33.37,34.21 1 41
github.com/engine/server/db/db.go:34.21,35.42 1 1
github.com/engine/server/db/db.go:35.42,37.4 1 0
github.com/engine/server/db/db.go:38.3,38.17 1 1
github.com/engine/server/db/db.go:41.2,42.47 2 41
github.com/engine/server/db/db.go:42.47,44.3 1 0
github.com/engine/server/db/db.go:45.2,48.16 3 41
github.com/engine/server/db/db.go:48.16,50.3 1 0
github.com/engine/server/db/db.go:51.2,54.18 4 41
github.com/engine/server/db/db.go:57.22,183.2 2 41
github.com/engine/server/db/db.go:207.19,207.67 1 52
github.com/engine/server/db/db.go:209.62,216.2 3 21
github.com/engine/server/db/db.go:218.46,227.16 3 3
github.com/engine/server/db/db.go:227.16,229.3 1 1
github.com/engine/server/db/db.go:230.2,230.91 1 2
github.com/engine/server/db/db.go:230.91,232.3 1 2
github.com/engine/server/db/db.go:233.2,233.18 1 2
github.com/engine/server/db/db.go:236.58,245.16 2 2
github.com/engine/server/db/db.go:245.16,247.3 1 0
github.com/engine/server/db/db.go:248.2,250.18 3 2
github.com/engine/server/db/db.go:250.18,252.17 2 2
github.com/engine/server/db/db.go:252.17,254.4 1 0
github.com/engine/server/db/db.go:255.3,255.34 1 2
github.com/engine/server/db/db.go:257.2,257.86 1 2
github.com/engine/server/db/db.go:257.86,258.27 1 2
github.com/engine/server/db/db.go:258.27,260.4 1 2
github.com/engine/server/db/db.go:262.2,262.21 1 2
github.com/engine/server/db/db.go:262.21,264.3 1 1
github.com/engine/server/db/db.go:265.2,265.22 1 2
github.com/engine/server/db/db.go:272.47,276.16 3 5
github.com/engine/server/db/db.go:276.16,278.3 1 1
github.com/engine/server/db/db.go:279.2,279.19 1 4
github.com/engine/server/db/db.go:282.84,284.22 2 5
github.com/engine/server/db/db.go:284.22,286.17 2 1
github.com/engine/server/db/db.go:286.17,289.4 2 1
github.com/engine/server/db/db.go:291.2,296.16 3 5
github.com/engine/server/db/db.go:296.16,298.3 1 0
github.com/engine/server/db/db.go:299.2,300.12 2 5
github.com/engine/server/db/db.go:303.55,308.16 2 2
github.com/engine/server/db/db.go:308.16,310.3 1 0
github.com/engine/server/db/db.go:311.2,313.18 3 2
github.com/engine/server/db/db.go:313.18,316.96 3 2
github.com/engine/server/db/db.go:316.96,318.4 1 0
github.com/engine/server/db/db.go:319.3,319.16 1 2
github.com/engine/server/db/db.go:319.16,321.60 2 1
github.com/engine/server/db/db.go:321.60,323.5 1 1
github.com/engine/server/db/db.go:325.3,325.25 1 2
github.com/engine/server/db/db.go:327.2,327.17 1 2
github.com/engine/server/db/db.go:327.17,329.3 1 1
github.com/engine/server/db/db.go:330.2,330.18 1 2
github.com/engine/server/db/db.go:333.118,336.13 3 2
github.com/engine/server/db/db.go:336.13,338.3 1 1
github.com/engine/server/db/db.go:339.2,343.12 2 2
github.com/engine/server/db/db.go:346.60,349.2 2 3
github.com/engine/server/db/db.go:367.168,369.19 2 4
github.com/engine/server/db/db.go:369.19,371.3 1 2
github.com/engine/server/db/db.go:372.2,373.16 2 4
github.com/engine/server/db/db.go:373.16,375.3 1 2
github.com/engine/server/db/db.go:376.2,380.12 2 4
github.com/engine/server/db/db.go:384.73,389.16 2 2
github.com/engine/server/db/db.go:389.16,391.3 1 0
github.com/engine/server/db/db.go:392.2,394.18 3 2
github.com/engine/server/db/db.go:394.18,397.172 3 2
github.com/engine/server/db/db.go:397.172,399.4 1 0
github.com/engine/server/db/db.go:400.3,402.31 3 2
github.com/engine/server/db/db.go:404.2,404.20 1 2
github.com/engine/server/db/db.go:404.20,406.3 1 1
github.com/engine/server/db/db.go:407.2,407.21 1 2
github.com/engine/server/db/db.go:411.78,420.16 5 2
github.com/engine/server/db/db.go:420.16,422.3 1 1
github.com/engine/server/db/db.go:423.2,425.16 3 1
github.com/engine/server/db/db.go:441.116,447.2 2 4
github.com/engine/server/db/db.go:450.79,458.16 2 1
github.com/engine/server/db/db.go:458.16,460.3 1 0
github.com/engine/server/db/db.go:461.2,463.18 3 1
github.com/engine/server/db/db.go:463.18,465.134 2 1
github.com/engine/server/db/db.go:465.134,467.4 1 0
github.com/engine/server/db/db.go:468.3,468.29 1 1
github.com/engine/server/db/db.go:470.2,470.19 1 1
github.com/engine/server/db/db.go:470.19,472.3 1 0
github.com/engine/server/db/db.go:473.2,473.20 1 1
github.com/engine/server/db/db.go:477.71,483.16 2 2
github.com/engine/server/db/db.go:483.16,485.3 1 0
github.com/engine/server/db/db.go:486.2,488.18 3 2
github.com/engine/server/db/db.go:488.18,490.134 2 1
github.com/engine/server/db/db.go:490.134,492.4 1 0
github.com/engine/server/db/db.go:493.3,493.29 1 1
github.com/engine/server/db/db.go:495.2,495.19 1 2
github.com/engine/server/db/db.go:495.19,497.3 1 1
github.com/engine/server/db/db.go:498.2,498.20 1 2
github.com/engine/server/db/discord.go:44.51,45.21 1 8
github.com/engine/server/db/discord.go:45.21,47.3 1 0
github.com/engine/server/db/discord.go:48.2,48.35 1 8
github.com/engine/server/db/discord.go:48.35,50.3 1 7
github.com/engine/server/db/discord.go:51.2,51.42 1 8
github.com/engine/server/db/discord.go:51.42,53.3 1 8
github.com/engine/server/db/discord.go:54.2,54.42 1 8
github.com/engine/server/db/discord.go:54.42,56.3 1 7
github.com/engine/server/db/discord.go:57.2,57.37 1 8
github.com/engine/server/db/discord.go:57.37,59.3 1 7
github.com/engine/server/db/discord.go:60.2,62.31 3 8
github.com/engine/server/db/discord.go:62.31,64.3 1 1
github.com/engine/server/db/discord.go:65.2,71.12 2 8
github.com/engine/server/db/discord.go:76.89,77.21 1 2
github.com/engine/server/db/discord.go:77.21,79.3 1 0
github.com/engine/server/db/discord.go:80.2,89.12 2 2
github.com/engine/server/db/discord.go:93.80,94.21 1 2
github.com/engine/server/db/discord.go:94.21,96.3 1 0
github.com/engine/server/db/discord.go:97.2,103.104 3 2
github.com/engine/server/db/discord.go:103.104,104.36 1 1
github.com/engine/server/db/discord.go:104.36,106.4 1 1
github.com/engine/server/db/discord.go:107.3,107.18 1 0
github.com/engine/server/db/discord.go:109.2,109.16 1 1
github.com/engine/server/db/discord.go:117.101,118.21 1 2
github.com/engine/server/db/discord.go:118.21,120.3 1 0
github.com/engine/server/db/discord.go:121.2,121.30 1 2
github.com/engine/server/db/discord.go:121.30,123.3 1 0
github.com/engine/server/db/discord.go:124.2,125.13 2 2
github.com/engine/server/db/discord.go:125.13,127.3 1 0
github.com/engine/server/db/discord.go:129.2,138.42 4 2
github.com/engine/server/db/discord.go:138.42,141.3 2 2
github.com/engine/server/db/discord.go:142.2,142.36 1 2
github.com/engine/server/db/discord.go:142.36,145.3 2 1
github.com/engine/server/db/discord.go:146.2,150.16 4 2
github.com/engine/server/db/discord.go:150.16,152.3 1 0
github.com/engine/server/db/discord.go:153.2,156.18 3 2
github.com/engine/server/db/discord.go:156.18,162.17 2 2
github.com/engine/server/db/discord.go:162.17,164.4 1 0
github.com/engine/server/db/discord.go:165.3,165.23 1 2
github.com/engine/server/db/discord.go:167.2,167.16 1 2
github.com/engine/server/db/discord.go:167.16,169.3 1 0
github.com/engine/server/db/discord.go:170.2,170.17 1 2
github.com/engine/server/db/discord.go:176.106,177.21 1 3
github.com/engine/server/db/discord.go:177.21,179.3 1 0
github.com/engine/server/db/discord.go:180.2,180.31 1 3
github.com/engine/server/db/discord.go:180.31,182.3 1 0
github.com/engine/server/db/discord.go:184.2,191.42 4 3
github.com/engine/server/db/discord.go:191.42,194.3 2 3
github.com/engine/server/db/discord.go:195.2,195.39 1 3
github.com/engine/server/db/discord.go:195.39,198.3 2 1
github.com/engine/server/db/discord.go:199.2,199.36 1 3
github.com/engine/server/db/discord.go:199.36,202.3 2 1
github.com/engine/server/db/discord.go:203.2,207.16 4 3
github.com/engine/server/db/discord.go:207.16,209.3 1 0
github.com/engine/server/db/discord.go:210.2,213.18 3 3
github.com/engine/server/db/discord.go:213.18,218.17 2 3
github.com/engine/server/db/discord.go:218.17,220.4 1 0
github.com/engine/server/db/discord.go:221.3,221.23 1 3
github.com/engine/server/db/discord.go:223.2,223.16 1 3
github.com/engine/server/db/discord.go:223.16,225.3 1 0
github.com/engine/server/db/discord.go:226.2,226.17 1 3
github.com/engine/server/db/project_direction.go:5.62,6.23 1 8
github.com/engine/server/db/project_direction.go:6.23,8.3 1 1
github.com/engine/server/db/project_direction.go:10.2,15.43 3 7
github.com/engine/server/db/project_direction.go:15.43,16.27 1 5
github.com/engine/server/db/project_direction.go:16.27,18.4 1 5
github.com/engine/server/db/project_direction.go:19.3,19.17 1 0
github.com/engine/server/db/project_direction.go:21.2,21.21 1 2
github.com/engine/server/db/project_direction.go:24.64,25.23 1 3
github.com/engine/server/db/project_direction.go:25.23,27.3 1 1
github.com/engine/server/db/project_direction.go:28.2,38.12 3 2
github.com/engine/server/db/project_history.go:46.82,47.16 1 2
github.com/engine/server/db/project_history.go:47.16,49.3 1 1
github.com/engine/server/db/project_history.go:51.2,61.16 2 2
github.com/engine/server/db/project_history.go:61.16,63.3 1 0
github.com/engine/server/db/project_history.go:64.2,67.18 3 2
github.com/engine/server/db/project_history.go:67.18,76.17 2 2
github.com/engine/server/db/project_history.go:76.17,78.4 1 0
github.com/engine/server/db/project_history.go:79.3,79.39 1 2
github.com/engine/server/db/project_history.go:81.2,81.21 1 2
github.com/engine/server/db/project_history.go:81.21,83.3 1 0
github.com/engine/server/db/project_history.go:84.2,84.22 1 2
github.com/engine/server/db/project_history.go:87.97,88.16 1 2
github.com/engine/server/db/project_history.go:88.16,90.3 1 1
github.com/engine/server/db/project_history.go:92.2,101.16 2 2
github.com/engine/server/db/project_history.go:101.16,103.3 1 0
github.com/engine/server/db/project_history.go:104.2,107.18 3 2
github.com/engine/server/db/project_history.go:107.18,114.17 2 2
github.com/engine/server/db/project_history.go:114.17,116.4 1 0
github.com/engine/server/db/project_history.go:117.3,117.41 1 2
github.com/engine/server/db/project_history.go:119.2,119.22 1 2
github.com/engine/server/db/project_history.go:119.22,121.3 1 0
github.com/engine/server/db/project_history.go:122.2,122.23 1 2
github.com/engine/server/db/project_history.go:125.84,126.16 1 2
github.com/engine/server/db/project_history.go:126.16,128.3 1 1
github.com/engine/server/db/project_history.go:130.2,140.16 2 2
github.com/engine/server/db/project_history.go:140.16,142.3 1 0
github.com/engine/server/db/project_history.go:143.2,146.18 3 2
github.com/engine/server/db/project_history.go:146.18,158.17 2 2
github.com/engine/server/db/project_history.go:158.17,160.4 1 0
github.com/engine/server/db/project_history.go:161.3,161.42 1 2
github.com/engine/server/db/project_history.go:163.2,163.22 1 2
github.com/engine/server/db/project_history.go:163.22,165.3 1 0
github.com/engine/server/db/project_history.go:166.2,166.23 1 2
github.com/engine/server/db/project_history.go:169.88,170.16 1 2
github.com/engine/server/db/project_history.go:170.16,172.3 1 1
github.com/engine/server/db/project_history.go:174.2,184.16 2 2
github.com/engine/server/db/project_history.go:184.16,186.3 1 0
github.com/engine/server/db/project_history.go:187.2,190.18 3 2
github.com/engine/server/db/project_history.go:190.18,207.17 4 2
github.com/engine/server/db/project_history.go:207.17,209.4 1 0
github.com/engine/server/db/project_history.go:210.3,212.48 3 2
github.com/engine/server/db/project_history.go:214.2,214.24 1 2
github.com/engine/server/db/project_history.go:214.24,216.3 1 0
github.com/engine/server/db/project_history.go:217.2,217.25 1 2
github.com/engine/server/discord/service.go:75.53,85.16 3 4
github.com/engine/server/discord/service.go:85.16,87.3 1 1
github.com/engine/server/discord/service.go:88.2,88.12 1 3
github.com/engine/server/discord/service.go:88.12,90.3 1 2
github.com/engine/server/discord/service.go:91.2,93.18 2 3
github.com/engine/server/discord/service.go:93.18,95.3 1 1
github.com/engine/server/discord/service.go:96.2,96.24 1 2
github.com/engine/server/discord/service.go:96.24,98.3 1 0
github.com/engine/server/discord/service.go:99.2,99.23 1 2
github.com/engine/server/discord/service.go:99.23,101.3 1 0
github.com/engine/server/discord/service.go:102.2,102.32 1 2
github.com/engine/server/discord/service.go:102.32,104.3 1 0
github.com/engine/server/discord/service.go:105.2,105.59 1 2
github.com/engine/server/discord/service.go:105.59,107.3 1 0
github.com/engine/server/discord/service.go:108.2,108.17 1 2
github.com/engine/server/discord/service.go:111.70,114.16 3 4
github.com/engine/server/discord/service.go:114.16,115.25 1 1
github.com/engine/server/discord/service.go:115.25,117.4 1 1
github.com/engine/server/discord/service.go:118.3,118.73 1 0
github.com/engine/server/discord/service.go:121.2,122.51 2 3
github.com/engine/server/discord/service.go:122.51,124.3 1 1
github.com/engine/server/discord/service.go:125.2,125.23 1 2
github.com/engine/server/discord/service.go:128.53,129.26 1 2
github.com/engine/server/discord/service.go:129.26,131.3 1 2
github.com/engine/server/discord/service.go:132.2,132.61 1 2
github.com/engine/server/discord/service.go:132.61,134.3 1 2
github.com/engine/server/discord/service.go:135.2,135.60 1 2
github.com/engine/server/discord/service.go:135.60,137.3 1 2
github.com/engine/server/discord/service.go:138.2,138.35 1 2
github.com/engine/server/discord/service.go:138.35,140.3 1 2
github.com/engine/server/discord/service.go:141.2,141.66 1 2
github.com/engine/server/discord/service.go:141.66,143.3 1 1
github.com/engine/server/discord/service.go:144.2,144.71 1 2
github.com/engine/server/discord/service.go:144.71,146.3 1 1
github.com/engine/server/discord/service.go:147.2,147.64 1 2
github.com/engine/server/discord/service.go:147.64,149.3 1 0
github.com/engine/server/discord/service.go:152.37,153.69 1 4
github.com/engine/server/discord/service.go:153.69,155.3 1 2
github.com/engine/server/discord/service.go:156.2,156.84 1 4
github.com/engine/server/discord/service.go:156.84,158.3 1 2
github.com/engine/server/discord/service.go:159.2,159.83 1 4
github.com/engine/server/discord/service.go:159.83,161.3 1 2
github.com/engine/server/discord/service.go:162.2,162.91 1 4
github.com/engine/server/discord/service.go:162.91,164.3 1 2
github.com/engine/server/discord/service.go:165.2,165.81 1 4
github.com/engine/server/discord/service.go:165.81,167.3 1 2
github.com/engine/server/discord/service.go:168.2,168.90 1 4
github.com/engine/server/discord/service.go:168.90,170.3 1 1
github.com/engine/server/discord/service.go:171.2,171.76 1 4
github.com/engine/server/discord/service.go:171.76,173.3 1 0
github.com/engine/server/discord/service.go:176.49,178.17 2 16
github.com/engine/server/discord/service.go:178.17,180.3 1 3
github.com/engine/server/discord/service.go:181.2,181.15 1 13
github.com/engine/server/discord/service.go:182.32,183.20 1 8
github.com/engine/server/discord/service.go:184.33,185.21 1 4
github.com/engine/server/discord/service.go:186.10,187.22 1 1
github.com/engine/server/discord/service.go:191.48,193.2 1 10
github.com/engine/server/discord/service.go:196.67,205.17 2 1
github.com/engine/server/discord/service.go:205.17,206.39 1 0
github.com/engine/server/discord/service.go:206.39,208.4 1 0
github.com/engine/server/discord/service.go:210.2,210.15 1 1
github.com/engine/server/discord/service.go:214.33,215.20 1 0
github.com/engine/server/discord/service.go:215.20,217.3 1 0
github.com/engine/server/discord/service.go:219.2,220.16 2 0
github.com/engine/server/discord/service.go:220.16,222.3 1 0
github.com/engine/server/discord/service.go:224.2,228.34 4 0
github.com/engine/server/discord/service.go:228.34,230.3 1 0
github.com/engine/server/discord/service.go:231.2,233.12 3 0
github.com/engine/server/discord/service.go:237.33,238.17 1 1
github.com/engine/server/discord/service.go:238.17,240.3 1 1
github.com/engine/server/discord/service.go:241.2,241.21 1 0
github.com/engine/server/discord/service.go:244.69,245.52 1 0
github.com/engine/server/discord/service.go:245.52,247.3 1 0
github.com/engine/server/discord/service.go:250.79,251.49 1 0
github.com/engine/server/discord/service.go:251.49,253.3 1 0
github.com/engine/server/discord/service.go:254.2,254.51 1 0
github.com/engine/server/discord/service.go:254.51,256.3 1 0
github.com/engine/server/discord/service.go:257.2,257.35 1 0
github.com/engine/server/discord/service.go:257.35,259.3 1 0
github.com/engine/server/discord/service.go:264.2,267.9 3 0
github.com/engine/server/discord/service.go:267.9,269.3 1 0
github.com/engine/server/discord/service.go:271.2,271.13 1 0
github.com/engine/server/discord/service.go:272.14,273.26 1 0
github.com/engine/server/discord/service.go:274.17,275.34 1 0
github.com/engine/server/discord/service.go:276.18,277.30 1 0
github.com/engine/server/discord/service.go:278.16,279.33 1 0
github.com/engine/server/discord/service.go:280.18,281.35 1 0
github.com/engine/server/discord/service.go:282.20,283.37 1 0
github.com/engine/server/discord/service.go:284.15,285.37 1 0
github.com/engine/server/discord/service.go:286.16,287.38 1 0
github.com/engine/server/discord/service.go:288.13,289.30 1 0
github.com/engine/server/discord/service.go:290.16,291.33 1 0
github.com/engine/server/discord/service.go:292.17,293.34 1 0
github.com/engine/server/discord/service.go:294.10,295.53 1 0
github.com/engine/server/discord/service.go:299.83,300.20 1 0
github.com/engine/server/discord/service.go:300.20,303.3 2 0
github.com/engine/server/discord/service.go:305.2,306.13 2 0
github.com/engine/server/discord/service.go:307.13,308.20 1 0
github.com/engine/server/discord/service.go:308.20,311.4 2 0
github.com/engine/server/discord/service.go:312.3,312.80 1 0
github.com/engine/server/discord/service.go:312.80,314.4 1 0
github.com/engine/server/discord/service.go:315.14,316.30 1 0
github.com/engine/server/discord/service.go:317.16,318.20 1 0
github.com/engine/server/discord/service.go:318.20,321.4 2 0
github.com/engine/server/discord/service.go:322.3,322.63 1 0
github.com/engine/server/discord/service.go:322.63,324.4 1 0
github.com/engine/server/discord/service.go:325.10,326.73 1 0
github.com/engine/server/discord/service.go:330.77,332.17 2 0
github.com/engine/server/discord/service.go:332.17,334.3 1 0
github.com/engine/server/discord/service.go:335.2,336.16 2 0
github.com/engine/server/discord/service.go:336.16,338.3 1 0
github.com/engine/server/discord/service.go:339.2,339.56 1 0
github.com/engine/server/discord/service.go:339.56,341.3 1 0
github.com/engine/server/discord/service.go:343.2,346.16 4 0
github.com/engine/server/discord/service.go:346.16,348.3 1 0
github.com/engine/server/discord/service.go:350.2,358.38 4 0
github.com/engine/server/discord/service.go:358.38,360.3 1 0
github.com/engine/server/discord/service.go:362.2,365.12 4 0
github.com/engine/server/discord/service.go:368.68,370.15 2 0
github.com/engine/server/discord/service.go:370.15,372.3 1 0
github.com/engine/server/discord/service.go:374.2,375.9 2 0
github.com/engine/server/discord/service.go:375.9,377.3 1 0
github.com/engine/server/discord/service.go:379.2,382.38 4 0
github.com/engine/server/discord/service.go:382.38,384.3 1 0
github.com/engine/server/discord/service.go:386.2,387.12 2 0
github.com/engine/server/discord/service.go:390.50,393.37 3 0
github.com/engine/server/discord/service.go:393.37,395.3 1 0
github.com/engine/server/discord/service.go:396.2,398.24 2 0
github.com/engine/server/discord/service.go:398.24,401.3 2 0
github.com/engine/server/discord/service.go:403.2,403.43 1 0
github.com/engine/server/discord/service.go:403.43,403.97 1 0
github.com/engine/server/discord/service.go:404.2,406.29 3 0
github.com/engine/server/discord/service.go:406.29,408.15 2 0
github.com/engine/server/discord/service.go:408.15,410.4 1 0
github.com/engine/server/discord/service.go:411.3,411.85 1 0
github.com/engine/server/discord/service.go:413.2,413.31 1 0
github.com/engine/server/discord/service.go:416.82,418.9 2 0
github.com/engine/server/discord/service.go:418.9,421.3 2 0
github.com/engine/server/discord/service.go:423.2,424.16 2 0
github.com/engine/server/discord/service.go:424.16,427.3 2 0
github.com/engine/server/discord/service.go:428.2,439.26 2 0
github.com/engine/server/discord/service.go:442.84,444.9 2 0
github.com/engine/server/discord/service.go:444.9,447.3 2 0
github.com/engine/server/discord/service.go:449.2,450.16 2 0
github.com/engine/server/discord/service.go:450.16,453.3 2 0
github.com/engine/server/discord/service.go:454.2,454.24 1 0
github.com/engine/server/discord/service.go:454.24,457.3 2 0
github.com/engine/server/discord/service.go:459.2,460.15 2 0
github.com/engine/server/discord/service.go:460.15,462.3 1 0
github.com/engine/server/discord/service.go:463.2,465.29 3 0
github.com/engine/server/discord/service.go:465.29,468.20 3 0
github.com/engine/server/discord/service.go:468.20,470.4 1 0
github.com/engine/server/discord/service.go:471.3,471.25 1 0
github.com/engine/server/discord/service.go:471.25,473.4 1 0
github.com/engine/server/discord/service.go:474.3,474.101 1 0
github.com/engine/server/discord/service.go:476.2,476.33 1 0
github.com/engine/server/discord/service.go:479.86,481.9 2 0
github.com/engine/server/discord/service.go:481.9,484.3 2 0
github.com/engine/server/discord/service.go:486.2,487.37 2 0
github.com/engine/server/discord/service.go:487.37,490.3 2 0
github.com/engine/server/discord/service.go:491.2,492.107 2 0
github.com/engine/server/discord/service.go:495.92,497.9 2 0
github.com/engine/server/discord/service.go:497.9,500.3 2 0
github.com/engine/server/discord/service.go:502.2,507.38 6 0
github.com/engine/server/discord/service.go:507.38,510.3 2 0
github.com/engine/server/discord/service.go:512.2,512.11 1 0
github.com/engine/server/discord/service.go:512.11,514.3 1 0
github.com/engine/server/discord/service.go:514.8,516.3 1 0
github.com/engine/server/discord/service.go:519.79,520.20 1 0
github.com/engine/server/discord/service.go:520.20,523.3 2 0
github.com/engine/server/discord/service.go:525.2,526.9 2 0
github.com/engine/server/discord/service.go:526.9,529.3 2 0
github.com/engine/server/discord/service.go:530.2,530.37 1 0
github.com/engine/server/discord/service.go:530.37,533.3 2 0
github.com/engine/server/discord/service.go:534.2,534.20 1 0
github.com/engine/server/discord/service.go:534.20,537.3 2 0
github.com/engine/server/discord/service.go:543.2,544.16 2 0
github.com/engine/server/discord/service.go:544.16,547.3 2 0
github.com/engine/server/discord/service.go:548.2,551.25 3 0
github.com/engine/server/discord/service.go:551.25,555.3 3 0
github.com/engine/server/discord/service.go:556.2,560.12 4 0
github.com/engine/server/discord/service.go:560.12,561.16 1 0
github.com/engine/server/discord/service.go:561.16,565.4 3 0
github.com/engine/server/discord/service.go:567.3,578.45 6 0
github.com/engine/server/discord/service.go:578.45,579.49 1 0
github.com/engine/server/discord/service.go:579.49,581.6 1 0
github.com/engine/server/discord/service.go:582.5,584.19 3 0
github.com/engine/server/discord/service.go:586.53,586.54 0 0
github.com/engine/server/discord/service.go:587.61,587.62 0 0
github.com/engine/server/discord/service.go:588.39,588.75 1 0
github.com/engine/server/discord/service.go:589.43,589.44 0 0
github.com/engine/server/discord/service.go:590.78,596.5 5 0
github.com/engine/server/discord/service.go:599.3,599.39 1 0
github.com/engine/server/discord/service.go:599.39,602.4 2 0
github.com/engine/server/discord/service.go:604.3,607.19 4 0
github.com/engine/server/discord/service.go:607.19,609.4 1 0
github.com/engine/server/discord/service.go:611.3,611.72 1 0
github.com/engine/server/discord/service.go:611.72,613.4 1 0
github.com/engine/server/discord/service.go:621.128,622.17 1 0
github.com/engine/server/discord/service.go:622.17,624.3 1 0
github.com/engine/server/discord/service.go:627.2,628.45 2 0
github.com/engine/server/discord/service.go:628.45,631.69 3 0
github.com/engine/server/discord/service.go:631.69,633.4 1 0
github.com/engine/server/discord/service.go:634.3,635.17 2 0
github.com/engine/server/discord/service.go:635.17,637.4 1 0
github.com/engine/server/discord/service.go:638.3,638.34 1 0
github.com/engine/server/discord/service.go:642.2,644.16 3 0
github.com/engine/server/discord/service.go:644.16,646.3 1 0
github.com/engine/server/discord/service.go:647.2,648.16 2 0
github.com/engine/server/discord/service.go:648.16,650.3 1 0
github.com/engine/server/discord/service.go:653.2,654.34 2 0
github.com/engine/server/discord/service.go:657.96,660.66 3 0
github.com/engine/server/discord/service.go:660.66,662.3 1 0
github.com/engine/server/discord/service.go:663.2,663.74 1 0
github.com/engine/server/discord/service.go:663.74,665.3 1 0
github.com/engine/server/discord/service.go:666.2,666.90 1 0
github.com/engine/server/discord/service.go:666.90,668.3 1 0
github.com/engine/server/discord/service.go:669.2,669.16 1 0
github.com/engine/server/discord/service.go:672.82,673.20 1 0
github.com/engine/server/discord/service.go:673.20,676.3 2 0
github.com/engine/server/discord/service.go:677.2,679.8 3 0
github.com/engine/server/discord/service.go:679.8,681.3 1 0
github.com/engine/server/discord/service.go:682.2,684.16 3 0
github.com/engine/server/discord/service.go:684.16,687.3 2 0
github.com/engine/server/discord/service.go:688.2,688.20 1 0
github.com/engine/server/discord/service.go:688.20,691.3 2 0
github.com/engine/server/discord/service.go:692.2,694.25 3 0
github.com/engine/server/discord/service.go:694.25,701.3 1 0
github.com/engine/server/discord/service.go:702.2,702.67 1 0
github.com/engine/server/discord/service.go:705.83,707.20 2 0
github.com/engine/server/discord/service.go:707.20,708.59 1 0
github.com/engine/server/discord/service.go:708.59,710.4 1 0
github.com/engine/server/discord/service.go:712.2,715.83 4 0
github.com/engine/server/discord/service.go:715.83,717.3 1 0
github.com/engine/server/discord/service.go:718.2,718.69 1 0
github.com/engine/server/discord/service.go:718.69,720.3 1 0
github.com/engine/server/discord/service.go:721.2,722.16 2 0
github.com/engine/server/discord/service.go:722.16,725.3 2 0
github.com/engine/server/discord/service.go:726.2,726.20 1 0
github.com/engine/server/discord/service.go:726.20,729.3 2 0
github.com/engine/server/discord/service.go:730.2,732.38 3 0
github.com/engine/server/discord/service.go:732.38,739.3 2 0
github.com/engine/server/discord/service.go:740.2,740.67 1 0
github.com/engine/server/discord/service.go:745.61,750.21 5 0
github.com/engine/server/discord/service.go:750.21,753.3 2 0
github.com/engine/server/discord/service.go:754.2,755.74 2 0
github.com/engine/server/discord/service.go:755.74,757.3 1 0
github.com/engine/server/discord/service.go:758.2,769.4 1 0
github.com/engine/server/discord/service.go:772.82,778.21 6 0
github.com/engine/server/discord/service.go:778.21,780.3 1 0
github.com/engine/server/discord/service.go:781.2,790.4 1 0
github.com/engine/server/discord/service.go:796.70,797.55 1 0
github.com/engine/server/discord/service.go:797.55,799.3 1 0
github.com/engine/server/discord/service.go:800.2,800.34 1 0
github.com/engine/server/discord/service.go:800.34,802.3 1 0
github.com/engine/server/discord/service.go:803.2,803.67 1 0
github.com/engine/server/discord/service.go:803.67,806.3 2 0
github.com/engine/server/discord/service.go:807.2,807.51 1 0
github.com/engine/server/discord/service.go:812.73,813.55 1 1
github.com/engine/server/discord/service.go:813.55,815.3 1 1
github.com/engine/server/discord/service.go:816.2,817.29 2 0
github.com/engine/server/discord/service.go:817.29,819.3 1 0
github.com/engine/server/discord/service.go:820.2,820.18 1 0
github.com/engine/server/discord/service.go:820.18,822.3 1 0
github.com/engine/server/discord/service.go:823.2,823.18 1 0
github.com/engine/server/discord/service.go:826.94,827.39 1 1
github.com/engine/server/discord/service.go:827.39,828.75 1 0
github.com/engine/server/discord/service.go:828.75,830.4 1 0
github.com/engine/server/discord/service.go:833.2,833.40 1 1
github.com/engine/server/discord/service.go:833.40,836.38 3 1
github.com/engine/server/discord/service.go:836.38,837.32 1 0
github.com/engine/server/discord/service.go:837.32,839.5 1 0
github.com/engine/server/discord/service.go:842.2,842.15 1 1
github.com/engine/server/discord/service.go:845.43,849.2 1 4
github.com/engine/server/discord/service.go:851.44,854.23 3 4
github.com/engine/server/discord/service.go:854.23,856.3 1 1
github.com/engine/server/discord/service.go:857.2,857.19 1 4
github.com/engine/server/discord/service.go:857.19,859.3 1 1
github.com/engine/server/discord/service.go:860.2,860.40 1 4
github.com/engine/server/discord/service.go:863.48,865.43 2 4
github.com/engine/server/discord/service.go:865.43,866.25 1 6
github.com/engine/server/discord/service.go:866.25,868.4 1 1
github.com/engine/server/discord/service.go:869.3,869.24 1 5
github.com/engine/server/discord/service.go:871.2,871.12 1 3
github.com/engine/server/discord/service.go:871.12,873.3 1 2
github.com/engine/server/discord/service.go:874.2,874.15 1 1
github.com/engine/server/discord/service.go:877.34,879.16 2 3
github.com/engine/server/discord/service.go:879.16,881.3 1 1
github.com/engine/server/discord/service.go:882.2,882.32 1 2
github.com/engine/server/discord/service.go:885.49,886.35 1 4
github.com/engine/server/discord/service.go:886.35,887.25 1 3
github.com/engine/server/discord/service.go:887.25,889.4 1 2
github.com/engine/server/discord/service.go:890.3,890.16 1 1
github.com/engine/server/discord/service.go:892.2,892.13 1 1
github.com/engine/server/discord/service.go:895.41,896.31 1 4
github.com/engine/server/discord/service.go:896.31,898.3 1 3
github.com/engine/server/discord/service.go:899.2,899.29 1 1
github.com/engine/server/discord/service.go:902.100,903.55 1 1
github.com/engine/server/discord/service.go:903.55,905.3 1 0
github.com/engine/server/discord/service.go:906.2,906.20 1 1
github.com/engine/server/discord/service.go:906.20,908.3 1 1
github.com/engine/server/discord/service.go:909.2,910.14 2 0
github.com/engine/server/discord/service.go:913.100,914.55 1 1
github.com/engine/server/discord/service.go:914.55,916.3 1 0
github.com/engine/server/discord/service.go:917.2,917.19 1 1
github.com/engine/server/discord/service.go:917.19,919.3 1 1
github.com/engine/server/discord/service.go:920.2,921.9 2 0
github.com/engine/server/discord/service.go:921.9,923.3 1 0
github.com/engine/server/discord/service.go:924.2,924.45 1 0
github.com/engine/server/discord/service.go:927.84,928.40 1 2
github.com/engine/server/discord/service.go:928.40,930.3 1 0
github.com/engine/server/discord/service.go:932.2,934.37 3 2
github.com/engine/server/discord/service.go:934.37,935.31 1 0
github.com/engine/server/discord/service.go:935.31,937.4 1 0
github.com/engine/server/discord/service.go:940.2,940.17 1 2
github.com/engine/server/discord/service.go:940.17,942.3 1 2
github.com/engine/server/discord/service.go:944.2,945.69 2 0
github.com/engine/server/discord/service.go:945.69,947.3 1 0
github.com/engine/server/discord/service.go:948.2,948.37 1 0
github.com/engine/server/discord/service.go:948.37,949.33 1 0
github.com/engine/server/discord/service.go:949.33,951.4 1 0
github.com/engine/server/discord/service.go:953.2,953.32 1 0
github.com/engine/server/discord/service.go:956.82,960.40 4 1
github.com/engine/server/discord/service.go:960.40,961.120 1 0
github.com/engine/server/discord/service.go:961.120,963.4 1 0
github.com/engine/server/discord/service.go:965.2,965.36 1 1
github.com/engine/server/discord/service.go:968.58,972.22 4 0
github.com/engine/server/discord/service.go:972.22,973.53 1 0
github.com/engine/server/discord/service.go:973.53,975.4 1 0
github.com/engine/server/discord/service.go:978.2,979.16 2 0
github.com/engine/server/discord/service.go:979.16,981.3 1 0
github.com/engine/server/discord/service.go:982.2,982.30 1 0
github.com/engine/server/discord/service.go:982.30,983.87 1 0
github.com/engine/server/discord/service.go:983.87,989.4 5 0
github.com/engine/server/discord/service.go:992.2,993.16 2 0
github.com/engine/server/discord/service.go:993.16,995.3 1 0
github.com/engine/server/discord/service.go:996.2,999.38 4 0
github.com/engine/server/discord/service.go:999.38,1001.3 1 0
github.com/engine/server/discord/service.go:1002.2,1003.19 2 0
github.com/engine/server/discord/service.go:1006.81,1008.16 2 0
github.com/engine/server/discord/service.go:1008.16,1010.3 1 0
github.com/engine/server/discord/service.go:1011.2,1011.30 1 0
github.com/engine/server/discord/service.go:1011.30,1012.67 1 0
github.com/engine/server/discord/service.go:1012.67,1014.4 1 0
github.com/engine/server/discord/service.go:1016.2,1016.85 1 0
github.com/engine/server/discord/service.go:1019.47,1020.55 1 0
github.com/engine/server/discord/service.go:1020.55,1022.3 1 0
github.com/engine/server/discord/service.go:1023.2,1023.34 1 0
github.com/engine/server/discord/service.go:1023.34,1025.3 1 0
github.com/engine/server/discord/service.go:1026.2,1026.67 1 0
github.com/engine/server/discord/service.go:1026.67,1029.3 2 0
github.com/engine/server/discord/service.go:1030.2,1030.49 1 0
github.com/engine/server/discord/service.go:1033.46,1051.2 2 0
github.com/engine/server/discord/service.go:1053.38,1055.2 1 1
github.com/engine/server/discord/service.go:1057.37,1060.16 3 0
github.com/engine/server/discord/service.go:1060.16,1061.25 1 0
github.com/engine/server/discord/service.go:1061.25,1063.4 1 0
github.com/engine/server/discord/service.go:1064.3,1064.51 1 0
github.com/engine/server/discord/service.go:1066.2,1067.50 2 0
github.com/engine/server/discord/service.go:1067.50,1069.3 1 0
github.com/engine/server/discord/service.go:1070.2,1070.24 1 0
github.com/engine/server/discord/service.go:1070.24,1072.3 1 0
github.com/engine/server/discord/service.go:1073.2,1074.12 2 0
github.com/engine/server/discord/service.go:1077.37,1081.16 4 0
github.com/engine/server/discord/service.go:1081.16,1083.3 1 0
github.com/engine/server/discord/service.go:1084.2,1084.48 1 0
github.com/engine/server/discord/service.go:1087.53,1090.2 2 2
github.com/engine/server/discord/service.go:1092.56,1094.37 2 0
github.com/engine/server/discord/service.go:1094.37,1096.3 1 0
github.com/engine/server/discord/service.go:1097.2,1099.66 3 0
github.com/engine/server/discord/service.go:1099.66,1101.3 1 0
github.com/engine/server/discord/service.go:1102.2,1102.74 1 0
github.com/engine/server/discord/service.go:1102.74,1104.3 1 0
github.com/engine/server/discord/service.go:1105.2,1105.16 1 0
github.com/engine/server/discord/service.go:1108.75,1110.16 2 4
github.com/engine/server/discord/service.go:1110.16,1112.3 1 0
github.com/engine/server/discord/service.go:1113.2,1113.38 1 4
github.com/engine/server/discord/service.go:1113.38,1115.3 1 1
github.com/engine/server/discord/service.go:1116.2,1117.16 2 3
github.com/engine/server/discord/service.go:1117.16,1119.3 1 1
github.com/engine/server/discord/service.go:1120.2,1121.21 2 2
github.com/engine/server/discord/service.go:1121.21,1123.3 1 0
github.com/engine/server/discord/service.go:1124.2,1126.20 3 2
github.com/engine/server/discord/service.go:1126.20,1128.3 1 2
github.com/engine/server/discord/service.go:1129.2,1129.24 1 2
github.com/engine/server/discord/service.go:1132.31,1134.17 2 3
github.com/engine/server/discord/service.go:1134.17,1136.3 1 1
github.com/engine/server/discord/service.go:1137.2,1139.26 3 2
github.com/engine/server/discord/service.go:1139.26,1142.23 3 20
github.com/engine/server/discord/service.go:1142.23,1145.12 3 16
github.com/engine/server/discord/service.go:1147.3,1147.16 1 4
github.com/engine/server/discord/service.go:1147.16,1150.4 2 2
github.com/engine/server/discord/service.go:1152.2,1153.18 2 2
github.com/engine/server/discord/service.go:1153.18,1155.3 1 0
github.com/engine/server/discord/service.go:1156.2,1156.15 1 2
github.com/engine/server/discord/service.go:1159.53,1161.19 2 1
github.com/engine/server/discord/service.go:1161.19,1163.3 1 0
github.com/engine/server/discord/service.go:1164.2,1164.25 1 1
github.com/engine/server/discord/service.go:1164.25,1166.3 1 0
github.com/engine/server/discord/service.go:1168.2,1170.22 3 1
github.com/engine/server/discord/service.go:1170.22,1172.18 2 2
github.com/engine/server/discord/service.go:1172.18,1174.4 1 0
github.com/engine/server/discord/service.go:1175.3,1176.39 2 2
github.com/engine/server/discord/service.go:1178.2,1178.16 1 1
github.com/engine/server/discord/service.go:1178.16,1180.3 1 1
github.com/engine/server/discord/service.go:1181.2,1181.14 1 1
github.com/engine/server/discord/service.go:1184.46,1186.2 1 3
github.com/engine/server/discord/service.go:1188.53,1190.30 2 6
github.com/engine/server/discord/service.go:1190.30,1192.14 2 13
github.com/engine/server/discord/service.go:1192.14,1194.4 1 13
github.com/engine/server/discord/service.go:1196.2,1196.15 1 6
github.com/engine/server/discord/service.go:1199.42,1200.82 1 15
github.com/engine/server/discord/service.go:1200.82,1202.3 1 0
github.com/engine/server/discord/service.go:1203.2,1203.42 1 15
github.com/engine/server/discord/service.go:1203.42,1205.3 1 15
github.com/engine/server/discord/service.go:1206.2,1206.73 1 0
github.com/engine/server/discord/service.go:1206.73,1208.3 1 0
github.com/engine/server/discord/service.go:1209.2,1209.67 1 0
github.com/engine/server/discord/service.go:1209.67,1211.3 1 0
github.com/engine/server/discord/service.go:1212.2,1212.38 1 0
github.com/engine/server/discord/service.go:1215.32,1217.22 2 2
github.com/engine/server/discord/service.go:1217.22,1219.3 1 1
github.com/engine/server/discord/service.go:1220.2,1220.19 1 1
github.com/engine/server/discord/service.go:1223.49,1224.15 1 2
github.com/engine/server/discord/service.go:1224.15,1226.3 1 1
github.com/engine/server/discord/service.go:1227.2,1227.10 1 1
github.com/engine/server/discord/service.go:1245.44,1251.18 2 2
github.com/engine/server/discord/service.go:1251.18,1255.3 3 1
github.com/engine/server/discord/service.go:1256.2,1256.43 1 1
github.com/engine/server/discord/service.go:1256.43,1258.3 1 0
github.com/engine/server/discord/service.go:1259.2,1259.42 1 1
github.com/engine/server/discord/service.go:1259.42,1261.3 1 0
github.com/engine/server/discord/service.go:1262.2,1262.32 1 1
github.com/engine/server/discord/service.go:1262.32,1264.3 1 0
github.com/engine/server/discord/service.go:1265.2,1265.28 1 1
github.com/engine/server/discord/service.go:1265.28,1267.3 1 0
github.com/engine/server/discord/service.go:1269.2,1270.16 2 1
github.com/engine/server/discord/service.go:1270.16,1273.3 2 0
github.com/engine/server/discord/service.go:1274.2,1274.34 1 1
github.com/engine/server/discord/service.go:1274.34,1277.3 2 1
github.com/engine/server/discord/service.go:1278.2,1280.40 2 0
github.com/engine/server/discord/service.go:1280.40,1282.3 1 0
github.com/engine/server/discord/service.go:1284.2,1285.16 2 0
github.com/engine/server/discord/service.go:1285.16,1288.3 2 0
github.com/engine/server/discord/service.go:1289.2,1292.39 2 0
github.com/engine/server/discord/service.go:1292.39,1293.64 1 0
github.com/engine/server/discord/service.go:1293.64,1295.4 1 0
github.com/engine/server/discord/service.go:1298.2,1299.15 2 0
github.com/engine/server/discord/service.go:1304.44,1307.17 3 0
github.com/engine/server/discord/service.go:1307.17,1308.39 1 0
github.com/engine/server/discord/service.go:1308.39,1310.4 1 0
github.com/engine/server/discord/service.go:1311.3,1311.19 1 0
github.com/engine/server/discord/service.go:1313.2,1313.12 1 0
github.com/engine/server/discord/service.go:1318.109,1320.2 1 0
github.com/engine/server/discord/service.go:1324.110,1326.2 1 0
github.com/engine/server/discord/service.go:1329.42,1331.2 1 0
github.com/engine/server/discord/service.go:1335.56,1337.62 2 1
github.com/engine/server/discord/service.go:1337.62,1339.3 1 0
github.com/engine/server/discord/service.go:1340.2,1341.35 2 1
github.com/engine/server/discord/service.go:1341.35,1343.3 1 1
github.com/engine/server/discord/service.go:1344.2,1356.16 5 1
github.com/engine/server/discord/service.go:1356.16,1358.3 1 0
github.com/engine/server/discord/service.go:1359.2,1359.39 1 1
github.com/engine/server/main.go:22.34,23.53 1 1
github.com/engine/server/main.go:23.53,25.3 1 1
github.com/engine/server/main.go:26.2,26.61 1 0
github.com/engine/server/main.go:26.61,28.3 1 0
github.com/engine/server/main.go:29.2,29.12 1 0
github.com/engine/server/main.go:32.13,34.23 2 0
github.com/engine/server/main.go:34.23,36.3 1 0
github.com/engine/server/main.go:38.2,38.45 1 0
github.com/engine/server/main.go:38.45,40.3 1 0
github.com/engine/server/main.go:42.2,44.61 2 0
github.com/engine/server/main.go:44.61,46.3 1 0
github.com/engine/server/main.go:46.8,46.24 1 0
github.com/engine/server/main.go:46.24,48.17 2 0
github.com/engine/server/main.go:48.17,50.4 1 0
github.com/engine/server/main.go:51.3,51.48 1 0
github.com/engine/server/main.go:51.48,53.4 1 0
github.com/engine/server/main.go:54.3,55.31 2 0
github.com/engine/server/main.go:56.8,61.68 1 0
github.com/engine/server/main.go:61.68,63.4 1 0
github.com/engine/server/main.go:67.2,67.36 1 0
github.com/engine/server/main.go:67.36,69.48 2 0
github.com/engine/server/main.go:69.48,71.4 1 0
github.com/engine/server/main.go:72.3,75.17 3 0
github.com/engine/server/main.go:75.17,77.4 1 0
github.com/engine/server/main.go:79.3,82.9 4 0
github.com/engine/server/main.go:86.2,86.39 1 0
github.com/engine/server/main.go:86.39,88.51 2 0
github.com/engine/server/main.go:88.51,90.4 1 0
github.com/engine/server/main.go:91.3,94.17 3 0
github.com/engine/server/main.go:94.17,96.4 1 0
github.com/engine/server/main.go:98.3,99.9 2 0
github.com/engine/server/main.go:103.2,104.16 2 0
github.com/engine/server/main.go:104.16,106.3 1 0
github.com/engine/server/main.go:107.2,108.74 2 0
github.com/engine/server/main.go:108.74,111.37 3 0
github.com/engine/server/main.go:111.37,114.4 2 0
github.com/engine/server/main.go:115.3,116.66 2 0
github.com/engine/server/main.go:120.2,123.61 4 0
github.com/engine/server/main.go:123.61,126.3 2 0
github.com/engine/server/main.go:127.2,127.58 1 0
github.com/engine/server/main.go:127.58,130.3 2 0
github.com/engine/server/main.go:131.2,131.61 1 0
github.com/engine/server/main.go:131.61,133.3 1 0
github.com/engine/server/main.go:134.2,141.43 6 0
github.com/engine/server/main.go:146.74,152.99 2 0
github.com/engine/server/main.go:152.99,155.3 2 0
github.com/engine/server/main.go:156.2,157.21 2 0
github.com/engine/server/main.go:157.21,160.3 2 0
github.com/engine/server/main.go:161.2,167.44 3 0
github.com/engine/server/main.go:167.44,168.21 1 0
github.com/engine/server/main.go:168.21,170.5 1 0
github.com/engine/server/main.go:172.29,174.4 1 0
github.com/engine/server/main.go:177.2,188.22 2 0
github.com/engine/server/main.go:192.76,203.58 2 0
github.com/engine/server/main.go:203.58,206.3 2 0
github.com/engine/server/main.go:208.2,212.44 2 0
github.com/engine/server/main.go:212.44,213.21 1 0
github.com/engine/server/main.go:213.21,215.5 1 0
github.com/engine/server/main.go:217.29,219.4 1 0
github.com/engine/server/main.go:222.2,237.22 2 0
github.com/engine/server/ai/context.go:55.13,57.2 1 1
github.com/engine/server/ai/context.go:63.25,64.6 1 1
github.com/engine/server/ai/context.go:64.6,71.22 5 1
github.com/engine/server/ai/context.go:71.22,73.4 1 0
github.com/engine/server/ai/context.go:76.3,77.18 2 0
github.com/engine/server/ai/context.go:77.18,78.12 1 0
github.com/engine/server/ai/context.go:81.3,87.17 3 0
github.com/engine/server/ai/context.go:87.17,89.4 1 0
github.com/engine/server/ai/context.go:93.52,95.17 2 5
github.com/engine/server/ai/context.go:95.17,97.3 1 1
github.com/engine/server/ai/context.go:98.2,99.70 1 4
github.com/engine/server/ai/context.go:99.70,101.3 1 1
github.com/engine/server/ai/context.go:102.2,102.40 1 3
github.com/engine/server/ai/context.go:102.40,104.3 1 1
github.com/engine/server/ai/context.go:105.2,105.33 1 2
github.com/engine/server/ai/context.go:105.33,107.3 1 2
github.com/engine/server/ai/context.go:108.2,108.20 1 0
github.com/engine/server/ai/context.go:111.51,112.39 1 2
github.com/engine/server/ai/context.go:112.39,114.3 1 1
github.com/engine/server/ai/context.go:115.2,115.45 1 1
github.com/engine/server/ai/context.go:115.45,116.44 1 2
github.com/engine/server/ai/context.go:116.44,118.4 1 1
github.com/engine/server/ai/context.go:120.2,120.14 1 0
github.com/engine/server/ai/context.go:123.68,124.62 1 8
github.com/engine/server/ai/context.go:125.39,126.62 1 3
github.com/engine/server/ai/context.go:127.18,128.41 1 5
github.com/engine/server/ai/context.go:129.10,130.41 1 0
github.com/engine/server/ai/context.go:134.54,135.18 1 3
github.com/engine/server/ai/context.go:136.16,137.28 1 1
github.com/engine/server/ai/context.go:138.16,139.28 1 1
github.com/engine/server/ai/context.go:140.10,141.31 1 1
github.com/engine/server/ai/context.go:145.54,147.9 2 5
github.com/engine/server/ai/context.go:148.58,149.20 1 0
github.com/engine/server/ai/context.go:150.44,151.42 1 0
github.com/engine/server/ai/context.go:152.10,153.45 1 5
github.com/engine/server/ai/context.go:157.43,159.22 2 10
github.com/engine/server/ai/context.go:159.22,161.3 1 2
github.com/engine/server/ai/context.go:162.2,162.9 1 8
github.com/engine/server/ai/context.go:163.61,164.64 1 2
github.com/engine/server/ai/context.go:165.44,166.47 1 2
github.com/engine/server/ai/context.go:167.10,168.20 1 4
github.com/engine/server/ai/context.go:172.47,174.81 2 1
github.com/engine/server/ai/context.go:174.81,176.3 1 1
github.com/engine/server/ai/context.go:177.2,177.80 1 0
github.com/engine/server/ai/context.go:177.80,179.3 1 0
github.com/engine/server/ai/context.go:180.2,180.11 1 0
github.com/engine/server/ai/context.go:183.74,185.16 2 1
github.com/engine/server/ai/context.go:185.16,187.3 1 0
github.com/engine/server/ai/context.go:188.2,190.38 2 1
github.com/engine/server/ai/context.go:190.38,192.3 1 0
github.com/engine/server/ai/context.go:194.2,195.68 2 1
github.com/engine/server/ai/context.go:195.68,197.3 1 0
github.com/engine/server/ai/context.go:198.2,199.29 2 1
github.com/engine/server/ai/context.go:199.29,201.19 2 1
github.com/engine/server/ai/context.go:201.19,202.12 1 0
github.com/engine/server/ai/context.go:204.3,204.79 1 1
github.com/engine/server/ai/context.go:204.79,206.4 1 1
github.com/engine/server/ai/context.go:208.2,208.11 1 0
github.com/engine/server/ai/context.go:239.44,240.23 1 1
github.com/engine/server/ai/context.go:240.23,242.3 1 1
github.com/engine/server/ai/context.go:243.2,243.9 1 0
github.com/engine/server/ai/context.go:244.20,245.14 1 0
github.com/engine/server/ai/context.go:246.10,247.15 1 0
github.com/engine/server/ai/context.go:300.39,302.2 1 42
github.com/engine/server/ai/context.go:304.77,310.2 1 28
github.com/engine/server/ai/context.go:546.57,548.33 2 1
github.com/engine/server/ai/context.go:548.33,550.3 1 28
github.com/engine/server/ai/context.go:551.2,551.10 1 1
github.com/engine/server/ai/context.go:558.39,560.42 2 1
github.com/engine/server/ai/context.go:560.42,561.43 1 3
github.com/engine/server/ai/context.go:561.43,563.4 1 3
github.com/engine/server/ai/context.go:565.2,565.12 1 1
github.com/engine/server/ai/context.go:571.64,582.33 5 0
github.com/engine/server/ai/context.go:582.33,585.27 3 0
github.com/engine/server/ai/context.go:585.27,586.37 1 0
github.com/engine/server/ai/context.go:586.37,588.5 1 0
github.com/engine/server/ai/context.go:590.3,590.16 1 0
github.com/engine/server/ai/context.go:590.16,592.4 1 0
github.com/engine/server/ai/context.go:596.2,596.36 1 0
github.com/engine/server/ai/context.go:596.36,597.67 1 0
github.com/engine/server/ai/context.go:597.67,599.4 1 0
github.com/engine/server/ai/context.go:602.2,602.23 1 0
github.com/engine/server/ai/context.go:602.23,604.3 1 0
github.com/engine/server/ai/context.go:607.2,608.36 2 0
github.com/engine/server/ai/context.go:608.36,610.3 1 0
github.com/engine/server/ai/context.go:611.2,612.28 2 0
github.com/engine/server/ai/context.go:612.28,613.33 1 0
github.com/engine/server/ai/context.go:613.33,617.4 3 0
github.com/engine/server/ai/context.go:620.2,622.28 3 0
github.com/engine/server/ai/context.go:622.28,624.3 1 0
github.com/engine/server/ai/context.go:625.2,625.20 1 0
github.com/engine/server/ai/context.go:625.20,627.3 1 0
github.com/engine/server/ai/context.go:627.8,629.3 1 0
github.com/engine/server/ai/context.go:630.2,630.20 1 0
github.com/engine/server/ai/context.go:634.94,636.2 1 0
github.com/engine/server/ai/context.go:638.101,640.2 1 0
github.com/engine/server/ai/context.go:642.96,643.33 1 0
github.com/engine/server/ai/context.go:643.33,646.3 2 0
github.com/engine/server/ai/context.go:647.2,647.37 1 0
github.com/engine/server/ai/context.go:647.37,650.3 2 0
github.com/engine/server/ai/context.go:651.2,651.35 1 0
github.com/engine/server/ai/context.go:651.35,654.3 2 0
github.com/engine/server/ai/context.go:656.2,656.14 1 0
github.com/engine/server/ai/context.go:657.22,658.54 1 0
github.com/engine/server/ai/context.go:660.19,662.17 2 0
github.com/engine/server/ai/context.go:662.17,664.4 1 0
github.com/engine/server/ai/context.go:665.3,666.17 2 0
github.com/engine/server/ai/context.go:666.17,668.4 1 0
github.com/engine/server/ai/context.go:669.3,669.27 1 0
github.com/engine/server/ai/context.go:671.20,673.17 2 0
github.com/engine/server/ai/context.go:673.17,675.4 1 0
github.com/engine/server/ai/context.go:676.3,676.62 1 0
github.com/engine/server/ai/context.go:676.62,678.4 1 0
github.com/engine/server/ai/context.go:679.3,679.30 1 0
github.com/engine/server/ai/context.go:679.30,681.4 1 0
github.com/engine/server/ai/context.go:682.3,682.40 1 0
github.com/engine/server/ai/context.go:684.24,686.17 2 0
github.com/engine/server/ai/context.go:686.17,688.4 1 0
github.com/engine/server/ai/context.go:689.3,690.17 2 0
github.com/engine/server/ai/context.go:690.17,692.4 1 0
github.com/engine/server/ai/context.go:693.3,693.36 1 0
github.com/engine/server/ai/context.go:695.15,697.102 2 0
github.com/engine/server/ai/context.go:697.102,698.34 1 0
github.com/engine/server/ai/context.go:698.34,700.5 1 0
github.com/engine/server/ai/context.go:701.4,702.18 2 0
github.com/engine/server/ai/context.go:702.18,704.5 1 0
github.com/engine/server/ai/context.go:705.4,705.16 1 0
github.com/engine/server/ai/context.go:705.16,707.5 1 0
github.com/engine/server/ai/context.go:709.3,710.16 2 0
github.com/engine/server/ai/context.go:710.16,712.4 1 0
github.com/engine/server/ai/context.go:713.3,714.17 2 0
github.com/engine/server/ai/context.go:714.17,716.4 1 0
github.com/engine/server/ai/context.go:719.3,720.18 2 0
github.com/engine/server/ai/context.go:720.18,722.4 1 0
github.com/engine/server/ai/context.go:723.3,727.19 5 0
github.com/engine/server/ai/context.go:727.19,729.4 1 0
github.com/engine/server/ai/context.go:730.3,730.32 1 0
github.com/engine/server/ai/context.go:730.32,732.4 1 0
github.com/engine/server/ai/context.go:733.3,733.45 1 0
github.com/engine/server/ai/context.go:735.22,737.16 2 0
github.com/engine/server/ai/context.go:737.16,739.4 1 0
github.com/engine/server/ai/context.go:740.3,741.17 2 0
github.com/engine/server/ai/context.go:741.17,743.4 1 0
github.com/engine/server/ai/context.go:744.3,745.23 2 0
github.com/engine/server/ai/context.go:747.20,749.17 2 0
github.com/engine/server/ai/context.go:749.17,751.4 1 0
github.com/engine/server/ai/context.go:752.3,753.26 2 0
github.com/engine/server/ai/context.go:755.18,757.21 2 0
github.com/engine/server/ai/context.go:757.21,759.18 2 0
github.com/engine/server/ai/context.go:759.18,761.5 1 0
github.com/engine/server/ai/context.go:762.4,762.31 1 0
github.com/engine/server/ai/context.go:764.3,765.17 2 0
github.com/engine/server/ai/context.go:765.17,767.4 1 0
github.com/engine/server/ai/context.go:768.3,768.21 1 0
github.com/engine/server/ai/context.go:770.20,772.88 1 0
github.com/engine/server/ai/context.go:772.88,773.53 1 0
github.com/engine/server/ai/context.go:773.53,776.5 2 0
github.com/engine/server/ai/context.go:778.3,778.33 1 0
github.com/engine/server/ai/context.go:778.33,780.4 1 0
github.com/engine/server/ai/context.go:781.3,787.17 2 0
github.com/engine/server/ai/context.go:787.17,789.4 1 0
github.com/engine/server/ai/context.go:790.3,790.15 1 0
github.com/engine/server/ai/context.go:790.15,792.4 1 0
github.com/engine/server/ai/context.go:793.3,794.17 2 0
github.com/engine/server/ai/context.go:794.17,796.4 1 0
github.com/engine/server/ai/context.go:797.3,797.37 1 0
github.com/engine/server/ai/context.go:799.19,801.17 2 0
github.com/engine/server/ai/context.go:801.17,803.4 1 0
github.com/engine/server/ai/context.go:804.3,804.30 1 0
github.com/engine/server/ai/context.go:804.30,806.4 1 0
github.com/engine/server/ai/context.go:807.3,807.34 1 0
github.com/engine/server/ai/context.go:809.25,810.47 1 0
github.com/engine/server/ai/context.go:812.24,813.29 1 0
github.com/engine/server/ai/context.go:813.29,815.4 1 0
github.com/engine/server/ai/context.go:816.3,818.26 3 0
github.com/engine/server/ai/context.go:820.24,821.17 1 0
github.com/engine/server/ai/context.go:821.17,823.4 1 0
github.com/engine/server/ai/context.go:824.3,825.18 2 0
github.com/engine/server/ai/context.go:825.18,827.4 1 0
github.com/engine/server/ai/context.go:828.3,831.29 4 0
github.com/engine/server/ai/context.go:831.29,833.4 1 0
github.com/engine/server/ai/context.go:834.3,835.17 2 0
github.com/engine/server/ai/context.go:835.17,837.4 1 0
github.com/engine/server/ai/context.go:838.3,839.17 2 0
github.com/engine/server/ai/context.go:839.17,841.4 1 0
github.com/engine/server/ai/context.go:842.3,842.71 1 0
github.com/engine/server/ai/context.go:844.19,846.17 2 0
github.com/engine/server/ai/context.go:846.17,848.4 1 0
github.com/engine/server/ai/context.go:849.3,850.39 2 0
github.com/engine/server/ai/context.go:850.39,851.40 1 0
github.com/engine/server/ai/context.go:851.40,852.36 1 0
github.com/engine/server/ai/context.go:852.36,854.6 1 0
github.com/engine/server/ai/context.go:857.3,857.30 1 0
github.com/engine/server/ai/context.go:857.30,859.4 1 0
github.com/engine/server/ai/context.go:860.3,860.38 1 0
github.com/engine/server/ai/context.go:862.19,864.17 2 0
github.com/engine/server/ai/context.go:864.17,866.4 1 0
github.com/engine/server/ai/context.go:867.3,867.30 1 0
github.com/engine/server/ai/context.go:867.30,869.4 1 0
github.com/engine/server/ai/context.go:870.3,870.39 1 0
github.com/engine/server/ai/context.go:872.18,879.30 4 0
github.com/engine/server/ai/context.go:879.30,881.4 1 0
github.com/engine/server/ai/context.go:884.3,890.126 2 0
github.com/engine/server/ai/context.go:892.28,896.18 4 0
github.com/engine/server/ai/context.go:896.18,898.4 1 0
github.com/engine/server/ai/context.go:899.3,900.17 2 0
github.com/engine/server/ai/context.go:900.17,902.4 1 0
github.com/engine/server/ai/context.go:903.3,904.17 2 0
github.com/engine/server/ai/context.go:904.17,906.4 1 0
github.com/engine/server/ai/context.go:907.3,908.32 2 0
github.com/engine/server/ai/context.go:908.32,910.35 2 0
github.com/engine/server/ai/context.go:910.35,912.5 1 0
github.com/engine/server/ai/context.go:913.4,913.98 1 0
github.com/engine/server/ai/context.go:915.3,915.20 1 0
github.com/engine/server/ai/context.go:915.20,917.4 1 0
github.com/engine/server/ai/context.go:918.3,918.28 1 0
github.com/engine/server/ai/context.go:920.26,925.15 5 0
github.com/engine/server/ai/context.go:925.15,927.4 1 0
github.com/engine/server/ai/context.go:928.3,929.17 2 0
github.com/engine/server/ai/context.go:929.17,931.4 1 0
github.com/engine/server/ai/context.go:932.3,933.17 2 0
github.com/engine/server/ai/context.go:933.17,935.4 1 0
github.com/engine/server/ai/context.go:936.3,936.132 1 0
github.com/engine/server/ai/context.go:938.28,944.15 6 0
github.com/engine/server/ai/context.go:944.15,946.4 1 0
github.com/engine/server/ai/context.go:947.3,948.17 2 0
github.com/engine/server/ai/context.go:948.17,950.4 1 0
github.com/engine/server/ai/context.go:951.3,951.57 1 0
github.com/engine/server/ai/context.go:951.57,953.4 1 0
github.com/engine/server/ai/context.go:954.3,954.53 1 0
github.com/engine/server/ai/context.go:956.29,961.18 5 0
github.com/engine/server/ai/context.go:961.18,963.4 1 0
github.com/engine/server/ai/context.go:964.3,965.17 2 0
github.com/engine/server/ai/context.go:965.17,967.4 1 0
github.com/engine/server/ai/context.go:968.3,969.17 2 0
github.com/engine/server/ai/context.go:969.17,971.4 1 0
github.com/engine/server/ai/context.go:972.3,972.93 1 0
github.com/engine/server/ai/context.go:974.24,980.29 6 0
github.com/engine/server/ai/context.go:980.29,982.4 1 0
github.com/engine/server/ai/context.go:983.3,984.17 2 0
github.com/engine/server/ai/context.go:984.17,986.4 1 0
github.com/engine/server/ai/context.go:987.3,988.17 2 0
github.com/engine/server/ai/context.go:988.17,990.4 1 0
github.com/engine/server/ai/context.go:991.3,991.66 1 0
github.com/engine/server/ai/context.go:993.18,994.33 1 0
github.com/engine/server/ai/context.go:994.33,996.4 1 0
github.com/engine/server/ai/context.go:997.3,999.19 3 0
github.com/engine/server/ai/context.go:999.19,1001.4 1 0
github.com/engine/server/ai/context.go:1002.3,1008.17 2 0
github.com/engine/server/ai/context.go:1008.17,1010.4 1 0
github.com/engine/server/ai/context.go:1011.3,1011.15 1 0
github.com/engine/server/ai/context.go:1011.15,1013.4 1 0
github.com/engine/server/ai/context.go:1014.3,1015.21 2 0
github.com/engine/server/ai/context.go:1015.21,1017.4 1 0
github.com/engine/server/ai/context.go:1018.3,1018.20 1 0
github.com/engine/server/ai/context.go:1020.18,1022.21 2 0
github.com/engine/server/ai/context.go:1022.21,1024.4 1 0
github.com/engine/server/ai/context.go:1025.3,1025.20 1 0
github.com/engine/server/ai/context.go:1027.20,1030.17 3 0
github.com/engine/server/ai/context.go:1030.17,1032.24 2 0
github.com/engine/server/ai/context.go:1032.24,1034.5 1 0
github.com/engine/server/ai/context.go:1035.4,1035.46 1 0
github.com/engine/server/ai/context.go:1037.3,1038.23 2 0
github.com/engine/server/ai/context.go:1038.23,1040.4 1 0
github.com/engine/server/ai/context.go:1041.3,1041.20 1 0
github.com/engine/server/ai/context.go:1043.22,1046.21 3 0
github.com/engine/server/ai/context.go:1046.21,1048.4 1 0
github.com/engine/server/ai/context.go:1049.3,1051.27 3 0
github.com/engine/server/ai/context.go:1051.27,1053.69 2 0
github.com/engine/server/ai/context.go:1053.69,1054.13 1 0
github.com/engine/server/ai/context.go:1056.4,1059.22 4 0
github.com/engine/server/ai/context.go:1059.22,1061.5 1 0
github.com/engine/server/ai/context.go:1062.4,1065.19 3 0
github.com/engine/server/ai/context.go:1065.19,1067.10 2 0
github.com/engine/server/ai/context.go:1070.3,1070.20 1 0
github.com/engine/server/ai/context.go:1070.20,1072.4 1 0
github.com/engine/server/ai/context.go:1073.3,1073.28 1 0
github.com/engine/server/ai/context.go:1075.22,1076.33 1 0
github.com/engine/server/ai/context.go:1076.33,1078.4 1 0
github.com/engine/server/ai/context.go:1079.3,1081.15 3 0
github.com/engine/server/ai/context.go:1081.15,1083.4 1 0
github.com/engine/server/ai/context.go:1084.3,1085.21 2 0
github.com/engine/server/ai/context.go:1085.21,1087.4 1 0
github.com/engine/server/ai/context.go:1088.3,1090.19 3 0
github.com/engine/server/ai/context.go:1090.19,1092.4 1 0
[...]
github.com/engine/server/ws/handler.go:220.55,223.8 3 1
github.com/engine/server/ws/handler.go:223.8,225.3 1 0
github.com/engine/server/ws/handler.go:226.2,227.9 2 1
github.com/engine/server/ws/handler.go:227.9,229.3 1 1
github.com/engine/server/ws/handler.go:230.2,231.15 2 0
github.com/engine/server/ws/handler.go:234.48,240.33 5 19
github.com/engine/server/ws/handler.go:240.33,243.3 2 0
github.com/engine/server/ws/handler.go:246.22,247.15 1 19
github.com/engine/server/ws/handler.go:247.15,249.31 1 19
github.com/engine/server/ws/handler.go:249.31,251.4 1 0
github.com/engine/server/ws/handler.go:256.3,261.21 6 19
github.com/engine/server/ws/handler.go:264.2,264.6 1 19
github.com/engine/server/ws/handler.go:264.6,266.17 2 44
github.com/engine/server/ws/handler.go:266.17,268.4 1 19
github.com/engine/server/ws/handler.go:269.3,272.52 2 25
github.com/engine/server/ws/handler.go:272.52,274.12 2 1
github.com/engine/server/ws/handler.go:276.3,276.29 1 24
github.com/engine/server/ws/handler.go:280.53,283.17 2 24
github.com/engine/server/ws/handler.go:287.22,292.21 3 4
github.com/engine/server/ws/handler.go:292.21,295.4 2 0
github.com/engine/server/ws/handler.go:296.3,304.82 6 4
github.com/engine/server/ws/handler.go:304.82,306.4 1 0
github.com/engine/server/ws/handler.go:306.9,310.65 4 4
github.com/engine/server/ws/handler.go:310.65,313.5 2 0
github.com/engine/server/ws/handler.go:314.4,314.73 1 4
github.com/engine/server/ws/handler.go:314.73,316.5 1 0
github.com/engine/server/ws/handler.go:317.4,317.18 1 4
github.com/engine/server/ws/handler.go:320.3,322.21 3 4
github.com/engine/server/ws/handler.go:322.21,324.4 1 4
github.com/engine/server/ws/handler.go:324.9,327.4 2 0
github.com/engine/server/ws/handler.go:329.3,330.17 2 4
github.com/engine/server/ws/handler.go:330.17,332.4 1 4
github.com/engine/server/ws/handler.go:333.3,334.17 2 4
github.com/engine/server/ws/handler.go:334.17,336.4 1 4
github.com/engine/server/ws/handler.go:338.3,338.64 1 4
github.com/engine/server/ws/handler.go:338.64,340.4 1 4
github.com/engine/server/ws/handler.go:344.22,346.17 2 0
github.com/engine/server/ws/handler.go:346.17,349.4 2 0
github.com/engine/server/ws/handler.go:350.3,350.79 1 0
github.com/engine/server/ws/handler.go:352.24,356.51 2 0
github.com/engine/server/ws/handler.go:356.51,359.4 2 0
github.com/engine/server/ws/handler.go:360.3,360.28 1 0
github.com/engine/server/ws/handler.go:360.28,363.4 2 0
github.com/engine/server/ws/handler.go:364.3,366.67 3 0
github.com/engine/server/ws/handler.go:366.67,369.4 2 0
github.com/engine/server/ws/handler.go:370.3,371.75 2 0
github.com/engine/server/ws/handler.go:371.75,373.4 1 0
github.com/engine/server/ws/handler.go:374.3,376.80 3 0
github.com/engine/server/ws/handler.go:378.22,382.51 2 0
github.com/engine/server/ws/handler.go:382.51,385.4 2 0
github.com/engine/server/ws/handler.go:386.3,387.35 2 0
github.com/engine/server/ws/handler.go:387.35,390.4 2 0
github.com/engine/server/ws/handler.go:391.3,394.101 4 0
github.com/engine/server/ws/handler.go:398.14,403.51 2 4
github.com/engine/server/ws/handler.go:403.51,406.4 2 0
github.com/engine/server/ws/handler.go:407.3,408.17 2 4
github.com/engine/server/ws/handler.go:408.17,411.4 2 1
github.com/engine/server/ws/handler.go:412.3,418.48 5 3
github.com/engine/server/ws/handler.go:418.48,420.4 1 0
github.com/engine/server/ws/handler.go:421.3,421.39 1 3
github.com/engine/server/ws/handler.go:421.39,421.58 1 0
github.com/engine/server/ws/handler.go:422.3,425.13 3 3
github.com/engine/server/ws/handler.go:425.13,426.17 1 3
github.com/engine/server/ws/handler.go:426.17,429.49 2 3
github.com/engine/server/ws/handler.go:429.49,433.6 2 3
github.com/engine/server/ws/handler.go:434.5,436.33 2 3
github.com/engine/server/ws/handler.go:436.33,443.6 2 0
github.com/engine/server/ws/handler.go:445.4,449.46 1 3
github.com/engine/server/ws/handler.go:449.46,451.6 1 6
github.com/engine/server/ws/handler.go:452.54,454.6 1 3
github.com/engine/server/ws/handler.go:455.71,457.6 1 3
github.com/engine/server/ws/handler.go:458.34,460.6 1 0
github.com/engine/server/ws/handler.go:461.49,463.6 1 0
github.com/engine/server/ws/handler.go:464.38,468.6 3 1
github.com/engine/server/ws/handler.go:469.79,471.6 1 0
github.com/engine/server/ws/handler.go:472.61,474.33 2 2
github.com/engine/server/ws/handler.go:475.34,476.27 1 1
github.com/engine/server/ws/handler.go:476.27,478.8 1 1
github.com/engine/server/ws/handler.go:479.29,480.27 1 1
github.com/engine/server/ws/handler.go:480.27,482.8 1 1
github.com/engine/server/ws/handler.go:484.6,484.15 1 2
github.com/engine/server/ws/handler.go:489.19,493.74 2 0
github.com/engine/server/ws/handler.go:493.74,495.4 1 0
github.com/engine/server/ws/handler.go:496.3,497.51 2 0
github.com/engine/server/ws/handler.go:497.51,500.4 2 0
github.com/engine/server/ws/handler.go:501.3,501.26 1 0
github.com/engine/server/ws/handler.go:503.26,508.51 2 2
github.com/engine/server/ws/handler.go:508.51,511.4 2 0
github.com/engine/server/ws/handler.go:512.3,512.19 1 2
github.com/engine/server/ws/handler.go:512.19,515.4 2 1
github.com/engine/server/ws/handler.go:516.3,516.39 1 1
github.com/engine/server/ws/handler.go:520.19,526.17 4 0
github.com/engine/server/ws/handler.go:526.17,529.4 2 0
github.com/engine/server/ws/handler.go:530.3,530.140 1 0
github.com/engine/server/ws/handler.go:532.19,537.51 2 0
github.com/engine/server/ws/handler.go:537.51,540.4 2 0
github.com/engine/server/ws/handler.go:541.3,541.63 1 0
github.com/engine/server/ws/handler.go:541.63,544.4 2 0
github.com/engine/server/ws/handler.go:545.3,545.73 1 0
github.com/engine/server/ws/handler.go:547.21,552.54 3 0
github.com/engine/server/ws/handler.go:552.54,555.4 2 0
github.com/engine/server/ws/handler.go:556.3,556.75 1 0
github.com/engine/server/ws/handler.go:558.23,563.53 3 0
github.com/engine/server/ws/handler.go:563.53,566.4 2 0
github.com/engine/server/ws/handler.go:567.3,567.77 1 0
github.com/engine/server/ws/handler.go:569.19,575.17 4 0
github.com/engine/server/ws/handler.go:575.17,578.4 2 0
github.com/engine/server/ws/handler.go:579.3,579.68 1 0
github.com/engine/server/ws/handler.go:581.21,587.51 2 0
github.com/engine/server/ws/handler.go:587.51,590.4 2 0
github.com/engine/server/ws/handler.go:591.3,592.18 2 0
github.com/engine/server/ws/handler.go:592.18,595.4 2 0
github.com/engine/server/ws/handler.go:596.3,597.17 2 0
github.com/engine/server/ws/handler.go:597.17,599.4 1 0
github.com/engine/server/ws/handler.go:600.3,601.17 2 0
github.com/engine/server/ws/handler.go:601.17,604.4 2 0
github.com/engine/server/ws/handler.go:605.3,605.95 1 0
github.com/engine/server/ws/handler.go:609.20,610.13 1 0
github.com/engine/server/ws/handler.go:610.13,612.18 2 0
github.com/engine/server/ws/handler.go:612.18,615.5 2 0
github.com/engine/server/ws/handler.go:616.4,616.74 1 0
github.com/engine/server/ws/handler.go:619.18,625.85 4 0
github.com/engine/server/ws/handler.go:627.17,632.21 3 0
github.com/engine/server/ws/handler.go:632.21,634.4 1 0
github.com/engine/server/ws/handler.go:635.3,636.72 2 0
github.com/engine/server/ws/handler.go:638.20,642.51 2 0
github.com/engine/server/ws/handler.go:642.51,645.4 2 0
github.com/engine/server/ws/handler.go:646.3,647.20 2 0
github.com/engine/server/ws/handler.go:647.20,650.4 2 0
github.com/engine/server/ws/handler.go:651.3,652.17 2 0
github.com/engine/server/ws/handler.go:652.17,655.4 2 0
github.com/engine/server/ws/handler.go:656.3,657.62 2 0
github.com/engine/server/ws/handler.go:657.62,659.4 1 0
github.com/engine/server/ws/handler.go:660.3,660.63 1 0
github.com/engine/server/ws/handler.go:660.63,662.4 1 0
github.com/engine/server/ws/handler.go:664.25,670.40 4 0
github.com/engine/server/ws/handler.go:670.40,672.4 1 0
github.com/engine/server/ws/handler.go:673.3,679.5 2 0
github.com/engine/server/ws/handler.go:681.21,685.51 2 1
github.com/engine/server/ws/handler.go:685.51,688.4 2 0
github.com/engine/server/ws/handler.go:689.3,689.33 1 1
github.com/engine/server/ws/handler.go:693.28,694.29 1 1
github.com/engine/server/ws/handler.go:696.28,700.51 2 1
github.com/engine/server/ws/handler.go:700.51,703.4 2 0
github.com/engine/server/ws/handler.go:704.3,704.39 1 1
github.com/engine/server/ws/handler.go:706.26,711.38 3 2
github.com/engine/server/ws/handler.go:713.32,721.81 3 1
github.com/engine/server/ws/handler.go:723.32,731.84 3 1
github.com/engine/server/ws/handler.go:735.21,736.23 1 2
github.com/engine/server/ws/handler.go:738.23,744.15 4 2
github.com/engine/server/ws/handler.go:744.15,746.4 1 0
github.com/engine/server/ws/handler.go:747.3,747.30 1 2
github.com/engine/server/ws/handler.go:751.25,758.16 5 0
github.com/engine/server/ws/handler.go:758.16,760.4 1 0
github.com/engine/server/ws/handler.go:761.3,762.22 1 0
github.com/engine/server/ws/handler.go:762.22,764.5 1 0
github.com/engine/server/ws/handler.go:765.11,768.5 2 0
github.com/engine/server/ws/handler.go:770.3,770.17 1 0
github.com/engine/server/ws/handler.go:770.17,773.4 2 0
github.com/engine/server/ws/handler.go:774.3,775.91 2 0
github.com/engine/server/ws/handler.go:777.24,783.44 3 0
github.com/engine/server/ws/handler.go:785.25,792.55 3 0
github.com/engine/server/ws/handler.go:794.24,800.36 4 0
github.com/engine/server/ws/handler.go:804.26,808.51 2 1
github.com/engine/server/ws/handler.go:808.51,812.4 3 1
github.com/engine/server/ws/handler.go:816.27,819.17 3 0
github.com/engine/server/ws/handler.go:819.17,826.4 2 0
github.com/engine/server/ws/handler.go:827.3,830.5 1 0
github.com/engine/server/ws/handler.go:832.25,838.51 2 0
github.com/engine/server/ws/handler.go:838.51,841.4 2 0
github.com/engine/server/ws/handler.go:842.3,842.44 1 0
github.com/engine/server/ws/handler.go:842.44,844.4 1 0
github.com/engine/server/ws/handler.go:845.3,845.41 1 0
github.com/engine/server/ws/handler.go:845.41,847.4 1 0
github.com/engine/server/ws/handler.go:848.3,848.40 1 0
github.com/engine/server/ws/handler.go:848.40,850.4 1 0
github.com/engine/server/ws/handler.go:851.3,854.5 1 0
github.com/engine/server/ws/handler.go:856.10,857.78 1 2
github.com/engine/server/ws/handler.go:861.55,863.9 2 2
github.com/engine/server/ws/handler.go:864.57,866.9 2 1
github.com/engine/server/ws/handler.go:867.27,869.17 2 1
github.com/engine/server/ws/handler.go:869.17,876.4 2 1
github.com/engine/server/ws/handler.go:877.3,877.44 1 0
github.com/engine/server/ws/handler.go:880.2,881.16 2 0
github.com/engine/server/ws/handler.go:881.16,884.3 2 0
github.com/engine/server/ws/handler.go:885.2,885.75 1 0
github.com/engine/server/ws/handler.go:888.35,890.16 2 2
github.com/engine/server/ws/handler.go:890.16,893.3 2 2
github.com/engine/server/ws/handler.go:894.2,894.69 1 0
github.com/engine/server/ws/handler.go:918.44,927.2 8 1
github.com/engine/server/ws/handler.go:929.47,930.53 1 8
github.com/engine/server/ws/handler.go:930.53,933.3 2 5
github.com/engine/server/ws/handler.go:934.2,934.43 1 3
github.com/engine/server/ws/handler.go:937.45,939.17 2 2
github.com/engine/server/ws/handler.go:939.17,941.3 1 2
github.com/engine/server/ws/handler.go:943.2,949.16 6 0
github.com/engine/server/ws/handler.go:949.16,951.3 1 0
github.com/engine/server/ws/handler.go:952.2,954.28 2 0
github.com/engine/server/ws/handler.go:954.28,956.3 1 0
github.com/engine/server/ws/handler.go:958.2,963.64 2 0
github.com/engine/server/ws/handler.go:963.64,965.3 1 0
github.com/engine/server/ws/handler.go:967.2,971.8 1 0
github.com/engine/server/ws/handler.go:974.67,979.41 5 0
github.com/engine/server/ws/handler.go:979.41,981.3 1 0
github.com/engine/server/ws/handler.go:983.2,984.16 2 0
github.com/engine/server/ws/handler.go:984.16,986.3 1 0
github.com/engine/server/ws/handler.go:987.2,989.28 2 0
github.com/engine/server/ws/handler.go:989.28,991.3 1 0
github.com/engine/server/ws/handler.go:993.2,1010.64 2 0
github.com/engine/server/ws/handler.go:1010.64,1012.3 1 0
github.com/engine/server/ws/handler.go:1014.2,1015.24 2 0
github.com/engine/server/ws/handler.go:1015.24,1016.27 1 0
github.com/engine/server/ws/handler.go:1016.27,1017.12 1 0
github.com/engine/server/ws/handler.go:1019.3,1029.5 1 0
github.com/engine/server/ws/handler.go:1031.2,1031.19 1 0
github.com/engine/server/ws/handler.go:1031.19,1033.3 1 0
github.com/engine/server/ws/handler.go:1034.2,1034.20 1 0
github.com/engine/server/ws/handler.go:1037.21,1039.2 1 4
github.com/engine/server/ws/handler.go:1041.27,1043.2 1 4
github.com/engine/server/ws/handler.go:1045.50,1049.2 3 5
github.com/engine/server/ws/offline_queue.go:38.38,42.2 1 10
github.com/engine/server/ws/offline_queue.go:47.52,51.35 3 4028
github.com/engine/server/ws/offline_queue.go:51.35,53.3 1 2
github.com/engine/server/ws/offline_queue.go:55.2,55.37 1 4026
github.com/engine/server/ws/offline_queue.go:55.37,58.3 1 11
github.com/engine/server/ws/offline_queue.go:59.2,59.38 1 4026
github.com/engine/server/ws/offline_queue.go:65.65,73.31 6 9
github.com/engine/server/ws/offline_queue.go:73.31,74.40 1 2010
github.com/engine/server/ws/offline_queue.go:74.40,75.12 1 1
github.com/engine/server/ws/offline_queue.go:77.3,77.31 1 2009
github.com/engine/server/ws/offline_queue.go:77.31,79.12 2 1
github.com/engine/server/ws/offline_queue.go:81.3,82.28 2 2008
github.com/engine/server/ws/offline_queue.go:85.2,86.15 2 9
github.com/engine/server/ws/offline_queue.go:91.32,97.31 5 1
github.com/engine/server/ws/offline_queue.go:97.31,98.31 1 2
github.com/engine/server/ws/offline_queue.go:98.31,100.4 1 1
github.com/engine/server/ws/offline_queue.go:102.2,102.19 1 1
github.com/engine/server/ws/offline_queue.go:106.34,110.2 3 6
github.com/engine/server/git/git.go:29.54,34.2 4 40
github.com/engine/server/git/git.go:37.51,39.16 2 7
github.com/engine/server/git/git.go:39.16,41.3 1 2
github.com/engine/server/git/git.go:42.2,42.17 1 5
github.com/engine/server/git/git.go:46.48,50.16 3 4
github.com/engine/server/git/git.go:50.16,52.3 1 1
github.com/engine/server/git/git.go:54.2,62.54 2 3
github.com/engine/server/git/git.go:62.54,63.20 1 3
github.com/engine/server/git/git.go:63.20,64.12 1 1
github.com/engine/server/git/git.go:66.3,67.10 2 2
github.com/engine/server/git/git.go:68.29,69.53 1 1
github.com/engine/server/git/git.go:70.29,72.28 2 1
github.com/engine/server/git/git.go:72.28,74.5 1 0
github.com/engine/server/git/git.go:75.29,76.51 1 0
github.com/engine/server/git/git.go:81.2,82.16 2 3
github.com/engine/server/git/git.go:82.16,84.22 2 0
github.com/engine/server/git/git.go:84.22,87.4 2 0
github.com/engine/server/git/git.go:90.2,90.20 1 3
github.com/engine/server/git/git.go:94.55,96.16 2 3
github.com/engine/server/git/git.go:96.16,98.3 1 1
github.com/engine/server/git/git.go:99.2,100.15 2 3
github.com/engine/server/git/git.go:100.15,102.3 1 2
github.com/engine/server/git/git.go:103.2,103.17 1 3
github.com/engine/server/git/git.go:107.57,110.16 3 2
github.com/engine/server/git/git.go:110.16,112.3 1 0
github.com/engine/server/git/git.go:114.2,115.48 2 2
github.com/engine/server/git/git.go:115.48,117.22 2 3
github.com/engine/server/git/git.go:117.22,118.12 1 0
github.com/engine/server/git/git.go:121.3,123.17 3 3
github.com/engine/server/git/git.go:123.17,125.4 1 3
github.com/engine/server/git/git.go:126.3,131.5 1 3
github.com/engine/server/git/git.go:133.2,133.20 1 2
github.com/engine/server/git/git.go:133.20,135.3 1 0
github.com/engine/server/git/git.go:136.2,136.21 1 2
github.com/engine/server/git/git.go:141.50,142.49 1 1
github.com/engine/server/git/git.go:142.49,144.3 1 0
github.com/engine/server/git/git.go:145.2,145.61 1 1
github.com/engine/server/git/git.go:145.61,147.3 1 0
github.com/engine/server/git/git.go:148.2,149.16 2 1
github.com/engine/server/git/git.go:149.16,151.3 1 0
github.com/engine/server/git/git.go:152.2,152.18 1 1
github.com/engine/server/git/git.go:156.50,158.2 1 2
github.com/engine/server/git/git.go:161.53,163.2 1 3
github.com/engine/server/git/git.go:166.48,168.16 2 2
github.com/engine/server/git/git.go:168.16,170.3 1 0
github.com/engine/server/git/git.go:172.2,173.48 2 2
github.com/engine/server/git/git.go:173.48,175.19 2 2
github.com/engine/server/git/git.go:175.19,177.4 1 0
github.com/engine/server/git/git.go:179.2,179.21 1 2
github.com/engine/server/git/git.go:183.63,185.19 2 4
github.com/engine/server/git/git.go:185.19,187.3 1 0
github.com/engine/server/git/git.go:189.2,190.9 2 4
github.com/engine/server/git/git.go:191.48,192.80 1 1
github.com/engine/server/git/git.go:193.48,194.80 1 2
github.com/engine/server/git/git.go:195.10,196.23 1 1
github.com/engine/server/git/git.go:199.2,201.56 3 3
github.com/engine/server/git/git.go:201.56,203.3 1 0
github.com/engine/server/git/git.go:205.2,205.33 1 3
github.com/engine/server/git/git.go:209.60,210.56 1 1
github.com/engine/server/git/git.go:210.56,211.56 1 0
github.com/engine/server/git/git.go:211.56,213.4 1 0
github.com/engine/server/git/git.go:216.2,217.16 2 1
github.com/engine/server/git/git.go:217.16,219.3 1 0
github.com/engine/server/git/git.go:221.2,221.33 1 1
github.com/engine/server/git/git.go:221.33,222.25 1 0
github.com/engine/server/git/git.go:222.25,223.12 1 0
github.com/engine/server/git/git.go:226.3,227.17 2 0
github.com/engine/server/git/git.go:227.17,228.12 1 0
github.com/engine/server/git/git.go:230.3,230.56 1 0
github.com/engine/server/git/git.go:230.56,232.4 1 0
github.com/engine/server/git/git.go:235.2,235.48 1 1
github.com/engine/server/git/git.go:248.70,251.16 2 1
github.com/engine/server/git/git.go:251.16,254.18 2 0
github.com/engine/server/git/git.go:254.18,256.4 1 0
github.com/engine/server/git/git.go:258.2,258.12 1 1
github.com/engine/server/git/git.go:263.58,266.2 2 1
github.com/engine/server/git/git.go:269.44,272.2 2 1
github.com/engine/server/git/git.go:275.61,277.16 2 1
github.com/engine/server/git/git.go:277.16,279.3 1 0
github.com/engine/server/git/git.go:280.2,282.48 3 1
github.com/engine/server/git/git.go:282.48,284.10 2 3
github.com/engine/server/git/git.go:285.45,286.26 1 1
github.com/engine/server/git/git.go:286.26,288.5 1 0
github.com/engine/server/git/git.go:289.4,289.71 1 1
github.com/engine/server/git/git.go:290.41,291.52 1 1
github.com/engine/server/git/git.go:292.43,293.91 1 1
github.com/engine/server/git/git.go:294.19,295.26 1 0
github.com/engine/server/git/git.go:295.26,298.5 2 0
github.com/engine/server/git/git.go:301.2,301.24 1 1
github.com/engine/server/git/git.go:301.24,303.3 1 1
github.com/engine/server/git/git.go:304.2,304.20 1 1
github.com/engine/server/git/git.go:309.44,310.62 1 1
github.com/engine/server/git/git.go:310.62,312.49 2 2
github.com/engine/server/git/git.go:312.49,314.4 1 1
github.com/engine/server/git/git.go:316.2,316.15 1 0
github.com/engine/server/git/git.go:320.56,323.2 2 1
github.com/engine/server/git/git.go:326.47,327.18 1 0
github.com/engine/server/git/git.go:327.18,329.3 1 0
github.com/engine/server/git/git.go:330.2,332.16 3 0
github.com/engine/server/git/git.go:332.16,334.3 1 0
github.com/engine/server/git/git.go:335.2,335.17 1 0
github.com/engine/server/git/git.go:339.47,340.18 1 0
github.com/engine/server/git/git.go:340.18,342.3 1 0
github.com/engine/server/git/git.go:343.2,344.16 2 0
github.com/engine/server/git/git.go:344.16,346.3 1 0
github.com/engine/server/git/git.go:347.2,347.17 1 0
github.com/engine/server/git/git.go:351.66,352.12 1 2
github.com/engine/server/git/git.go:352.12,354.17 2 1
github.com/engine/server/git/git.go:354.17,356.4 1 0
github.com/engine/server/git/git.go:357.3,357.18 1 1
github.com/engine/server/git/git.go:359.2,360.16 2 1
github.com/engine/server/git/git.go:360.16,362.3 1 0
github.com/engine/server/git/git.go:363.2,363.17 1 1
github.com/engine/server/git/git.go:367.49,369.16 2 1
github.com/engine/server/git/git.go:369.16,371.3 1 0
github.com/engine/server/git/git.go:372.2,373.48 2 1
github.com/engine/server/git/git.go:373.48,375.14 2 1
github.com/engine/server/git/git.go:375.14,377.4 1 1
github.com/engine/server/git/git.go:379.2,379.21 1 1
github.com/engine/server/git/git.go:379.21,381.3 1 0
github.com/engine/server/git/git.go:382.2,382.22 1 1
github.com/engine/server/git/git.go:387.57,389.2 1 1
