mode: atomic
github.com/engine/server/db/attention_residuals.go:18.66,19.25 1 6
github.com/engine/server/db/attention_residuals.go:19.25,21.3 1 2
github.com/engine/server/db/attention_residuals.go:23.2,24.16 2 4
github.com/engine/server/db/attention_residuals.go:24.16,26.3 1 1
github.com/engine/server/db/attention_residuals.go:27.2,34.16 3 3
github.com/engine/server/db/attention_residuals.go:34.16,36.3 1 1
github.com/engine/server/db/attention_residuals.go:37.2,39.37 2 2
github.com/engine/server/db/attention_residuals.go:39.37,41.22 2 3
github.com/engine/server/db/attention_residuals.go:41.22,43.4 1 3
github.com/engine/server/db/attention_residuals.go:44.3,56.17 1 3
github.com/engine/server/db/attention_residuals.go:56.17,58.4 1 1
github.com/engine/server/db/attention_residuals.go:61.2,61.20 1 1
github.com/engine/server/db/attention_residuals.go:64.95,65.16 1 4
github.com/engine/server/db/attention_residuals.go:65.16,67.3 1 1
github.com/engine/server/db/attention_residuals.go:69.2,89.16 2 4
github.com/engine/server/db/attention_residuals.go:89.16,91.3 1 1
github.com/engine/server/db/attention_residuals.go:92.2,95.18 3 3
github.com/engine/server/db/attention_residuals.go:95.18,110.17 2 2
github.com/engine/server/db/attention_residuals.go:110.17,112.4 1 1
github.com/engine/server/db/attention_residuals.go:113.3,113.42 1 1
github.com/engine/server/db/attention_residuals.go:115.2,115.23 1 2
github.com/engine/server/db/db.go:23.42,24.63 1 64
github.com/engine/server/db/db.go:24.63,26.3 1 59
github.com/engine/server/db/db.go:27.2,27.74 1 5
github.com/engine/server/db/db.go:27.74,29.3 1 2
github.com/engine/server/db/db.go:30.2,30.68 1 3
github.com/engine/server/db/db.go:30.68,32.3 1 1
github.com/engine/server/db/db.go:33.2,33.23 1 2
github.com/engine/server/db/db.go:33.23,35.3 1 1
github.com/engine/server/db/db.go:36.2,36.38 1 1
github.com/engine/server/db/db.go:40.37,41.21 1 58
github.com/engine/server/db/db.go:41.21,44.3 2 2
github.com/engine/server/db/db.go:46.2,47.47 2 58
github.com/engine/server/db/db.go:47.47,49.3 1 2
github.com/engine/server/db/db.go:50.2,53.16 3 56
github.com/engine/server/db/db.go:53.16,55.3 1 1
github.com/engine/server/db/db.go:56.2,59.18 4 55
github.com/engine/server/db/db.go:62.22,208.2 2 55
github.com/engine/server/db/db.go:232.19,232.67 1 86
github.com/engine/server/db/db.go:234.62,241.2 3 32
github.com/engine/server/db/db.go:243.46,252.16 3 4
github.com/engine/server/db/db.go:252.16,254.3 1 1
github.com/engine/server/db/db.go:255.2,255.91 1 3
github.com/engine/server/db/db.go:255.91,257.3 1 3
github.com/engine/server/db/db.go:258.2,258.18 1 3
github.com/engine/server/db/db.go:261.58,270.16 2 4
github.com/engine/server/db/db.go:270.16,272.3 1 1
github.com/engine/server/db/db.go:273.2,275.18 3 3
github.com/engine/server/db/db.go:275.18,277.17 2 3
github.com/engine/server/db/db.go:277.17,279.4 1 1
github.com/engine/server/db/db.go:280.3,280.34 1 2
github.com/engine/server/db/db.go:282.2,282.86 1 2
github.com/engine/server/db/db.go:282.86,283.27 1 2
github.com/engine/server/db/db.go:283.27,285.4 1 2
github.com/engine/server/db/db.go:287.2,287.21 1 2
github.com/engine/server/db/db.go:287.21,289.3 1 1
github.com/engine/server/db/db.go:290.2,290.22 1 2
github.com/engine/server/db/db.go:297.47,301.16 3 7
github.com/engine/server/db/db.go:301.16,303.3 1 2
github.com/engine/server/db/db.go:304.2,304.19 1 5
github.com/engine/server/db/db.go:307.84,309.22 2 6
github.com/engine/server/db/db.go:309.22,311.17 2 1
github.com/engine/server/db/db.go:311.17,314.4 2 1
github.com/engine/server/db/db.go:316.2,321.16 3 6
github.com/engine/server/db/db.go:321.16,323.3 1 1
github.com/engine/server/db/db.go:324.2,325.12 2 5
github.com/engine/server/db/db.go:328.55,333.16 2 4
github.com/engine/server/db/db.go:333.16,335.3 1 1
github.com/engine/server/db/db.go:336.2,338.18 3 3
github.com/engine/server/db/db.go:338.18,341.96 3 3
github.com/engine/server/db/db.go:341.96,343.4 1 1
github.com/engine/server/db/db.go:344.3,344.16 1 2
github.com/engine/server/db/db.go:344.16,346.60 2 1
github.com/engine/server/db/db.go:346.60,348.5 1 1
github.com/engine/server/db/db.go:350.3,350.25 1 2
github.com/engine/server/db/db.go:352.2,352.17 1 2
github.com/engine/server/db/db.go:352.17,354.3 1 1
github.com/engine/server/db/db.go:355.2,355.18 1 2
github.com/engine/server/db/db.go:358.118,361.13 3 2
github.com/engine/server/db/db.go:361.13,363.3 1 1
github.com/engine/server/db/db.go:364.2,368.12 2 2
github.com/engine/server/db/db.go:371.60,374.2 2 3
github.com/engine/server/db/db.go:377.54,380.2 2 1
github.com/engine/server/db/db.go:398.168,400.19 2 4
github.com/engine/server/db/db.go:400.19,402.3 1 2
github.com/engine/server/db/db.go:403.2,404.16 2 4
github.com/engine/server/db/db.go:404.16,406.3 1 2
github.com/engine/server/db/db.go:407.2,411.12 2 4
github.com/engine/server/db/db.go:415.73,420.16 2 4
github.com/engine/server/db/db.go:420.16,422.3 1 1
github.com/engine/server/db/db.go:423.2,425.18 3 3
github.com/engine/server/db/db.go:425.18,428.172 3 3
github.com/engine/server/db/db.go:428.172,430.4 1 1
github.com/engine/server/db/db.go:431.3,433.31 3 2
github.com/engine/server/db/db.go:435.2,435.20 1 2
github.com/engine/server/db/db.go:435.20,437.3 1 1
github.com/engine/server/db/db.go:438.2,438.21 1 2
github.com/engine/server/db/db.go:442.78,451.16 5 2
github.com/engine/server/db/db.go:451.16,453.3 1 1
github.com/engine/server/db/db.go:454.2,456.16 3 1
github.com/engine/server/db/db.go:472.116,478.2 2 4
github.com/engine/server/db/db.go:481.99,491.16 2 4
github.com/engine/server/db/db.go:491.16,493.3 1 1
github.com/engine/server/db/db.go:494.2,496.18 3 3
github.com/engine/server/db/db.go:496.18,498.134 2 2
github.com/engine/server/db/db.go:498.134,500.4 1 1
github.com/engine/server/db/db.go:501.3,501.29 1 1
github.com/engine/server/db/db.go:503.2,503.19 1 2
github.com/engine/server/db/db.go:503.19,505.3 1 1
github.com/engine/server/db/db.go:506.2,506.20 1 2
github.com/engine/server/db/db.go:510.91,519.16 2 4
github.com/engine/server/db/db.go:519.16,521.3 1 1
github.com/engine/server/db/db.go:522.2,524.18 3 3
github.com/engine/server/db/db.go:524.18,526.134 2 2
github.com/engine/server/db/db.go:526.134,528.4 1 1
github.com/engine/server/db/db.go:529.3,529.29 1 1
github.com/engine/server/db/db.go:531.2,531.19 1 2
github.com/engine/server/db/db.go:531.19,533.3 1 1
github.com/engine/server/db/db.go:534.2,534.20 1 2
github.com/engine/server/db/discord.go:44.51,45.21 1 9
github.com/engine/server/db/discord.go:45.21,47.3 1 1
github.com/engine/server/db/discord.go:48.2,48.35 1 8
github.com/engine/server/db/discord.go:48.35,50.3 1 7
github.com/engine/server/db/discord.go:51.2,51.42 1 8
github.com/engine/server/db/discord.go:51.42,53.3 1 8
github.com/engine/server/db/discord.go:54.2,54.42 1 8
github.com/engine/server/db/discord.go:54.42,56.3 1 7
github.com/engine/server/db/discord.go:57.2,57.37 1 8
github.com/engine/server/db/discord.go:57.37,59.3 1 7
github.com/engine/server/db/discord.go:60.2,62.31 3 8
github.com/engine/server/db/discord.go:62.31,64.3 1 1
github.com/engine/server/db/discord.go:65.2,71.12 2 8
github.com/engine/server/db/discord.go:76.89,77.21 1 3
github.com/engine/server/db/discord.go:77.21,79.3 1 1
github.com/engine/server/db/discord.go:80.2,89.12 2 2
github.com/engine/server/db/discord.go:93.80,94.21 1 4
github.com/engine/server/db/discord.go:94.21,96.3 1 1
github.com/engine/server/db/discord.go:97.2,103.104 3 3
github.com/engine/server/db/discord.go:103.104,104.36 1 2
github.com/engine/server/db/discord.go:104.36,106.4 1 1
github.com/engine/server/db/discord.go:107.3,107.18 1 1
github.com/engine/server/db/discord.go:109.2,109.16 1 1
github.com/engine/server/db/discord.go:117.101,118.21 1 7
github.com/engine/server/db/discord.go:118.21,120.3 1 1
github.com/engine/server/db/discord.go:121.2,121.30 1 6
github.com/engine/server/db/discord.go:121.30,123.3 1 1
github.com/engine/server/db/discord.go:124.2,125.13 2 6
github.com/engine/server/db/discord.go:125.13,127.3 1 1
github.com/engine/server/db/discord.go:129.2,138.42 4 5
github.com/engine/server/db/discord.go:138.42,141.3 2 5
github.com/engine/server/db/discord.go:142.2,142.36 1 5
github.com/engine/server/db/discord.go:142.36,145.3 2 1
github.com/engine/server/db/discord.go:146.2,150.16 4 5
github.com/engine/server/db/discord.go:150.16,152.3 1 1
github.com/engine/server/db/discord.go:153.2,156.18 3 4
github.com/engine/server/db/discord.go:156.18,162.17 2 3
github.com/engine/server/db/discord.go:162.17,164.4 1 1
github.com/engine/server/db/discord.go:165.3,165.23 1 2
github.com/engine/server/db/discord.go:167.2,167.16 1 3
github.com/engine/server/db/discord.go:167.16,169.3 1 1
github.com/engine/server/db/discord.go:170.2,170.17 1 3
github.com/engine/server/db/discord.go:176.106,177.21 1 7
github.com/engine/server/db/discord.go:177.21,179.3 1 1
github.com/engine/server/db/discord.go:180.2,180.31 1 6
github.com/engine/server/db/discord.go:180.31,182.3 1 1
github.com/engine/server/db/discord.go:184.2,191.42 4 6
github.com/engine/server/db/discord.go:191.42,194.3 2 6
github.com/engine/server/db/discord.go:195.2,195.39 1 6
github.com/engine/server/db/discord.go:195.39,198.3 2 1
github.com/engine/server/db/discord.go:199.2,199.36 1 6
github.com/engine/server/db/discord.go:199.36,202.3 2 1
github.com/engine/server/db/discord.go:203.2,207.16 4 6
github.com/engine/server/db/discord.go:207.16,209.3 1 1
github.com/engine/server/db/discord.go:210.2,213.18 3 5
github.com/engine/server/db/discord.go:213.18,218.17 2 4
github.com/engine/server/db/discord.go:218.17,220.4 1 1
github.com/engine/server/db/discord.go:221.3,221.23 1 3
github.com/engine/server/db/discord.go:223.2,223.16 1 4
github.com/engine/server/db/discord.go:223.16,225.3 1 1
github.com/engine/server/db/discord.go:226.2,226.17 1 4
github.com/engine/server/db/project_direction.go:5.62,6.23 1 10
github.com/engine/server/db/project_direction.go:6.23,8.3 1 1
github.com/engine/server/db/project_direction.go:10.2,15.43 3 9
github.com/engine/server/db/project_direction.go:15.43,16.27 1 7
github.com/engine/server/db/project_direction.go:16.27,18.4 1 6
github.com/engine/server/db/project_direction.go:19.3,19.17 1 1
github.com/engine/server/db/project_direction.go:21.2,21.21 1 2
github.com/engine/server/db/project_direction.go:24.64,25.23 1 3
github.com/engine/server/db/project_direction.go:25.23,27.3 1 1
github.com/engine/server/db/project_direction.go:28.2,38.12 3 2
github.com/engine/server/db/project_history.go:46.82,47.16 1 5
github.com/engine/server/db/project_history.go:47.16,49.3 1 1
github.com/engine/server/db/project_history.go:51.2,61.16 2 5
github.com/engine/server/db/project_history.go:61.16,63.3 1 1
github.com/engine/server/db/project_history.go:64.2,67.18 3 4
github.com/engine/server/db/project_history.go:67.18,76.17 2 3
github.com/engine/server/db/project_history.go:76.17,78.4 1 1
github.com/engine/server/db/project_history.go:79.3,79.39 1 2
github.com/engine/server/db/project_history.go:81.2,81.21 1 3
github.com/engine/server/db/project_history.go:81.21,83.3 1 1
github.com/engine/server/db/project_history.go:84.2,84.22 1 3
github.com/engine/server/db/project_history.go:87.97,88.16 1 5
github.com/engine/server/db/project_history.go:88.16,90.3 1 1
github.com/engine/server/db/project_history.go:92.2,101.16 2 5
github.com/engine/server/db/project_history.go:101.16,103.3 1 1
github.com/engine/server/db/project_history.go:104.2,107.18 3 4
github.com/engine/server/db/project_history.go:107.18,114.17 2 3
github.com/engine/server/db/project_history.go:114.17,116.4 1 1
github.com/engine/server/db/project_history.go:117.3,117.41 1 2
github.com/engine/server/db/project_history.go:119.2,119.22 1 3
github.com/engine/server/db/project_history.go:119.22,121.3 1 1
github.com/engine/server/db/project_history.go:122.2,122.23 1 3
github.com/engine/server/db/project_history.go:125.84,126.16 1 5
github.com/engine/server/db/project_history.go:126.16,128.3 1 1
github.com/engine/server/db/project_history.go:130.2,140.16 2 5
github.com/engine/server/db/project_history.go:140.16,142.3 1 1
github.com/engine/server/db/project_history.go:143.2,146.18 3 4
github.com/engine/server/db/project_history.go:146.18,158.17 2 3
github.com/engine/server/db/project_history.go:158.17,160.4 1 1
github.com/engine/server/db/project_history.go:161.3,161.42 1 2
github.com/engine/server/db/project_history.go:163.2,163.22 1 3
github.com/engine/server/db/project_history.go:163.22,165.3 1 1
github.com/engine/server/db/project_history.go:166.2,166.23 1 3
github.com/engine/server/db/project_history.go:169.88,170.16 1 5
github.com/engine/server/db/project_history.go:170.16,172.3 1 1
github.com/engine/server/db/project_history.go:174.2,184.16 2 5
github.com/engine/server/db/project_history.go:184.16,186.3 1 1
github.com/engine/server/db/project_history.go:187.2,190.18 3 4
github.com/engine/server/db/project_history.go:190.18,207.17 4 3
github.com/engine/server/db/project_history.go:207.17,209.4 1 1
github.com/engine/server/db/project_history.go:210.3,212.48 3 2
github.com/engine/server/db/project_history.go:214.2,214.24 1 3
github.com/engine/server/db/project_history.go:214.24,216.3 1 1
github.com/engine/server/db/project_history.go:217.2,217.25 1 3
github.com/engine/server/db/usage_dashboard.go:70.158,89.2 2 12
github.com/engine/server/db/usage_dashboard.go:91.89,93.27 2 9
github.com/engine/server/db/usage_dashboard.go:93.27,95.3 1 1
github.com/engine/server/db/usage_dashboard.go:96.2,96.63 1 9
github.com/engine/server/db/usage_dashboard.go:96.63,98.3 1 1
github.com/engine/server/db/usage_dashboard.go:99.2,99.74 1 8
github.com/engine/server/db/usage_dashboard.go:99.74,101.3 1 1
github.com/engine/server/db/usage_dashboard.go:103.2,113.16 3 7
github.com/engine/server/db/usage_dashboard.go:113.16,115.3 1 1
github.com/engine/server/db/usage_dashboard.go:116.2,116.22 1 6
github.com/engine/server/db/usage_dashboard.go:116.22,118.3 1 1
github.com/engine/server/db/usage_dashboard.go:120.2,124.28 4 5
github.com/engine/server/db/usage_dashboard.go:124.28,134.22 9 10
github.com/engine/server/db/usage_dashboard.go:134.22,137.4 2 10
github.com/engine/server/db/usage_dashboard.go:138.3,146.24 8 10
github.com/engine/server/db/usage_dashboard.go:146.24,149.4 2 7
github.com/engine/server/db/usage_dashboard.go:150.3,158.22 8 10
github.com/engine/server/db/usage_dashboard.go:158.22,161.4 2 7
github.com/engine/server/db/usage_dashboard.go:162.3,162.38 1 10
github.com/engine/server/db/usage_dashboard.go:165.2,166.16 2 5
github.com/engine/server/db/usage_dashboard.go:166.16,168.3 1 1
github.com/engine/server/db/usage_dashboard.go:170.2,170.58 1 4
github.com/engine/server/db/usage_dashboard.go:170.58,171.68 1 6
github.com/engine/server/db/usage_dashboard.go:171.68,174.4 2 6
github.com/engine/server/db/usage_dashboard.go:177.2,177.36 1 4
github.com/engine/server/db/usage_dashboard.go:177.36,180.3 2 9
github.com/engine/server/db/usage_dashboard.go:181.2,181.51 1 4
github.com/engine/server/db/usage_dashboard.go:181.51,182.65 1 6
github.com/engine/server/db/usage_dashboard.go:182.65,184.4 1 4
github.com/engine/server/db/usage_dashboard.go:185.3,185.67 1 2
github.com/engine/server/db/usage_dashboard.go:188.2,188.40 1 4
github.com/engine/server/db/usage_dashboard.go:188.40,191.3 2 6
github.com/engine/server/db/usage_dashboard.go:192.2,192.53 1 4
github.com/engine/server/db/usage_dashboard.go:192.53,193.69 1 2
github.com/engine/server/db/usage_dashboard.go:193.69,195.4 1 1
github.com/engine/server/db/usage_dashboard.go:196.3,196.71 1 1
github.com/engine/server/db/usage_dashboard.go:199.2,201.23 2 4
github.com/engine/server/db/usage_dashboard.go:204.87,227.16 2 9
github.com/engine/server/db/usage_dashboard.go:227.16,229.3 1 2
github.com/engine/server/db/usage_dashboard.go:230.2,233.18 3 7
github.com/engine/server/db/usage_dashboard.go:233.18,246.17 2 11
github.com/engine/server/db/usage_dashboard.go:246.17,248.4 1 1
github.com/engine/server/db/usage_dashboard.go:249.3,249.31 1 10
github.com/engine/server/db/usage_dashboard.go:251.2,251.27 1 6
github.com/engine/server/db/usage_dashboard.go:254.120,256.59 2 7
github.com/engine/server/db/usage_dashboard.go:256.59,258.17 2 9
github.com/engine/server/db/usage_dashboard.go:258.17,260.4 1 2
github.com/engine/server/db/usage_dashboard.go:261.3,261.30 1 7
github.com/engine/server/db/usage_dashboard.go:263.2,263.17 1 5
github.com/engine/server/db/usage_dashboard.go:266.80,267.26 1 13
github.com/engine/server/db/usage_dashboard.go:267.26,269.3 1 1
github.com/engine/server/db/usage_dashboard.go:271.2,272.36 2 12
github.com/engine/server/db/usage_dashboard.go:272.36,274.3 1 12
github.com/engine/server/db/usage_dashboard.go:275.2,279.39 4 12
github.com/engine/server/db/usage_dashboard.go:279.39,282.3 2 12
github.com/engine/server/db/usage_dashboard.go:284.2,291.16 3 12
github.com/engine/server/db/usage_dashboard.go:291.16,293.3 1 3
github.com/engine/server/db/usage_dashboard.go:294.2,298.18 4 9
github.com/engine/server/db/usage_dashboard.go:298.18,301.62 3 9
github.com/engine/server/db/usage_dashboard.go:301.62,303.4 1 1
github.com/engine/server/db/usage_dashboard.go:304.3,305.17 2 8
github.com/engine/server/db/usage_dashboard.go:305.17,306.12 1 3
github.com/engine/server/db/usage_dashboard.go:308.3,308.56 1 5
github.com/engine/server/db/usage_dashboard.go:308.56,310.17 2 2
github.com/engine/server/db/usage_dashboard.go:310.17,311.29 1 2
github.com/engine/server/db/usage_dashboard.go:311.29,313.6 1 1
github.com/engine/server/db/usage_dashboard.go:314.5,314.37 1 2
github.com/engine/server/db/usage_dashboard.go:317.3,317.48 1 5
github.com/engine/server/db/usage_dashboard.go:320.2,320.29 1 8
github.com/engine/server/db/usage_dashboard.go:323.71,324.22 1 21
github.com/engine/server/db/usage_dashboard.go:324.22,326.3 1 1
github.com/engine/server/db/usage_dashboard.go:327.2,327.39 1 20
