mode: set
github.com/engine/server/discord/service.go:75.53,85.16 3 1
github.com/engine/server/discord/service.go:85.16,87.3 1 1
github.com/engine/server/discord/service.go:88.2,88.12 1 1
github.com/engine/server/discord/service.go:88.12,90.3 1 1
github.com/engine/server/discord/service.go:91.2,93.18 2 1
github.com/engine/server/discord/service.go:93.18,95.3 1 1
github.com/engine/server/discord/service.go:96.2,96.24 1 1
github.com/engine/server/discord/service.go:96.24,98.3 1 1
github.com/engine/server/discord/service.go:99.2,99.23 1 1
github.com/engine/server/discord/service.go:99.23,101.3 1 1
github.com/engine/server/discord/service.go:102.2,102.32 1 1
github.com/engine/server/discord/service.go:102.32,104.3 1 1
github.com/engine/server/discord/service.go:105.2,105.59 1 1
github.com/engine/server/discord/service.go:105.59,107.3 1 0
github.com/engine/server/discord/service.go:108.2,108.17 1 1
github.com/engine/server/discord/service.go:111.70,114.16 3 1
github.com/engine/server/discord/service.go:114.16,115.25 1 1
github.com/engine/server/discord/service.go:115.25,117.4 1 1
github.com/engine/server/discord/service.go:118.3,118.73 1 1
github.com/engine/server/discord/service.go:121.2,122.51 2 1
github.com/engine/server/discord/service.go:122.51,124.3 1 1
github.com/engine/server/discord/service.go:125.2,125.23 1 1
github.com/engine/server/discord/service.go:128.53,129.26 1 1
github.com/engine/server/discord/service.go:129.26,131.3 1 1
github.com/engine/server/discord/service.go:132.2,132.61 1 1
github.com/engine/server/discord/service.go:132.61,134.3 1 1
github.com/engine/server/discord/service.go:135.2,135.60 1 1
github.com/engine/server/discord/service.go:135.60,137.3 1 1
github.com/engine/server/discord/service.go:138.2,138.35 1 1
github.com/engine/server/discord/service.go:138.35,140.3 1 1
github.com/engine/server/discord/service.go:141.2,141.66 1 1
github.com/engine/server/discord/service.go:141.66,143.3 1 1
github.com/engine/server/discord/service.go:144.2,144.71 1 1
github.com/engine/server/discord/service.go:144.71,146.3 1 1
github.com/engine/server/discord/service.go:147.2,147.64 1 1
github.com/engine/server/discord/service.go:147.64,149.3 1 1
github.com/engine/server/discord/service.go:152.37,153.69 1 1
github.com/engine/server/discord/service.go:153.69,155.3 1 1
github.com/engine/server/discord/service.go:156.2,156.84 1 1
github.com/engine/server/discord/service.go:156.84,158.3 1 1
github.com/engine/server/discord/service.go:159.2,159.83 1 1
github.com/engine/server/discord/service.go:159.83,161.3 1 1
github.com/engine/server/discord/service.go:162.2,162.91 1 1
github.com/engine/server/discord/service.go:162.91,164.3 1 1
github.com/engine/server/discord/service.go:165.2,165.81 1 1
github.com/engine/server/discord/service.go:165.81,167.3 1 1
github.com/engine/server/discord/service.go:168.2,168.90 1 1
github.com/engine/server/discord/service.go:168.90,170.3 1 1
github.com/engine/server/discord/service.go:171.2,171.76 1 1
github.com/engine/server/discord/service.go:171.76,173.3 1 1
github.com/engine/server/discord/service.go:176.49,178.17 2 1
github.com/engine/server/discord/service.go:178.17,180.3 1 1
github.com/engine/server/discord/service.go:181.2,181.15 1 1
github.com/engine/server/discord/service.go:182.32,183.20 1 1
github.com/engine/server/discord/service.go:184.33,185.21 1 1
github.com/engine/server/discord/service.go:186.10,187.22 1 1
github.com/engine/server/discord/service.go:191.48,193.2 1 1
github.com/engine/server/discord/service.go:196.67,205.17 2 1
github.com/engine/server/discord/service.go:205.17,206.39 1 1
github.com/engine/server/discord/service.go:206.39,208.4 1 1
github.com/engine/server/discord/service.go:210.2,210.15 1 1
github.com/engine/server/discord/service.go:214.33,215.20 1 1
github.com/engine/server/discord/service.go:215.20,217.3 1 1
github.com/engine/server/discord/service.go:219.2,220.16 2 1
github.com/engine/server/discord/service.go:220.16,222.3 1 0
github.com/engine/server/discord/service.go:224.2,228.34 4 1
github.com/engine/server/discord/service.go:228.34,230.3 1 1
github.com/engine/server/discord/service.go:231.2,233.12 3 0
github.com/engine/server/discord/service.go:237.33,238.17 1 1
github.com/engine/server/discord/service.go:238.17,240.3 1 1
github.com/engine/server/discord/service.go:241.2,241.21 1 1
github.com/engine/server/discord/service.go:244.69,245.52 1 1
github.com/engine/server/discord/service.go:245.52,247.3 1 1
github.com/engine/server/discord/service.go:250.79,251.49 1 1
github.com/engine/server/discord/service.go:251.49,253.3 1 1
github.com/engine/server/discord/service.go:254.2,254.51 1 1
github.com/engine/server/discord/service.go:254.51,256.3 1 1
github.com/engine/server/discord/service.go:257.2,257.35 1 1
github.com/engine/server/discord/service.go:257.35,259.3 1 1
github.com/engine/server/discord/service.go:264.2,267.9 3 1
github.com/engine/server/discord/service.go:267.9,269.3 1 1
github.com/engine/server/discord/service.go:271.2,271.13 1 1
github.com/engine/server/discord/service.go:272.14,273.26 1 1
github.com/engine/server/discord/service.go:274.17,275.34 1 1
github.com/engine/server/discord/service.go:276.18,277.30 1 1
github.com/engine/server/discord/service.go:278.16,279.33 1 1
github.com/engine/server/discord/service.go:280.18,281.35 1 1
github.com/engine/server/discord/service.go:282.20,283.37 1 1
github.com/engine/server/discord/service.go:284.15,285.37 1 1
github.com/engine/server/discord/service.go:286.16,287.38 1 1
github.com/engine/server/discord/service.go:288.13,289.30 1 1
github.com/engine/server/discord/service.go:290.16,291.33 1 1
github.com/engine/server/discord/service.go:292.17,293.34 1 1
github.com/engine/server/discord/service.go:294.10,295.53 1 1
github.com/engine/server/discord/service.go:299.83,300.20 1 1
github.com/engine/server/discord/service.go:300.20,303.3 2 1
github.com/engine/server/discord/service.go:305.2,306.13 2 1
github.com/engine/server/discord/service.go:307.13,308.20 1 1
github.com/engine/server/discord/service.go:308.20,311.4 2 1
github.com/engine/server/discord/service.go:312.3,312.80 1 1
github.com/engine/server/discord/service.go:312.80,314.4 1 1
github.com/engine/server/discord/service.go:315.14,316.30 1 1
github.com/engine/server/discord/service.go:317.16,318.20 1 1
github.com/engine/server/discord/service.go:318.20,321.4 2 1
github.com/engine/server/discord/service.go:322.3,322.63 1 1
github.com/engine/server/discord/service.go:322.63,324.4 1 1
github.com/engine/server/discord/service.go:325.10,326.73 1 1
github.com/engine/server/discord/service.go:330.77,332.17 2 1
github.com/engine/server/discord/service.go:332.17,334.3 1 1
github.com/engine/server/discord/service.go:335.2,336.16 2 1
github.com/engine/server/discord/service.go:336.16,338.3 1 0
github.com/engine/server/discord/service.go:339.2,339.56 1 1
github.com/engine/server/discord/service.go:339.56,341.3 1 1
github.com/engine/server/discord/service.go:343.2,346.16 4 1
github.com/engine/server/discord/service.go:346.16,348.3 1 1
github.com/engine/server/discord/service.go:350.2,358.38 4 1
github.com/engine/server/discord/service.go:358.38,360.3 1 0
github.com/engine/server/discord/service.go:362.2,365.12 4 1
github.com/engine/server/discord/service.go:368.68,370.15 2 1
github.com/engine/server/discord/service.go:370.15,372.3 1 1
github.com/engine/server/discord/service.go:374.2,375.9 2 1
github.com/engine/server/discord/service.go:375.9,377.3 1 1
github.com/engine/server/discord/service.go:379.2,382.38 4 1
github.com/engine/server/discord/service.go:382.38,384.3 1 0
github.com/engine/server/discord/service.go:386.2,387.12 2 1
github.com/engine/server/discord/service.go:390.50,393.37 3 1
github.com/engine/server/discord/service.go:393.37,395.3 1 1
github.com/engine/server/discord/service.go:396.2,398.24 2 1
github.com/engine/server/discord/service.go:398.24,401.3 2 1
github.com/engine/server/discord/service.go:403.2,403.43 1 1
github.com/engine/server/discord/service.go:403.43,403.97 1 1
github.com/engine/server/discord/service.go:404.2,406.29 3 1
github.com/engine/server/discord/service.go:406.29,408.15 2 1
github.com/engine/server/discord/service.go:408.15,410.4 1 1
github.com/engine/server/discord/service.go:411.3,411.85 1 1
github.com/engine/server/discord/service.go:413.2,413.31 1 1
github.com/engine/server/discord/service.go:416.82,418.9 2 1
github.com/engine/server/discord/service.go:418.9,421.3 2 1
github.com/engine/server/discord/service.go:423.2,424.16 2 1
github.com/engine/server/discord/service.go:424.16,427.3 2 0
github.com/engine/server/discord/service.go:428.2,439.26 2 1
github.com/engine/server/discord/service.go:442.84,444.9 2 1
github.com/engine/server/discord/service.go:444.9,447.3 2 1
github.com/engine/server/discord/service.go:449.2,450.16 2 1
github.com/engine/server/discord/service.go:450.16,453.3 2 0
github.com/engine/server/discord/service.go:454.2,454.24 1 1
github.com/engine/server/discord/service.go:454.24,457.3 2 1
github.com/engine/server/discord/service.go:459.2,460.15 2 1
github.com/engine/server/discord/service.go:460.15,462.3 1 1
github.com/engine/server/discord/service.go:463.2,465.29 3 1
github.com/engine/server/discord/service.go:465.29,468.20 3 1
github.com/engine/server/discord/service.go:468.20,470.4 1 1
github.com/engine/server/discord/service.go:471.3,471.25 1 1
github.com/engine/server/discord/service.go:471.25,473.4 1 1
github.com/engine/server/discord/service.go:474.3,474.101 1 1
github.com/engine/server/discord/service.go:476.2,476.33 1 1
github.com/engine/server/discord/service.go:479.86,481.9 2 1
github.com/engine/server/discord/service.go:481.9,484.3 2 1
github.com/engine/server/discord/service.go:486.2,487.37 2 1
github.com/engine/server/discord/service.go:487.37,490.3 2 1
github.com/engine/server/discord/service.go:491.2,492.107 2 1
github.com/engine/server/discord/service.go:495.92,497.9 2 1
github.com/engine/server/discord/service.go:497.9,500.3 2 1
github.com/engine/server/discord/service.go:502.2,507.38 6 1
github.com/engine/server/discord/service.go:507.38,510.3 2 0
github.com/engine/server/discord/service.go:512.2,512.11 1 1
github.com/engine/server/discord/service.go:512.11,514.3 1 1
github.com/engine/server/discord/service.go:514.8,516.3 1 1
github.com/engine/server/discord/service.go:519.79,520.20 1 1
github.com/engine/server/discord/service.go:520.20,523.3 2 1
github.com/engine/server/discord/service.go:525.2,526.9 2 1
github.com/engine/server/discord/service.go:526.9,529.3 2 1
github.com/engine/server/discord/service.go:530.2,530.37 1 1
github.com/engine/server/discord/service.go:530.37,533.3 2 1
github.com/engine/server/discord/service.go:534.2,534.20 1 1
github.com/engine/server/discord/service.go:534.20,537.3 2 1
github.com/engine/server/discord/service.go:543.2,544.16 2 1
github.com/engine/server/discord/service.go:544.16,547.3 2 1
github.com/engine/server/discord/service.go:548.2,551.25 3 1
github.com/engine/server/discord/service.go:551.25,555.3 3 1
github.com/engine/server/discord/service.go:556.2,560.12 4 1
github.com/engine/server/discord/service.go:560.12,561.16 1 1
github.com/engine/server/discord/service.go:561.16,565.4 3 1
github.com/engine/server/discord/service.go:567.3,578.45 6 1
github.com/engine/server/discord/service.go:578.45,579.49 1 1
github.com/engine/server/discord/service.go:579.49,581.6 1 1
github.com/engine/server/discord/service.go:582.5,584.19 3 1
github.com/engine/server/discord/service.go:586.53,586.54 0 0
github.com/engine/server/discord/service.go:587.61,587.62 0 0
github.com/engine/server/discord/service.go:588.39,588.75 1 1
github.com/engine/server/discord/service.go:589.43,589.44 0 1
github.com/engine/server/discord/service.go:590.78,596.5 5 0
github.com/engine/server/discord/service.go:599.3,599.39 1 1
github.com/engine/server/discord/service.go:599.39,602.4 2 1
github.com/engine/server/discord/service.go:604.3,607.19 4 1
github.com/engine/server/discord/service.go:607.19,609.4 1 1
github.com/engine/server/discord/service.go:611.3,611.72 1 1
github.com/engine/server/discord/service.go:611.72,613.4 1 1
github.com/engine/server/discord/service.go:621.128,622.17 1 1
github.com/engine/server/discord/service.go:622.17,624.3 1 1
github.com/engine/server/discord/service.go:627.2,628.45 2 1
github.com/engine/server/discord/service.go:628.45,631.69 3 1
github.com/engine/server/discord/service.go:631.69,633.4 1 1
github.com/engine/server/discord/service.go:634.3,635.17 2 1
github.com/engine/server/discord/service.go:635.17,637.4 1 0
github.com/engine/server/discord/service.go:638.3,638.34 1 1
github.com/engine/server/discord/service.go:642.2,644.16 3 1
github.com/engine/server/discord/service.go:644.16,646.3 1 1
github.com/engine/server/discord/service.go:647.2,648.16 2 1
github.com/engine/server/discord/service.go:648.16,650.3 1 0
github.com/engine/server/discord/service.go:653.2,654.34 2 1
github.com/engine/server/discord/service.go:657.96,660.66 3 1
github.com/engine/server/discord/service.go:660.66,662.3 1 0
github.com/engine/server/discord/service.go:663.2,663.90 1 1
github.com/engine/server/discord/service.go:663.90,665.3 1 0
github.com/engine/server/discord/service.go:666.2,666.16 1 1
github.com/engine/server/discord/service.go:669.82,670.20 1 1
github.com/engine/server/discord/service.go:670.20,673.3 2 1
github.com/engine/server/discord/service.go:674.2,676.8 3 1
github.com/engine/server/discord/service.go:676.8,678.3 1 1
github.com/engine/server/discord/service.go:679.2,681.16 3 1
github.com/engine/server/discord/service.go:681.16,684.3 2 1
github.com/engine/server/discord/service.go:685.2,685.20 1 1
github.com/engine/server/discord/service.go:685.20,688.3 2 1
github.com/engine/server/discord/service.go:689.2,691.25 3 1
github.com/engine/server/discord/service.go:691.25,698.3 1 1
github.com/engine/server/discord/service.go:699.2,699.67 1 1
github.com/engine/server/discord/service.go:702.83,704.20 2 1
github.com/engine/server/discord/service.go:704.20,705.59 1 1
github.com/engine/server/discord/service.go:705.59,707.4 1 1
github.com/engine/server/discord/service.go:709.2,712.17 4 1
github.com/engine/server/discord/service.go:712.17,713.84 1 1
github.com/engine/server/discord/service.go:713.84,715.4 1 1
github.com/engine/server/discord/service.go:717.2,717.69 1 1
github.com/engine/server/discord/service.go:717.69,719.3 1 1
github.com/engine/server/discord/service.go:720.2,721.16 2 1
github.com/engine/server/discord/service.go:721.16,724.3 2 0
github.com/engine/server/discord/service.go:725.2,725.20 1 1
github.com/engine/server/discord/service.go:725.20,728.3 2 1
github.com/engine/server/discord/service.go:729.2,731.38 3 1
github.com/engine/server/discord/service.go:731.38,738.3 2 1
github.com/engine/server/discord/service.go:739.2,739.67 1 1
github.com/engine/server/discord/service.go:744.61,749.21 5 1
github.com/engine/server/discord/service.go:749.21,752.3 2 1
github.com/engine/server/discord/service.go:753.2,754.74 2 1
github.com/engine/server/discord/service.go:754.74,756.3 1 1
github.com/engine/server/discord/service.go:757.2,768.4 1 1
github.com/engine/server/discord/service.go:771.82,777.21 6 1
github.com/engine/server/discord/service.go:777.21,779.3 1 1
github.com/engine/server/discord/service.go:780.2,789.4 1 1
github.com/engine/server/discord/service.go:795.70,796.55 1 1
github.com/engine/server/discord/service.go:796.55,798.3 1 1
github.com/engine/server/discord/service.go:799.2,799.34 1 1
github.com/engine/server/discord/service.go:799.34,801.3 1 1
github.com/engine/server/discord/service.go:802.2,802.67 1 1
github.com/engine/server/discord/service.go:802.67,805.3 2 1
github.com/engine/server/discord/service.go:806.2,806.51 1 1
github.com/engine/server/discord/service.go:811.73,812.55 1 1
github.com/engine/server/discord/service.go:812.55,814.3 1 1
github.com/engine/server/discord/service.go:815.2,816.29 2 1
github.com/engine/server/discord/service.go:816.29,818.3 1 1
github.com/engine/server/discord/service.go:819.2,819.18 1 1
github.com/engine/server/discord/service.go:819.18,821.3 1 1
github.com/engine/server/discord/service.go:822.2,822.18 1 1
github.com/engine/server/discord/service.go:825.94,826.39 1 1
github.com/engine/server/discord/service.go:826.39,827.75 1 1
github.com/engine/server/discord/service.go:827.75,829.4 1 1
github.com/engine/server/discord/service.go:832.2,832.40 1 1
github.com/engine/server/discord/service.go:832.40,835.38 3 1
github.com/engine/server/discord/service.go:835.38,836.32 1 1
github.com/engine/server/discord/service.go:836.32,838.5 1 1
github.com/engine/server/discord/service.go:841.2,841.15 1 1
github.com/engine/server/discord/service.go:844.43,848.2 1 1
github.com/engine/server/discord/service.go:850.44,853.23 3 1
github.com/engine/server/discord/service.go:853.23,855.3 1 1
github.com/engine/server/discord/service.go:856.2,856.19 1 1
github.com/engine/server/discord/service.go:856.19,858.3 1 1
github.com/engine/server/discord/service.go:859.2,859.40 1 1
github.com/engine/server/discord/service.go:862.48,864.43 2 1
github.com/engine/server/discord/service.go:864.43,865.25 1 1
github.com/engine/server/discord/service.go:865.25,867.4 1 1
github.com/engine/server/discord/service.go:868.3,868.24 1 1
github.com/engine/server/discord/service.go:870.2,870.12 1 1
github.com/engine/server/discord/service.go:870.12,872.3 1 1
github.com/engine/server/discord/service.go:873.2,873.15 1 1
github.com/engine/server/discord/service.go:876.34,878.16 2 1
github.com/engine/server/discord/service.go:878.16,880.3 1 1
github.com/engine/server/discord/service.go:881.2,881.32 1 1
github.com/engine/server/discord/service.go:884.49,885.35 1 1
github.com/engine/server/discord/service.go:885.35,886.25 1 1
github.com/engine/server/discord/service.go:886.25,888.4 1 1
github.com/engine/server/discord/service.go:889.3,889.16 1 1
github.com/engine/server/discord/service.go:891.2,891.13 1 1
github.com/engine/server/discord/service.go:894.41,895.31 1 1
github.com/engine/server/discord/service.go:895.31,897.3 1 1
github.com/engine/server/discord/service.go:898.2,898.29 1 1
github.com/engine/server/discord/service.go:901.100,902.55 1 1
github.com/engine/server/discord/service.go:902.55,904.3 1 1
github.com/engine/server/discord/service.go:905.2,905.20 1 1
github.com/engine/server/discord/service.go:905.20,907.3 1 1
github.com/engine/server/discord/service.go:908.2,909.14 2 1
github.com/engine/server/discord/service.go:912.100,913.55 1 1
github.com/engine/server/discord/service.go:913.55,915.3 1 1
github.com/engine/server/discord/service.go:916.2,916.19 1 1
github.com/engine/server/discord/service.go:916.19,918.3 1 1
github.com/engine/server/discord/service.go:919.2,920.9 2 1
github.com/engine/server/discord/service.go:920.9,922.3 1 1
github.com/engine/server/discord/service.go:923.2,923.45 1 1
github.com/engine/server/discord/service.go:926.84,927.40 1 1
github.com/engine/server/discord/service.go:927.40,929.3 1 1
github.com/engine/server/discord/service.go:931.2,933.37 3 1
github.com/engine/server/discord/service.go:933.37,934.31 1 1
github.com/engine/server/discord/service.go:934.31,936.4 1 1
github.com/engine/server/discord/service.go:939.2,939.17 1 1
github.com/engine/server/discord/service.go:939.17,941.3 1 1
github.com/engine/server/discord/service.go:943.2,944.69 2 1
github.com/engine/server/discord/service.go:944.69,946.3 1 1
github.com/engine/server/discord/service.go:947.2,947.37 1 1
github.com/engine/server/discord/service.go:947.37,948.33 1 1
github.com/engine/server/discord/service.go:948.33,950.4 1 1
github.com/engine/server/discord/service.go:952.2,952.32 1 1
github.com/engine/server/discord/service.go:955.82,959.40 4 1
github.com/engine/server/discord/service.go:959.40,960.120 1 1
github.com/engine/server/discord/service.go:960.120,962.4 1 1
github.com/engine/server/discord/service.go:964.2,964.36 1 1
github.com/engine/server/discord/service.go:967.58,971.22 4 1
github.com/engine/server/discord/service.go:971.22,972.53 1 1
github.com/engine/server/discord/service.go:972.53,974.4 1 1
github.com/engine/server/discord/service.go:977.2,978.16 2 1
github.com/engine/server/discord/service.go:978.16,980.3 1 1
github.com/engine/server/discord/service.go:981.2,981.30 1 1
github.com/engine/server/discord/service.go:981.30,982.87 1 1
github.com/engine/server/discord/service.go:982.87,988.4 5 1
github.com/engine/server/discord/service.go:991.2,992.16 2 1
github.com/engine/server/discord/service.go:992.16,994.3 1 1
github.com/engine/server/discord/service.go:995.2,998.38 4 1
github.com/engine/server/discord/service.go:998.38,1000.3 1 0
github.com/engine/server/discord/service.go:1001.2,1002.19 2 1
github.com/engine/server/discord/service.go:1005.81,1007.16 2 1
github.com/engine/server/discord/service.go:1007.16,1009.3 1 1
github.com/engine/server/discord/service.go:1010.2,1010.30 1 1
github.com/engine/server/discord/service.go:1010.30,1011.67 1 1
github.com/engine/server/discord/service.go:1011.67,1013.4 1 1
github.com/engine/server/discord/service.go:1015.2,1015.85 1 1
github.com/engine/server/discord/service.go:1018.47,1019.55 1 1
github.com/engine/server/discord/service.go:1019.55,1021.3 1 1
github.com/engine/server/discord/service.go:1022.2,1022.34 1 1
github.com/engine/server/discord/service.go:1022.34,1024.3 1 1
github.com/engine/server/discord/service.go:1025.2,1025.67 1 1
github.com/engine/server/discord/service.go:1025.67,1028.3 2 1
github.com/engine/server/discord/service.go:1029.2,1029.49 1 1
github.com/engine/server/discord/service.go:1032.46,1050.2 2 1
github.com/engine/server/discord/service.go:1052.38,1054.2 1 1
github.com/engine/server/discord/service.go:1056.37,1059.16 3 1
github.com/engine/server/discord/service.go:1059.16,1060.25 1 1
github.com/engine/server/discord/service.go:1060.25,1062.4 1 1
github.com/engine/server/discord/service.go:1063.3,1063.51 1 1
github.com/engine/server/discord/service.go:1065.2,1066.50 2 1
github.com/engine/server/discord/service.go:1066.50,1068.3 1 1
github.com/engine/server/discord/service.go:1069.2,1069.24 1 1
github.com/engine/server/discord/service.go:1069.24,1071.3 1 1
github.com/engine/server/discord/service.go:1072.2,1073.12 2 1
github.com/engine/server/discord/service.go:1076.37,1080.16 4 1
github.com/engine/server/discord/service.go:1080.16,1082.3 1 0
github.com/engine/server/discord/service.go:1083.2,1083.48 1 1
github.com/engine/server/discord/service.go:1086.53,1089.2 2 1
github.com/engine/server/discord/service.go:1091.56,1093.37 2 1
github.com/engine/server/discord/service.go:1093.37,1095.3 1 1
github.com/engine/server/discord/service.go:1096.2,1098.66 3 1
github.com/engine/server/discord/service.go:1098.66,1100.3 1 0
github.com/engine/server/discord/service.go:1101.2,1101.16 1 1
github.com/engine/server/discord/service.go:1104.75,1106.16 2 1
github.com/engine/server/discord/service.go:1106.16,1108.3 1 1
github.com/engine/server/discord/service.go:1109.2,1109.38 1 1
github.com/engine/server/discord/service.go:1109.38,1111.3 1 1
github.com/engine/server/discord/service.go:1112.2,1113.16 2 1
github.com/engine/server/discord/service.go:1113.16,1115.3 1 1
github.com/engine/server/discord/service.go:1116.2,1117.21 2 1
github.com/engine/server/discord/service.go:1117.21,1119.3 1 0
github.com/engine/server/discord/service.go:1120.2,1122.20 3 1
github.com/engine/server/discord/service.go:1122.20,1124.3 1 1
github.com/engine/server/discord/service.go:1125.2,1125.24 1 1
github.com/engine/server/discord/service.go:1128.31,1130.17 2 1
github.com/engine/server/discord/service.go:1130.17,1132.3 1 1
github.com/engine/server/discord/service.go:1133.2,1135.26 3 1
github.com/engine/server/discord/service.go:1135.26,1138.23 3 1
github.com/engine/server/discord/service.go:1138.23,1141.12 3 1
github.com/engine/server/discord/service.go:1143.3,1143.16 1 1
github.com/engine/server/discord/service.go:1143.16,1146.4 2 1
github.com/engine/server/discord/service.go:1148.2,1149.18 2 1
github.com/engine/server/discord/service.go:1149.18,1151.3 1 1
github.com/engine/server/discord/service.go:1152.2,1152.15 1 1
github.com/engine/server/discord/service.go:1155.53,1157.19 2 1
github.com/engine/server/discord/service.go:1157.19,1159.3 1 1
github.com/engine/server/discord/service.go:1160.2,1160.25 1 1
github.com/engine/server/discord/service.go:1160.25,1162.3 1 1
github.com/engine/server/discord/service.go:1164.2,1166.22 3 1
github.com/engine/server/discord/service.go:1166.22,1168.18 2 1
github.com/engine/server/discord/service.go:1168.18,1170.4 1 1
github.com/engine/server/discord/service.go:1171.3,1172.39 2 1
github.com/engine/server/discord/service.go:1174.2,1174.16 1 1
github.com/engine/server/discord/service.go:1174.16,1176.3 1 1
github.com/engine/server/discord/service.go:1177.2,1177.14 1 1
github.com/engine/server/discord/service.go:1180.46,1182.2 1 1
github.com/engine/server/discord/service.go:1184.53,1186.30 2 1
github.com/engine/server/discord/service.go:1186.30,1188.14 2 1
github.com/engine/server/discord/service.go:1188.14,1190.4 1 1
github.com/engine/server/discord/service.go:1192.2,1192.15 1 1
github.com/engine/server/discord/service.go:1195.42,1196.82 1 1
github.com/engine/server/discord/service.go:1196.82,1198.3 1 1
github.com/engine/server/discord/service.go:1199.2,1199.42 1 1
github.com/engine/server/discord/service.go:1199.42,1201.3 1 1
github.com/engine/server/discord/service.go:1202.2,1202.73 1 1
github.com/engine/server/discord/service.go:1202.73,1204.3 1 1
github.com/engine/server/discord/service.go:1205.2,1205.67 1 0
github.com/engine/server/discord/service.go:1205.67,1207.3 1 0
github.com/engine/server/discord/service.go:1208.2,1208.38 1 0
github.com/engine/server/discord/service.go:1211.32,1213.22 2 1
github.com/engine/server/discord/service.go:1213.22,1215.3 1 1
github.com/engine/server/discord/service.go:1216.2,1216.19 1 1
github.com/engine/server/discord/service.go:1219.49,1220.15 1 1
github.com/engine/server/discord/service.go:1220.15,1222.3 1 1
github.com/engine/server/discord/service.go:1223.2,1223.10 1 1
github.com/engine/server/discord/service.go:1241.44,1247.18 2 1
github.com/engine/server/discord/service.go:1247.18,1251.3 3 1
github.com/engine/server/discord/service.go:1252.2,1252.43 1 1
github.com/engine/server/discord/service.go:1252.43,1254.3 1 1
github.com/engine/server/discord/service.go:1255.2,1255.42 1 1
github.com/engine/server/discord/service.go:1255.42,1257.3 1 1
github.com/engine/server/discord/service.go:1258.2,1258.32 1 1
github.com/engine/server/discord/service.go:1258.32,1260.3 1 1
github.com/engine/server/discord/service.go:1261.2,1261.28 1 1
github.com/engine/server/discord/service.go:1261.28,1263.3 1 1
github.com/engine/server/discord/service.go:1265.2,1266.16 2 1
github.com/engine/server/discord/service.go:1266.16,1269.3 2 0
github.com/engine/server/discord/service.go:1270.2,1270.34 1 1
github.com/engine/server/discord/service.go:1270.34,1273.3 2 1
github.com/engine/server/discord/service.go:1274.2,1276.40 2 0
github.com/engine/server/discord/service.go:1276.40,1278.3 1 0
github.com/engine/server/discord/service.go:1280.2,1281.16 2 0
github.com/engine/server/discord/service.go:1281.16,1284.3 2 0
github.com/engine/server/discord/service.go:1285.2,1288.39 2 0
github.com/engine/server/discord/service.go:1288.39,1289.64 1 0
github.com/engine/server/discord/service.go:1289.64,1291.4 1 0
github.com/engine/server/discord/service.go:1294.2,1295.15 2 0
github.com/engine/server/discord/service.go:1300.44,1303.17 3 1
github.com/engine/server/discord/service.go:1303.17,1304.39 1 1
github.com/engine/server/discord/service.go:1304.39,1306.4 1 1
github.com/engine/server/discord/service.go:1307.3,1307.19 1 1
github.com/engine/server/discord/service.go:1309.2,1309.12 1 1
github.com/engine/server/discord/service.go:1314.109,1316.2 1 1
github.com/engine/server/discord/service.go:1320.110,1322.2 1 1
github.com/engine/server/discord/service.go:1325.42,1327.2 1 1
github.com/engine/server/discord/service.go:1331.56,1333.62 2 1
github.com/engine/server/discord/service.go:1333.62,1335.3 1 1
github.com/engine/server/discord/service.go:1336.2,1337.35 2 1
github.com/engine/server/discord/service.go:1337.35,1339.3 1 1
github.com/engine/server/discord/service.go:1340.2,1352.16 5 1
github.com/engine/server/discord/service.go:1352.16,1354.3 1 0
github.com/engine/server/discord/service.go:1355.2,1355.39 1 1
