mode: atomic
github.com/engine/server/discord/service.go:75.53,85.16 3 4
github.com/engine/server/discord/service.go:85.16,87.3 1 1
github.com/engine/server/discord/service.go:88.2,88.12 1 3
github.com/engine/server/discord/service.go:88.12,90.3 1 2
github.com/engine/server/discord/service.go:91.2,93.18 2 3
github.com/engine/server/discord/service.go:93.18,95.3 1 1
github.com/engine/server/discord/service.go:96.2,96.24 1 2
github.com/engine/server/discord/service.go:96.24,98.3 1 0
github.com/engine/server/discord/service.go:99.2,99.23 1 2
github.com/engine/server/discord/service.go:99.23,101.3 1 0
github.com/engine/server/discord/service.go:102.2,102.32 1 2
github.com/engine/server/discord/service.go:102.32,104.3 1 0
github.com/engine/server/discord/service.go:105.2,105.59 1 2
github.com/engine/server/discord/service.go:105.59,107.3 1 0
github.com/engine/server/discord/service.go:108.2,108.17 1 2
github.com/engine/server/discord/service.go:111.70,114.16 3 4
github.com/engine/server/discord/service.go:114.16,115.25 1 1
github.com/engine/server/discord/service.go:115.25,117.4 1 1
github.com/engine/server/discord/service.go:118.3,118.73 1 0
github.com/engine/server/discord/service.go:121.2,122.51 2 3
github.com/engine/server/discord/service.go:122.51,124.3 1 1
github.com/engine/server/discord/service.go:125.2,125.23 1 2
github.com/engine/server/discord/service.go:128.53,129.26 1 2
github.com/engine/server/discord/service.go:129.26,131.3 1 2
github.com/engine/server/discord/service.go:132.2,132.61 1 2
github.com/engine/server/discord/service.go:132.61,134.3 1 2
github.com/engine/server/discord/service.go:135.2,135.60 1 2
github.com/engine/server/discord/service.go:135.60,137.3 1 2
github.com/engine/server/discord/service.go:138.2,138.35 1 2
github.com/engine/server/discord/service.go:138.35,140.3 1 2
github.com/engine/server/discord/service.go:141.2,141.66 1 2
github.com/engine/server/discord/service.go:141.66,143.3 1 1
github.com/engine/server/discord/service.go:144.2,144.71 1 2
github.com/engine/server/discord/service.go:144.71,146.3 1 1
github.com/engine/server/discord/service.go:147.2,147.64 1 2
github.com/engine/server/discord/service.go:147.64,149.3 1 0
github.com/engine/server/discord/service.go:152.37,153.69 1 4
github.com/engine/server/discord/service.go:153.69,155.3 1 2
github.com/engine/server/discord/service.go:156.2,156.84 1 4
github.com/engine/server/discord/service.go:156.84,158.3 1 2
github.com/engine/server/discord/service.go:159.2,159.83 1 4
github.com/engine/server/discord/service.go:159.83,161.3 1 2
github.com/engine/server/discord/service.go:162.2,162.91 1 4
github.com/engine/server/discord/service.go:162.91,164.3 1 2
github.com/engine/server/discord/service.go:165.2,165.81 1 4
github.com/engine/server/discord/service.go:165.81,167.3 1 2
github.com/engine/server/discord/service.go:168.2,168.90 1 4
github.com/engine/server/discord/service.go:168.90,170.3 1 1
github.com/engine/server/discord/service.go:171.2,171.76 1 4
github.com/engine/server/discord/service.go:171.76,173.3 1 0
github.com/engine/server/discord/service.go:176.49,178.17 2 26
github.com/engine/server/discord/service.go:178.17,180.3 1 4
github.com/engine/server/discord/service.go:181.2,181.15 1 22
github.com/engine/server/discord/service.go:182.32,183.20 1 12
github.com/engine/server/discord/service.go:184.33,185.21 1 8
github.com/engine/server/discord/service.go:186.10,187.22 1 2
github.com/engine/server/discord/service.go:191.48,193.2 1 10
github.com/engine/server/discord/service.go:196.67,205.17 2 25
github.com/engine/server/discord/service.go:205.17,206.39 1 1
github.com/engine/server/discord/service.go:206.39,208.4 1 0
github.com/engine/server/discord/service.go:210.2,210.15 1 25
github.com/engine/server/discord/service.go:214.33,215.20 1 0
github.com/engine/server/discord/service.go:215.20,217.3 1 0
github.com/engine/server/discord/service.go:219.2,220.16 2 0
github.com/engine/server/discord/service.go:220.16,222.3 1 0
github.com/engine/server/discord/service.go:224.2,228.34 4 0
github.com/engine/server/discord/service.go:228.34,230.3 1 0
github.com/engine/server/discord/service.go:231.2,233.12 3 0
github.com/engine/server/discord/service.go:237.33,238.17 1 2
github.com/engine/server/discord/service.go:238.17,240.3 1 2
github.com/engine/server/discord/service.go:241.2,241.21 1 0
github.com/engine/server/discord/service.go:244.69,245.52 1 0
github.com/engine/server/discord/service.go:245.52,247.3 1 0
github.com/engine/server/discord/service.go:250.79,251.49 1 16
github.com/engine/server/discord/service.go:251.49,253.3 1 2
github.com/engine/server/discord/service.go:254.2,254.51 1 14
github.com/engine/server/discord/service.go:254.51,256.3 1 1
github.com/engine/server/discord/service.go:257.2,257.35 1 13
github.com/engine/server/discord/service.go:257.35,259.3 1 1
github.com/engine/server/discord/service.go:264.2,267.9 3 12
github.com/engine/server/discord/service.go:267.9,269.3 1 1
github.com/engine/server/discord/service.go:271.2,271.13 1 11
github.com/engine/server/discord/service.go:272.14,273.26 1 1
github.com/engine/server/discord/service.go:274.17,275.34 1 0
github.com/engine/server/discord/service.go:276.18,277.30 1 1
github.com/engine/server/discord/service.go:278.16,279.33 1 1
github.com/engine/server/discord/service.go:280.18,281.35 1 1
github.com/engine/server/discord/service.go:282.20,283.37 1 1
github.com/engine/server/discord/service.go:284.15,285.37 1 1
github.com/engine/server/discord/service.go:286.16,287.38 1 1
github.com/engine/server/discord/service.go:288.13,289.30 1 1
github.com/engine/server/discord/service.go:290.16,291.33 1 1
github.com/engine/server/discord/service.go:292.17,293.34 1 1
github.com/engine/server/discord/service.go:294.10,295.53 1 1
github.com/engine/server/discord/service.go:299.83,300.20 1 5
github.com/engine/server/discord/service.go:300.20,303.3 2 1
github.com/engine/server/discord/service.go:305.2,306.13 2 4
github.com/engine/server/discord/service.go:307.13,308.20 1 1
github.com/engine/server/discord/service.go:308.20,311.4 2 1
github.com/engine/server/discord/service.go:312.3,312.80 1 0
github.com/engine/server/discord/service.go:312.80,314.4 1 0
github.com/engine/server/discord/service.go:315.14,316.30 1 1
github.com/engine/server/discord/service.go:317.16,318.20 1 1
github.com/engine/server/discord/service.go:318.20,321.4 2 1
github.com/engine/server/discord/service.go:322.3,322.63 1 0
github.com/engine/server/discord/service.go:322.63,324.4 1 0
github.com/engine/server/discord/service.go:325.10,326.73 1 1
github.com/engine/server/discord/service.go:330.77,332.17 2 0
github.com/engine/server/discord/service.go:332.17,334.3 1 0
github.com/engine/server/discord/service.go:335.2,336.16 2 0
github.com/engine/server/discord/service.go:336.16,338.3 1 0
github.com/engine/server/discord/service.go:339.2,339.56 1 0
github.com/engine/server/discord/service.go:339.56,341.3 1 0
github.com/engine/server/discord/service.go:343.2,346.16 4 0
github.com/engine/server/discord/service.go:346.16,348.3 1 0
github.com/engine/server/discord/service.go:350.2,358.38 4 0
github.com/engine/server/discord/service.go:358.38,360.3 1 0
github.com/engine/server/discord/service.go:362.2,365.12 4 0
github.com/engine/server/discord/service.go:368.68,370.15 2 3
github.com/engine/server/discord/service.go:370.15,372.3 1 1
github.com/engine/server/discord/service.go:374.2,375.9 2 2
github.com/engine/server/discord/service.go:375.9,377.3 1 1
github.com/engine/server/discord/service.go:379.2,382.38 4 1
github.com/engine/server/discord/service.go:382.38,384.3 1 0
github.com/engine/server/discord/service.go:386.2,387.12 2 1
github.com/engine/server/discord/service.go:390.50,393.37 3 4
github.com/engine/server/discord/service.go:393.37,395.3 1 2
github.com/engine/server/discord/service.go:396.2,398.24 2 4
github.com/engine/server/discord/service.go:398.24,401.3 2 3
github.com/engine/server/discord/service.go:403.2,403.43 1 1
github.com/engine/server/discord/service.go:403.43,403.97 1 1
github.com/engine/server/discord/service.go:404.2,406.29 3 1
github.com/engine/server/discord/service.go:406.29,408.15 2 2
github.com/engine/server/discord/service.go:408.15,410.4 1 1
github.com/engine/server/discord/service.go:411.3,411.85 1 2
github.com/engine/server/discord/service.go:413.2,413.31 1 1
github.com/engine/server/discord/service.go:416.82,418.9 2 3
github.com/engine/server/discord/service.go:418.9,421.3 2 2
github.com/engine/server/discord/service.go:423.2,424.16 2 1
github.com/engine/server/discord/service.go:424.16,427.3 2 0
github.com/engine/server/discord/service.go:428.2,439.26 2 1
github.com/engine/server/discord/service.go:442.84,444.9 2 3
github.com/engine/server/discord/service.go:444.9,447.3 2 2
github.com/engine/server/discord/service.go:449.2,450.16 2 1
github.com/engine/server/discord/service.go:450.16,453.3 2 0
github.com/engine/server/discord/service.go:454.2,454.24 1 1
github.com/engine/server/discord/service.go:454.24,457.3 2 1
github.com/engine/server/discord/service.go:459.2,460.15 2 0
github.com/engine/server/discord/service.go:460.15,462.3 1 0
github.com/engine/server/discord/service.go:463.2,465.29 3 0
github.com/engine/server/discord/service.go:465.29,468.20 3 0
github.com/engine/server/discord/service.go:468.20,470.4 1 0
github.com/engine/server/discord/service.go:471.3,471.25 1 0
github.com/engine/server/discord/service.go:471.25,473.4 1 0
github.com/engine/server/discord/service.go:474.3,474.101 1 0
github.com/engine/server/discord/service.go:476.2,476.33 1 0
github.com/engine/server/discord/service.go:479.86,481.9 2 3
github.com/engine/server/discord/service.go:481.9,484.3 2 2
github.com/engine/server/discord/service.go:486.2,487.37 2 1
github.com/engine/server/discord/service.go:487.37,490.3 2 1
github.com/engine/server/discord/service.go:491.2,492.107 2 0
github.com/engine/server/discord/service.go:495.92,497.9 2 5
github.com/engine/server/discord/service.go:497.9,500.3 2 3
github.com/engine/server/discord/service.go:502.2,507.38 6 2
github.com/engine/server/discord/service.go:507.38,510.3 2 0
github.com/engine/server/discord/service.go:512.2,512.11 1 2
github.com/engine/server/discord/service.go:512.11,514.3 1 1
github.com/engine/server/discord/service.go:514.8,516.3 1 1
github.com/engine/server/discord/service.go:519.79,520.20 1 5
github.com/engine/server/discord/service.go:520.20,523.3 2 2
github.com/engine/server/discord/service.go:525.2,526.9 2 3
github.com/engine/server/discord/service.go:526.9,529.3 2 1
github.com/engine/server/discord/service.go:530.2,530.37 1 2
github.com/engine/server/discord/service.go:530.37,533.3 2 0
github.com/engine/server/discord/service.go:534.2,534.20 1 2
github.com/engine/server/discord/service.go:534.20,537.3 2 1
github.com/engine/server/discord/service.go:543.2,544.16 2 1
github.com/engine/server/discord/service.go:544.16,547.3 2 1
github.com/engine/server/discord/service.go:548.2,551.25 3 0
github.com/engine/server/discord/service.go:551.25,555.3 3 0
github.com/engine/server/discord/service.go:556.2,560.12 4 0
github.com/engine/server/discord/service.go:560.12,561.16 1 0
github.com/engine/server/discord/service.go:561.16,565.4 3 0
github.com/engine/server/discord/service.go:567.3,578.45 6 0
github.com/engine/server/discord/service.go:578.45,579.49 1 0
github.com/engine/server/discord/service.go:579.49,581.6 1 0
github.com/engine/server/discord/service.go:582.5,584.19 3 0
github.com/engine/server/discord/service.go:586.53,586.54 0 0
github.com/engine/server/discord/service.go:587.61,587.62 0 0
github.com/engine/server/discord/service.go:588.39,588.75 1 0
github.com/engine/server/discord/service.go:589.43,589.44 0 0
github.com/engine/server/discord/service.go:590.78,596.5 5 0
github.com/engine/server/discord/service.go:599.3,599.39 1 0
github.com/engine/server/discord/service.go:599.39,602.4 2 0
github.com/engine/server/discord/service.go:604.3,607.19 4 0
github.com/engine/server/discord/service.go:607.19,609.4 1 0
github.com/engine/server/discord/service.go:611.3,611.72 1 0
github.com/engine/server/discord/service.go:611.72,613.4 1 0
github.com/engine/server/discord/service.go:621.128,622.17 1 1
github.com/engine/server/discord/service.go:622.17,624.3 1 1
github.com/engine/server/discord/service.go:627.2,628.45 2 0
github.com/engine/server/discord/service.go:628.45,631.69 3 0
github.com/engine/server/discord/service.go:631.69,633.4 1 0
github.com/engine/server/discord/service.go:634.3,635.17 2 0
github.com/engine/server/discord/service.go:635.17,637.4 1 0
github.com/engine/server/discord/service.go:638.3,638.34 1 0
github.com/engine/server/discord/service.go:642.2,644.16 3 0
github.com/engine/server/discord/service.go:644.16,646.3 1 0
github.com/engine/server/discord/service.go:647.2,648.16 2 0
github.com/engine/server/discord/service.go:648.16,650.3 1 0
github.com/engine/server/discord/service.go:653.2,654.34 2 0
github.com/engine/server/discord/service.go:657.96,660.66 3 0
github.com/engine/server/discord/service.go:660.66,662.3 1 0
github.com/engine/server/discord/service.go:663.2,663.74 1 0
github.com/engine/server/discord/service.go:663.74,665.3 1 0
github.com/engine/server/discord/service.go:666.2,666.90 1 0
github.com/engine/server/discord/service.go:666.90,668.3 1 0
github.com/engine/server/discord/service.go:669.2,669.16 1 0
github.com/engine/server/discord/service.go:672.82,673.20 1 3
github.com/engine/server/discord/service.go:673.20,676.3 2 2
github.com/engine/server/discord/service.go:677.2,679.8 3 1
github.com/engine/server/discord/service.go:679.8,681.3 1 0
github.com/engine/server/discord/service.go:682.2,684.16 3 1
github.com/engine/server/discord/service.go:684.16,687.3 2 1
github.com/engine/server/discord/service.go:688.2,688.20 1 0
github.com/engine/server/discord/service.go:688.20,691.3 2 0
github.com/engine/server/discord/service.go:692.2,694.25 3 0
github.com/engine/server/discord/service.go:694.25,701.3 1 0
github.com/engine/server/discord/service.go:702.2,702.67 1 0
github.com/engine/server/discord/service.go:705.83,707.20 2 4
github.com/engine/server/discord/service.go:707.20,708.59 1 3
github.com/engine/server/discord/service.go:708.59,710.4 1 2
github.com/engine/server/discord/service.go:712.2,715.17 4 4
github.com/engine/server/discord/service.go:715.17,716.84 1 0
github.com/engine/server/discord/service.go:716.84,718.4 1 0
github.com/engine/server/discord/service.go:720.2,720.69 1 4
github.com/engine/server/discord/service.go:720.69,722.3 1 0
github.com/engine/server/discord/service.go:723.2,724.16 2 4
github.com/engine/server/discord/service.go:724.16,727.3 2 0
github.com/engine/server/discord/service.go:728.2,728.20 1 4
github.com/engine/server/discord/service.go:728.20,731.3 2 4
github.com/engine/server/discord/service.go:732.2,734.38 3 0
github.com/engine/server/discord/service.go:734.38,741.3 2 0
github.com/engine/server/discord/service.go:742.2,742.67 1 0
github.com/engine/server/discord/service.go:747.61,752.21 5 13
github.com/engine/server/discord/service.go:752.21,755.3 2 13
github.com/engine/server/discord/service.go:756.2,757.74 2 13
github.com/engine/server/discord/service.go:757.74,759.3 1 12
github.com/engine/server/discord/service.go:760.2,771.4 1 13
github.com/engine/server/discord/service.go:774.82,780.21 6 0
github.com/engine/server/discord/service.go:780.21,782.3 1 0
github.com/engine/server/discord/service.go:783.2,792.4 1 0
github.com/engine/server/discord/service.go:798.70,799.55 1 6
github.com/engine/server/discord/service.go:799.55,801.3 1 6
github.com/engine/server/discord/service.go:802.2,802.34 1 0
github.com/engine/server/discord/service.go:802.34,804.3 1 0
github.com/engine/server/discord/service.go:805.2,805.67 1 0
github.com/engine/server/discord/service.go:805.67,808.3 2 0
github.com/engine/server/discord/service.go:809.2,809.51 1 0
github.com/engine/server/discord/service.go:814.73,815.55 1 17
github.com/engine/server/discord/service.go:815.55,817.3 1 17
github.com/engine/server/discord/service.go:818.2,819.29 2 0
github.com/engine/server/discord/service.go:819.29,821.3 1 0
github.com/engine/server/discord/service.go:822.2,822.18 1 0
github.com/engine/server/discord/service.go:822.18,824.3 1 0
github.com/engine/server/discord/service.go:825.2,825.18 1 0
github.com/engine/server/discord/service.go:828.94,829.39 1 16
github.com/engine/server/discord/service.go:829.39,830.75 1 0
github.com/engine/server/discord/service.go:830.75,832.4 1 0
github.com/engine/server/discord/service.go:835.2,835.40 1 16
github.com/engine/server/discord/service.go:835.40,838.38 3 14
github.com/engine/server/discord/service.go:838.38,839.32 1 2
github.com/engine/server/discord/service.go:839.32,841.5 1 1
github.com/engine/server/discord/service.go:844.2,844.15 1 15
github.com/engine/server/discord/service.go:847.43,851.2 1 8
github.com/engine/server/discord/service.go:853.44,856.23 3 7
github.com/engine/server/discord/service.go:856.23,858.3 1 2
github.com/engine/server/discord/service.go:859.2,859.19 1 7
github.com/engine/server/discord/service.go:859.19,861.3 1 2
github.com/engine/server/discord/service.go:862.2,862.40 1 7
github.com/engine/server/discord/service.go:865.48,867.43 2 11
github.com/engine/server/discord/service.go:867.43,868.25 1 15
github.com/engine/server/discord/service.go:868.25,870.4 1 3
github.com/engine/server/discord/service.go:871.3,871.24 1 12
github.com/engine/server/discord/service.go:873.2,873.12 1 8
github.com/engine/server/discord/service.go:873.12,875.3 1 4
github.com/engine/server/discord/service.go:876.2,876.15 1 4
github.com/engine/server/discord/service.go:879.34,881.16 2 5
github.com/engine/server/discord/service.go:881.16,883.3 1 2
github.com/engine/server/discord/service.go:884.2,884.32 1 3
github.com/engine/server/discord/service.go:887.49,888.35 1 7
github.com/engine/server/discord/service.go:888.35,889.25 1 5
github.com/engine/server/discord/service.go:889.25,891.4 1 3
github.com/engine/server/discord/service.go:892.3,892.16 1 2
github.com/engine/server/discord/service.go:894.2,894.13 1 2
github.com/engine/server/discord/service.go:897.41,898.31 1 7
github.com/engine/server/discord/service.go:898.31,900.3 1 5
github.com/engine/server/discord/service.go:901.2,901.29 1 2
github.com/engine/server/discord/service.go:904.100,905.55 1 23
github.com/engine/server/discord/service.go:905.55,907.3 1 6
github.com/engine/server/discord/service.go:908.2,908.20 1 17
github.com/engine/server/discord/service.go:908.20,910.3 1 16
github.com/engine/server/discord/service.go:911.2,912.14 2 1
github.com/engine/server/discord/service.go:915.100,916.55 1 7
github.com/engine/server/discord/service.go:916.55,918.3 1 3
github.com/engine/server/discord/service.go:919.2,919.19 1 4
github.com/engine/server/discord/service.go:919.19,921.3 1 2
github.com/engine/server/discord/service.go:922.2,923.9 2 2
github.com/engine/server/discord/service.go:923.9,925.3 1 1
github.com/engine/server/discord/service.go:926.2,926.45 1 1
github.com/engine/server/discord/service.go:929.84,930.40 1 36
github.com/engine/server/discord/service.go:930.40,932.3 1 2
github.com/engine/server/discord/service.go:934.2,936.37 3 34
github.com/engine/server/discord/service.go:936.37,937.31 1 17
github.com/engine/server/discord/service.go:937.31,939.4 1 11
github.com/engine/server/discord/service.go:942.2,942.17 1 23
github.com/engine/server/discord/service.go:942.17,944.3 1 23
github.com/engine/server/discord/service.go:946.2,947.69 2 0
github.com/engine/server/discord/service.go:947.69,949.3 1 0
github.com/engine/server/discord/service.go:950.2,950.37 1 0
github.com/engine/server/discord/service.go:950.37,951.33 1 0
github.com/engine/server/discord/service.go:951.33,953.4 1 0
github.com/engine/server/discord/service.go:955.2,955.32 1 0
github.com/engine/server/discord/service.go:958.82,962.40 4 11
github.com/engine/server/discord/service.go:962.40,963.120 1 8
github.com/engine/server/discord/service.go:963.120,965.4 1 7
github.com/engine/server/discord/service.go:967.2,967.36 1 4
github.com/engine/server/discord/service.go:970.58,974.22 4 0
github.com/engine/server/discord/service.go:974.22,975.53 1 0
github.com/engine/server/discord/service.go:975.53,977.4 1 0
github.com/engine/server/discord/service.go:980.2,981.16 2 0
github.com/engine/server/discord/service.go:981.16,983.3 1 0
github.com/engine/server/discord/service.go:984.2,984.30 1 0
github.com/engine/server/discord/service.go:984.30,985.87 1 0
github.com/engine/server/discord/service.go:985.87,991.4 5 0
github.com/engine/server/discord/service.go:994.2,995.16 2 0
github.com/engine/server/discord/service.go:995.16,997.3 1 0
github.com/engine/server/discord/service.go:998.2,1001.38 4 0
github.com/engine/server/discord/service.go:1001.38,1003.3 1 0
github.com/engine/server/discord/service.go:1004.2,1005.19 2 0
github.com/engine/server/discord/service.go:1008.81,1010.16 2 0
github.com/engine/server/discord/service.go:1010.16,1012.3 1 0
github.com/engine/server/discord/service.go:1013.2,1013.30 1 0
github.com/engine/server/discord/service.go:1013.30,1014.67 1 0
github.com/engine/server/discord/service.go:1014.67,1016.4 1 0
github.com/engine/server/discord/service.go:1018.2,1018.85 1 0
github.com/engine/server/discord/service.go:1021.47,1022.55 1 40
github.com/engine/server/discord/service.go:1022.55,1024.3 1 40
github.com/engine/server/discord/service.go:1025.2,1025.34 1 0
github.com/engine/server/discord/service.go:1025.34,1027.3 1 0
github.com/engine/server/discord/service.go:1028.2,1028.67 1 0
github.com/engine/server/discord/service.go:1028.67,1031.3 2 0
github.com/engine/server/discord/service.go:1032.2,1032.49 1 0
github.com/engine/server/discord/service.go:1035.46,1053.2 2 1
github.com/engine/server/discord/service.go:1055.38,1057.2 1 10
github.com/engine/server/discord/service.go:1059.37,1062.16 3 5
github.com/engine/server/discord/service.go:1062.16,1063.25 1 2
github.com/engine/server/discord/service.go:1063.25,1065.4 1 2
github.com/engine/server/discord/service.go:1066.3,1066.51 1 0
github.com/engine/server/discord/service.go:1068.2,1069.50 2 3
github.com/engine/server/discord/service.go:1069.50,1071.3 1 1
github.com/engine/server/discord/service.go:1072.2,1072.24 1 2
github.com/engine/server/discord/service.go:1072.24,1074.3 1 1
github.com/engine/server/discord/service.go:1075.2,1076.12 2 2
github.com/engine/server/discord/service.go:1079.37,1083.16 4 4
github.com/engine/server/discord/service.go:1083.16,1085.3 1 0
github.com/engine/server/discord/service.go:1086.2,1086.48 1 4
github.com/engine/server/discord/service.go:1089.53,1092.2 2 17
github.com/engine/server/discord/service.go:1094.56,1096.37 2 2
github.com/engine/server/discord/service.go:1096.37,1098.3 1 1
github.com/engine/server/discord/service.go:1099.2,1101.66 3 1
github.com/engine/server/discord/service.go:1101.66,1103.3 1 0
github.com/engine/server/discord/service.go:1104.2,1104.74 1 1
github.com/engine/server/discord/service.go:1104.74,1106.3 1 0
github.com/engine/server/discord/service.go:1107.2,1107.16 1 1
github.com/engine/server/discord/service.go:1110.75,1112.16 2 19
github.com/engine/server/discord/service.go:1112.16,1114.3 1 1
github.com/engine/server/discord/service.go:1115.2,1115.38 1 18
github.com/engine/server/discord/service.go:1115.38,1117.3 1 3
github.com/engine/server/discord/service.go:1118.2,1119.16 2 15
github.com/engine/server/discord/service.go:1119.16,1121.3 1 1
github.com/engine/server/discord/service.go:1122.2,1123.21 2 14
github.com/engine/server/discord/service.go:1123.21,1125.3 1 0
github.com/engine/server/discord/service.go:1126.2,1128.20 3 14
github.com/engine/server/discord/service.go:1128.20,1130.3 1 4
github.com/engine/server/discord/service.go:1131.2,1131.24 1 14
github.com/engine/server/discord/service.go:1134.31,1136.17 2 4
github.com/engine/server/discord/service.go:1136.17,1138.3 1 1
github.com/engine/server/discord/service.go:1139.2,1141.26 3 3
github.com/engine/server/discord/service.go:1141.26,1144.23 3 26
github.com/engine/server/discord/service.go:1144.23,1147.12 3 22
github.com/engine/server/discord/service.go:1149.3,1149.16 1 4
github.com/engine/server/discord/service.go:1149.16,1152.4 2 2
github.com/engine/server/discord/service.go:1154.2,1155.18 2 3
github.com/engine/server/discord/service.go:1155.18,1157.3 1 0
github.com/engine/server/discord/service.go:1158.2,1158.15 1 3
github.com/engine/server/discord/service.go:1161.53,1163.19 2 1
github.com/engine/server/discord/service.go:1163.19,1165.3 1 0
github.com/engine/server/discord/service.go:1166.2,1166.25 1 1
github.com/engine/server/discord/service.go:1166.25,1168.3 1 0
github.com/engine/server/discord/service.go:1170.2,1172.22 3 1
github.com/engine/server/discord/service.go:1172.22,1174.18 2 2
github.com/engine/server/discord/service.go:1174.18,1176.4 1 0
github.com/engine/server/discord/service.go:1177.3,1178.39 2 2
github.com/engine/server/discord/service.go:1180.2,1180.16 1 1
github.com/engine/server/discord/service.go:1180.16,1182.3 1 1
github.com/engine/server/discord/service.go:1183.2,1183.14 1 1
github.com/engine/server/discord/service.go:1186.46,1188.2 1 3
github.com/engine/server/discord/service.go:1190.53,1192.30 2 6
github.com/engine/server/discord/service.go:1192.30,1194.14 2 13
github.com/engine/server/discord/service.go:1194.14,1196.4 1 13
github.com/engine/server/discord/service.go:1198.2,1198.15 1 6
github.com/engine/server/discord/service.go:1201.42,1202.82 1 17
github.com/engine/server/discord/service.go:1202.82,1204.3 1 1
github.com/engine/server/discord/service.go:1205.2,1205.42 1 16
github.com/engine/server/discord/service.go:1205.42,1207.3 1 15
github.com/engine/server/discord/service.go:1208.2,1208.73 1 1
github.com/engine/server/discord/service.go:1208.73,1210.3 1 1
github.com/engine/server/discord/service.go:1211.2,1211.67 1 0
github.com/engine/server/discord/service.go:1211.67,1213.3 1 0
github.com/engine/server/discord/service.go:1214.2,1214.38 1 0
github.com/engine/server/discord/service.go:1217.32,1219.22 2 4
github.com/engine/server/discord/service.go:1219.22,1221.3 1 2
github.com/engine/server/discord/service.go:1222.2,1222.19 1 2
github.com/engine/server/discord/service.go:1225.49,1226.15 1 5
github.com/engine/server/discord/service.go:1226.15,1228.3 1 2
github.com/engine/server/discord/service.go:1229.2,1229.10 1 3
github.com/engine/server/discord/service.go:1247.44,1253.18 2 4
github.com/engine/server/discord/service.go:1253.18,1257.3 3 2
github.com/engine/server/discord/service.go:1258.2,1258.43 1 2
github.com/engine/server/discord/service.go:1258.43,1260.3 1 1
github.com/engine/server/discord/service.go:1261.2,1261.42 1 2
github.com/engine/server/discord/service.go:1261.42,1263.3 1 1
github.com/engine/server/discord/service.go:1264.2,1264.32 1 2
github.com/engine/server/discord/service.go:1264.32,1266.3 1 1
github.com/engine/server/discord/service.go:1267.2,1267.28 1 2
github.com/engine/server/discord/service.go:1267.28,1269.3 1 1
github.com/engine/server/discord/service.go:1271.2,1272.16 2 1
github.com/engine/server/discord/service.go:1272.16,1275.3 2 0
github.com/engine/server/discord/service.go:1276.2,1276.34 1 1
github.com/engine/server/discord/service.go:1276.34,1279.3 2 1
github.com/engine/server/discord/service.go:1280.2,1282.40 2 0
github.com/engine/server/discord/service.go:1282.40,1284.3 1 0
github.com/engine/server/discord/service.go:1286.2,1287.16 2 0
github.com/engine/server/discord/service.go:1287.16,1290.3 2 0
github.com/engine/server/discord/service.go:1291.2,1294.39 2 0
github.com/engine/server/discord/service.go:1294.39,1295.64 1 0
github.com/engine/server/discord/service.go:1295.64,1297.4 1 0
github.com/engine/server/discord/service.go:1300.2,1301.15 2 0
github.com/engine/server/discord/service.go:1306.44,1309.17 3 1
github.com/engine/server/discord/service.go:1309.17,1310.39 1 0
github.com/engine/server/discord/service.go:1310.39,1312.4 1 0
github.com/engine/server/discord/service.go:1313.3,1313.19 1 0
github.com/engine/server/discord/service.go:1315.2,1315.12 1 1
github.com/engine/server/discord/service.go:1320.109,1322.2 1 1
github.com/engine/server/discord/service.go:1326.110,1328.2 1 1
github.com/engine/server/discord/service.go:1331.42,1333.2 1 1
github.com/engine/server/discord/service.go:1337.56,1339.62 2 1
github.com/engine/server/discord/service.go:1339.62,1341.3 1 0
github.com/engine/server/discord/service.go:1342.2,1343.35 2 1
github.com/engine/server/discord/service.go:1343.35,1345.3 1 1
github.com/engine/server/discord/service.go:1346.2,1358.16 5 1
github.com/engine/server/discord/service.go:1358.16,1360.3 1 0
github.com/engine/server/discord/service.go:1361.2,1361.39 1 1
