mode: atomic
github.com/engine/server/github/github.go:53.53,55.17 2 2
github.com/engine/server/github/github.go:55.17,57.3 1 1
github.com/engine/server/github/github.go:58.2,63.8 1 1
github.com/engine/server/github/github.go:67.60,74.2 1 1
github.com/engine/server/github/github.go:77.77,80.21 2 3
github.com/engine/server/github/github.go:80.21,82.3 1 1
github.com/engine/server/github/github.go:84.2,85.16 2 3
github.com/engine/server/github/github.go:85.16,87.3 1 0
github.com/engine/server/github/github.go:89.2,90.54 2 3
github.com/engine/server/github/github.go:90.54,92.3 1 1
github.com/engine/server/github/github.go:93.2,93.20 1 2
github.com/engine/server/github/github.go:97.55,100.16 3 3
github.com/engine/server/github/github.go:100.16,102.3 1 1
github.com/engine/server/github/github.go:104.2,105.53 2 2
github.com/engine/server/github/github.go:105.53,107.3 1 1
github.com/engine/server/github/github.go:108.2,108.20 1 1
github.com/engine/server/github/github.go:112.83,117.21 2 4
github.com/engine/server/github/github.go:117.21,119.3 1 1
github.com/engine/server/github/github.go:121.2,125.16 2 4
github.com/engine/server/github/github.go:125.16,127.3 1 1
github.com/engine/server/github/github.go:129.2,130.57 2 3
github.com/engine/server/github/github.go:130.57,132.3 1 1
github.com/engine/server/github/github.go:133.2,133.20 1 2
github.com/engine/server/github/github.go:137.72,143.16 3 5
github.com/engine/server/github/github.go:143.16,145.3 1 2
github.com/engine/server/github/github.go:147.2,148.59 2 3
github.com/engine/server/github/github.go:148.59,150.3 1 1
github.com/engine/server/github/github.go:151.2,151.22 1 2
github.com/engine/server/github/github.go:155.63,156.19 1 4
github.com/engine/server/github/github.go:156.19,157.58 1 2
github.com/engine/server/github/github.go:157.58,159.4 1 1
github.com/engine/server/github/github.go:162.2,167.16 3 3
github.com/engine/server/github/github.go:167.16,169.3 1 1
github.com/engine/server/github/github.go:170.2,170.12 1 2
github.com/engine/server/github/github.go:174.90,179.16 2 3
github.com/engine/server/github/github.go:179.16,181.3 1 1
github.com/engine/server/github/github.go:183.2,184.57 2 2
github.com/engine/server/github/github.go:184.57,186.3 1 1
github.com/engine/server/github/github.go:187.2,187.20 1 1
github.com/engine/server/github/github.go:192.52,194.16 2 7
github.com/engine/server/github/github.go:194.16,196.3 1 1
github.com/engine/server/github/github.go:197.2,197.25 1 6
github.com/engine/server/github/github.go:200.74,202.16 2 10
github.com/engine/server/github/github.go:202.16,204.3 1 1
github.com/engine/server/github/github.go:205.2,206.16 2 9
github.com/engine/server/github/github.go:206.16,208.3 1 0
github.com/engine/server/github/github.go:209.2,209.25 1 9
github.com/engine/server/github/github.go:212.75,214.16 2 7
github.com/engine/server/github/github.go:214.16,216.3 1 1
github.com/engine/server/github/github.go:217.2,218.16 2 6
github.com/engine/server/github/github.go:218.16,220.3 1 0
github.com/engine/server/github/github.go:221.2,221.25 1 6
github.com/engine/server/github/github.go:224.63,228.25 4 22
github.com/engine/server/github/github.go:228.25,230.3 1 15
github.com/engine/server/github/github.go:232.2,233.16 2 22
github.com/engine/server/github/github.go:233.16,235.3 1 0
github.com/engine/server/github/github.go:236.2,239.16 3 22
github.com/engine/server/github/github.go:239.16,241.3 1 1
github.com/engine/server/github/github.go:243.2,243.53 1 21
github.com/engine/server/github/github.go:243.53,246.3 1 6
github.com/engine/server/github/github.go:247.2,247.18 1 15
github.com/engine/server/github/monitor.go:40.36,44.2 1 14
github.com/engine/server/github/monitor.go:47.52,58.9 4 13
github.com/engine/server/github/monitor.go:59.32,59.32 0 12
github.com/engine/server/github/monitor.go:60.10,60.10 0 1
github.com/engine/server/github/monitor.go:66.50,67.12 1 11
github.com/engine/server/github/monitor.go:67.12,70.7 3 11
github.com/engine/server/github/monitor.go:70.7,71.11 1 22
github.com/engine/server/github/monitor.go:72.22,73.11 1 11
github.com/engine/server/github/monitor.go:74.22,75.16 1 11
github.com/engine/server/github/monitor.go:76.20,77.16 1 0
github.com/engine/server/github/monitor.go:84.33,90.29 5 11
github.com/engine/server/github/monitor.go:90.29,93.3 2 11
github.com/engine/server/github/monitor.go:97.52,98.34 1 11
github.com/engine/server/github/monitor.go:99.14,101.17 2 3
github.com/engine/server/github/monitor.go:101.17,104.4 2 1
github.com/engine/server/github/monitor.go:105.3,105.51 1 2
github.com/engine/server/github/monitor.go:105.51,107.4 1 1
github.com/engine/server/github/monitor.go:109.22,111.17 2 3
github.com/engine/server/github/monitor.go:111.17,114.4 2 1
github.com/engine/server/github/monitor.go:115.3,117.25 1 2
github.com/engine/server/github/monitor.go:117.25,119.4 1 1
github.com/engine/server/github/monitor.go:121.23,122.30 1 1
github.com/engine/server/github/monitor.go:122.30,124.4 1 1
github.com/engine/server/github/monitor.go:126.16,128.17 2 3
github.com/engine/server/github/monitor.go:128.17,131.4 2 1
github.com/engine/server/github/monitor.go:132.3,132.53 1 2
github.com/engine/server/github/monitor.go:132.53,134.4 1 1
github.com/engine/server/github/monitor.go:136.10,138.85 1 1
github.com/engine/server/github/oauth.go:50.76,51.18 1 4
github.com/engine/server/github/oauth.go:51.18,53.3 1 3
github.com/engine/server/github/oauth.go:55.2,59.16 2 4
github.com/engine/server/github/oauth.go:59.16,61.3 1 0
github.com/engine/server/github/oauth.go:62.2,67.16 4 4
github.com/engine/server/github/oauth.go:67.16,69.3 1 0
github.com/engine/server/github/oauth.go:71.2,76.25 2 4
github.com/engine/server/github/oauth.go:76.25,78.73 1 2
github.com/engine/server/github/oauth.go:78.73,80.4 1 1
github.com/engine/server/github/oauth.go:82.2,82.58 1 3
github.com/engine/server/github/oauth.go:82.58,84.3 1 1
github.com/engine/server/github/oauth.go:85.2,85.54 1 3
github.com/engine/server/github/oauth.go:85.54,87.3 1 1
github.com/engine/server/github/oauth.go:88.2,88.23 1 3
github.com/engine/server/github/oauth.go:88.23,90.3 1 1
github.com/engine/server/github/oauth.go:91.2,91.22 1 3
github.com/engine/server/github/oauth.go:91.22,93.3 1 1
github.com/engine/server/github/oauth.go:94.2,94.16 1 3
github.com/engine/server/github/oauth.go:105.108,109.34 3 7
github.com/engine/server/github/oauth.go:109.34,117.17 3 60235
github.com/engine/server/github/oauth.go:117.17,118.23 1 0
github.com/engine/server/github/oauth.go:118.23,120.5 1 0
github.com/engine/server/github/oauth.go:121.4,121.12 1 0
github.com/engine/server/github/oauth.go:124.3,137.20 5 60235
github.com/engine/server/github/oauth.go:138.11,139.29 1 3
github.com/engine/server/github/oauth.go:139.29,141.5 1 3
github.com/engine/server/github/oauth.go:142.32,143.23 1 32268
github.com/engine/server/github/oauth.go:143.23,145.5 1 1
github.com/engine/server/github/oauth.go:146.20,148.23 2 1
github.com/engine/server/github/oauth.go:148.23,150.5 1 1
github.com/engine/server/github/oauth.go:151.24,152.23 1 1
github.com/engine/server/github/oauth.go:152.23,154.5 1 1
github.com/engine/server/github/oauth.go:155.4,155.49 1 1
github.com/engine/server/github/oauth.go:156.24,157.48 1 1
github.com/engine/server/github/oauth.go:158.11,159.23 1 27961
github.com/engine/server/github/oauth.go:159.23,161.5 1 27961
github.com/engine/server/github/oauth.go:165.2,165.57 1 2
github.com/engine/server/github/oauth.go:170.57,178.16 7 3
github.com/engine/server/github/oauth.go:178.16,180.3 1 0
github.com/engine/server/github/oauth.go:181.2,183.38 2 3
github.com/engine/server/github/oauth.go:183.38,185.3 1 1
github.com/engine/server/github/oauth.go:187.2,190.65 2 2
github.com/engine/server/github/oauth.go:190.65,192.3 1 1
github.com/engine/server/github/oauth.go:193.2,193.24 1 1
github.com/engine/server/github/oauth.go:199.62,209.16 8 3
github.com/engine/server/github/oauth.go:209.16,211.3 1 0
github.com/engine/server/github/oauth.go:212.2,213.81 2 3
github.com/engine/server/github/oauth.go:213.81,215.3 1 1
github.com/engine/server/github/oauth.go:216.2,216.12 1 2
github.com/engine/server/github/webhook.go:38.57,40.2 1 6
github.com/engine/server/github/webhook.go:43.57,45.2 1 3
github.com/engine/server/github/webhook.go:49.78,50.33 1 6
github.com/engine/server/github/webhook.go:50.33,53.3 2 1
github.com/engine/server/github/webhook.go:55.2,56.16 2 5
github.com/engine/server/github/webhook.go:56.16,59.3 2 0
github.com/engine/server/github/webhook.go:61.2,61.24 1 5
github.com/engine/server/github/webhook.go:61.24,63.36 2 4
github.com/engine/server/github/webhook.go:63.36,66.4 2 3
github.com/engine/server/github/webhook.go:69.2,75.32 2 2
github.com/engine/server/github/webhook.go:75.32,77.3 1 2
github.com/engine/server/github/webhook.go:79.2,79.37 1 2
github.com/engine/server/github/webhook.go:84.73,85.40 1 4
github.com/engine/server/github/webhook.go:85.40,87.3 1 1
github.com/engine/server/github/webhook.go:88.2,90.16 3 3
github.com/engine/server/github/webhook.go:90.16,92.3 1 1
github.com/engine/server/github/webhook.go:94.2,97.39 4 2
github.com/engine/server/github/webhook.go:164.55,166.54 2 7
github.com/engine/server/github/webhook.go:166.54,168.3 1 2
github.com/engine/server/github/webhook.go:169.2,169.16 1 5
github.com/engine/server/github/webhook.go:173.71,175.54 2 3
github.com/engine/server/github/webhook.go:175.54,177.3 1 1
github.com/engine/server/github/webhook.go:178.2,178.16 1 2
github.com/engine/server/github/webhook.go:182.57,184.54 2 5
github.com/engine/server/github/webhook.go:184.54,186.3 1 2
github.com/engine/server/github/webhook.go:187.2,187.16 1 3
github.com/engine/server/github/webhook.go:191.69,193.54 2 5
github.com/engine/server/github/webhook.go:193.54,195.3 1 2
github.com/engine/server/github/webhook.go:196.2,196.16 1 3
github.com/engine/server/github/webhook.go:200.44,201.37 1 5
github.com/engine/server/github/webhook.go:201.37,202.27 1 8
github.com/engine/server/github/webhook.go:202.27,204.70 2 5
github.com/engine/server/github/webhook.go:204.70,206.5 1 3
github.com/engine/server/github/webhook.go:208.3,208.15 1 5
github.com/engine/server/github/webhook.go:210.2,210.30 1 5
github.com/engine/server/github/webhook.go:210.30,211.42 1 5
github.com/engine/server/github/webhook.go:211.42,213.4 1 3
github.com/engine/server/github/webhook.go:215.2,215.14 1 2
