mode: atomic
github.com/engine/server/ws/discord.go:22.35,24.13 2 15
github.com/engine/server/ws/discord.go:24.13,26.3 1 10
github.com/engine/server/ws/discord.go:27.2,27.17 1 5
github.com/engine/server/ws/discord.go:27.17,29.3 1 2
github.com/engine/server/ws/discord.go:30.2,30.37 1 3
github.com/engine/server/ws/discord.go:33.57,35.35 2 11
github.com/engine/server/ws/discord.go:35.35,37.3 1 2
github.com/engine/server/ws/discord.go:38.2,47.3 1 11
github.com/engine/server/ws/discord.go:50.82,53.41 3 11
github.com/engine/server/ws/discord.go:53.41,55.3 1 2
github.com/engine/server/ws/discord.go:56.2,56.40 1 11
github.com/engine/server/ws/discord.go:56.40,58.3 1 4
github.com/engine/server/ws/discord.go:59.2,59.29 1 11
github.com/engine/server/ws/discord.go:59.29,61.39 2 2
github.com/engine/server/ws/discord.go:61.39,62.43 1 4
github.com/engine/server/ws/discord.go:62.43,64.5 1 2
github.com/engine/server/ws/discord.go:67.2,67.46 1 11
github.com/engine/server/ws/discord.go:67.46,69.3 1 1
github.com/engine/server/ws/discord.go:70.2,70.51 1 11
github.com/engine/server/ws/discord.go:70.51,72.3 1 1
github.com/engine/server/ws/discord.go:73.2,73.12 1 11
github.com/engine/server/ws/discord.go:76.41,77.26 1 4
github.com/engine/server/ws/discord.go:77.26,87.3 3 3
github.com/engine/server/ws/discord.go:88.2,93.4 2 1
github.com/engine/server/ws/discord.go:96.69,98.26 2 4
github.com/engine/server/ws/discord.go:98.26,100.3 1 2
github.com/engine/server/ws/discord.go:100.8,102.3 1 2
github.com/engine/server/ws/discord.go:103.2,105.64 2 4
github.com/engine/server/ws/discord.go:105.64,108.3 2 0
github.com/engine/server/ws/discord.go:110.2,111.26 2 4
github.com/engine/server/ws/discord.go:111.26,112.51 1 2
github.com/engine/server/ws/discord.go:112.51,120.4 2 1
github.com/engine/server/ws/discord.go:121.3,121.49 1 1
github.com/engine/server/ws/discord.go:122.8,122.24 1 2
github.com/engine/server/ws/discord.go:122.24,124.17 2 0
github.com/engine/server/ws/discord.go:124.17,132.4 2 0
github.com/engine/server/ws/discord.go:133.3,133.41 1 0
github.com/engine/server/ws/discord.go:133.41,141.4 2 0
github.com/engine/server/ws/discord.go:142.3,143.16 2 0
github.com/engine/server/ws/discord.go:145.2,149.4 1 3
github.com/engine/server/ws/discord.go:152.70,154.21 2 4
github.com/engine/server/ws/discord.go:154.21,156.27 2 2
github.com/engine/server/ws/discord.go:156.27,158.4 1 0
github.com/engine/server/ws/discord.go:158.9,160.4 1 2
github.com/engine/server/ws/discord.go:161.3,161.37 1 2
github.com/engine/server/ws/discord.go:162.8,162.33 1 2
github.com/engine/server/ws/discord.go:162.33,164.3 1 0
github.com/engine/server/ws/discord.go:164.8,166.3 1 2
github.com/engine/server/ws/discord.go:167.2,171.4 2 4
github.com/engine/server/ws/discord.go:174.88,175.26 1 4
github.com/engine/server/ws/discord.go:175.26,178.3 2 2
github.com/engine/server/ws/discord.go:179.2,180.14 2 2
github.com/engine/server/ws/discord.go:180.14,182.3 1 1
github.com/engine/server/ws/discord.go:183.2,184.16 2 2
github.com/engine/server/ws/discord.go:184.16,187.3 2 1
github.com/engine/server/ws/discord.go:188.2,192.4 1 1
github.com/engine/server/ws/discord.go:195.91,196.26 1 4
github.com/engine/server/ws/discord.go:196.26,199.3 2 2
github.com/engine/server/ws/discord.go:200.2,201.14 2 2
github.com/engine/server/ws/discord.go:201.14,203.3 1 1
github.com/engine/server/ws/discord.go:204.2,205.16 2 2
github.com/engine/server/ws/discord.go:205.16,208.3 2 1
github.com/engine/server/ws/discord.go:209.2,213.4 1 1
github.com/engine/server/ws/handler.go:27.46,27.61 1 89
github.com/engine/server/ws/handler.go:54.40,56.2 1 29
github.com/engine/server/ws/handler.go:64.51,66.2 1 3
github.com/engine/server/ws/handler.go:75.38,77.2 1 91
github.com/engine/server/ws/handler.go:81.43,83.2 1 1
github.com/engine/server/ws/handler.go:86.63,87.28 1 90
github.com/engine/server/ws/handler.go:87.28,89.79 2 2
github.com/engine/server/ws/handler.go:89.79,92.4 2 1
github.com/engine/server/ws/handler.go:94.2,95.16 2 89
github.com/engine/server/ws/handler.go:95.16,98.3 2 0
github.com/engine/server/ws/handler.go:99.2,100.12 2 89
github.com/engine/server/ws/handler.go:145.83,147.21 2 8
github.com/engine/server/ws/handler.go:147.21,149.3 1 3
github.com/engine/server/ws/handler.go:150.2,150.21 1 8
github.com/engine/server/ws/handler.go:150.21,152.3 1 0
github.com/engine/server/ws/handler.go:154.2,155.34 2 8
github.com/engine/server/ws/handler.go:155.34,157.3 1 1
github.com/engine/server/ws/handler.go:159.2,160.50 2 7
github.com/engine/server/ws/handler.go:160.50,162.3 1 7
github.com/engine/server/ws/handler.go:163.2,163.21 1 7
github.com/engine/server/ws/handler.go:166.60,177.2 1 89
github.com/engine/server/ws/handler.go:182.36,184.16 2 165
github.com/engine/server/ws/handler.go:184.16,187.3 2 0
github.com/engine/server/ws/handler.go:188.2,194.9 3 165
github.com/engine/server/ws/handler.go:195.16,196.9 1 1
github.com/engine/server/ws/handler.go:197.10,197.10 0 164
github.com/engine/server/ws/handler.go:199.2,199.71 1 164
github.com/engine/server/ws/handler.go:199.71,201.71 1 5
github.com/engine/server/ws/handler.go:201.71,203.4 1 5
github.com/engine/server/ws/handler.go:207.46,209.2 1 27
github.com/engine/server/ws/handler.go:211.95,231.9 7 4
github.com/engine/server/ws/handler.go:232.25,233.20 1 3
github.com/engine/server/ws/handler.go:234.37,238.49 4 1
github.com/engine/server/ws/handler.go:242.55,245.8 3 4
github.com/engine/server/ws/handler.go:245.8,247.3 1 2
github.com/engine/server/ws/handler.go:248.2,249.9 2 4
github.com/engine/server/ws/handler.go:249.9,251.3 1 2
github.com/engine/server/ws/handler.go:252.2,253.15 2 2
github.com/engine/server/ws/handler.go:256.48,262.33 5 89
github.com/engine/server/ws/handler.go:262.33,265.3 2 1
github.com/engine/server/ws/handler.go:268.22,269.15 1 89
github.com/engine/server/ws/handler.go:269.15,271.31 1 89
github.com/engine/server/ws/handler.go:271.31,273.4 1 0
github.com/engine/server/ws/handler.go:278.3,283.21 6 89
github.com/engine/server/ws/handler.go:286.2,286.6 1 89
github.com/engine/server/ws/handler.go:286.6,288.17 2 220
github.com/engine/server/ws/handler.go:288.17,290.4 1 89
github.com/engine/server/ws/handler.go:291.3,294.52 2 131
github.com/engine/server/ws/handler.go:294.52,296.12 2 1
github.com/engine/server/ws/handler.go:298.3,298.29 1 130
github.com/engine/server/ws/handler.go:302.53,305.17 2 130
github.com/engine/server/ws/handler.go:309.22,314.21 3 13
github.com/engine/server/ws/handler.go:314.21,317.4 2 0
github.com/engine/server/ws/handler.go:318.3,326.82 6 13
github.com/engine/server/ws/handler.go:326.82,328.4 1 1
github.com/engine/server/ws/handler.go:328.9,332.65 4 12
github.com/engine/server/ws/handler.go:332.65,335.5 2 0
github.com/engine/server/ws/handler.go:336.4,336.73 1 12
github.com/engine/server/ws/handler.go:336.73,338.5 1 0
github.com/engine/server/ws/handler.go:339.4,339.18 1 12
github.com/engine/server/ws/handler.go:342.3,344.21 3 13
github.com/engine/server/ws/handler.go:344.21,346.4 1 12
github.com/engine/server/ws/handler.go:346.9,349.4 2 1
github.com/engine/server/ws/handler.go:351.3,352.17 2 13
github.com/engine/server/ws/handler.go:352.17,354.4 1 13
github.com/engine/server/ws/handler.go:355.3,356.17 2 13
github.com/engine/server/ws/handler.go:356.17,358.4 1 13
github.com/engine/server/ws/handler.go:360.3,360.64 1 13
github.com/engine/server/ws/handler.go:360.64,362.4 1 13
github.com/engine/server/ws/handler.go:366.22,368.17 2 3
github.com/engine/server/ws/handler.go:368.17,371.4 2 0
github.com/engine/server/ws/handler.go:372.3,372.79 1 3
github.com/engine/server/ws/handler.go:374.24,378.51 2 1
github.com/engine/server/ws/handler.go:378.51,381.4 2 0
github.com/engine/server/ws/handler.go:382.3,382.28 1 1
github.com/engine/server/ws/handler.go:382.28,385.4 2 1
github.com/engine/server/ws/handler.go:386.3,388.67 3 1
github.com/engine/server/ws/handler.go:388.67,391.4 2 0
github.com/engine/server/ws/handler.go:392.3,393.75 2 1
github.com/engine/server/ws/handler.go:393.75,395.4 1 0
github.com/engine/server/ws/handler.go:396.3,396.104 1 1
github.com/engine/server/ws/handler.go:396.104,400.4 3 0
github.com/engine/server/ws/handler.go:401.3,403.80 3 1
github.com/engine/server/ws/handler.go:405.25,410.51 2 3
github.com/engine/server/ws/handler.go:410.51,413.4 2 1
github.com/engine/server/ws/handler.go:414.3,414.45 1 2
github.com/engine/server/ws/handler.go:414.45,417.4 2 1
github.com/engine/server/ws/handler.go:418.3,419.35 2 1
github.com/engine/server/ws/handler.go:419.35,422.4 2 1
github.com/engine/server/ws/handler.go:423.3,423.13 1 0
github.com/engine/server/ws/handler.go:423.13,424.113 1 0
github.com/engine/server/ws/handler.go:424.113,426.5 1 0
github.com/engine/server/ws/handler.go:428.3,428.96 1 0
github.com/engine/server/ws/handler.go:430.22,434.51 2 1
github.com/engine/server/ws/handler.go:434.51,437.4 2 0
github.com/engine/server/ws/handler.go:438.3,439.35 2 1
github.com/engine/server/ws/handler.go:439.35,442.4 2 0
github.com/engine/server/ws/handler.go:443.3,446.101 4 1
github.com/engine/server/ws/handler.go:450.14,455.51 2 8
github.com/engine/server/ws/handler.go:455.51,458.4 2 0
github.com/engine/server/ws/handler.go:459.3,460.17 2 8
github.com/engine/server/ws/handler.go:460.17,463.4 2 1
github.com/engine/server/ws/handler.go:464.3,470.48 5 7
github.com/engine/server/ws/handler.go:470.48,472.4 1 0
github.com/engine/server/ws/handler.go:473.3,473.39 1 7
github.com/engine/server/ws/handler.go:473.39,473.58 1 0
github.com/engine/server/ws/handler.go:474.3,477.13 3 7
github.com/engine/server/ws/handler.go:477.13,478.17 1 7
github.com/engine/server/ws/handler.go:478.17,481.49 2 7
github.com/engine/server/ws/handler.go:481.49,485.6 2 7
github.com/engine/server/ws/handler.go:486.5,488.33 2 7
github.com/engine/server/ws/handler.go:488.33,495.6 2 0
github.com/engine/server/ws/handler.go:497.4,501.46 1 7
github.com/engine/server/ws/handler.go:501.46,503.6 1 13
github.com/engine/server/ws/handler.go:504.54,506.6 1 3
github.com/engine/server/ws/handler.go:507.71,509.6 1 3
github.com/engine/server/ws/handler.go:510.34,512.6 1 0
github.com/engine/server/ws/handler.go:513.49,515.6 1 0
github.com/engine/server/ws/handler.go:516.38,520.6 3 1
github.com/engine/server/ws/handler.go:521.79,523.6 1 4
github.com/engine/server/ws/handler.go:524.61,526.33 2 2
github.com/engine/server/ws/handler.go:527.34,528.27 1 1
github.com/engine/server/ws/handler.go:528.27,530.8 1 1
github.com/engine/server/ws/handler.go:531.29,532.27 1 1
github.com/engine/server/ws/handler.go:532.27,534.8 1 1
github.com/engine/server/ws/handler.go:536.6,536.15 1 2
github.com/engine/server/ws/handler.go:541.19,545.74 2 0
github.com/engine/server/ws/handler.go:545.74,547.4 1 0
github.com/engine/server/ws/handler.go:548.3,549.51 2 0
github.com/engine/server/ws/handler.go:549.51,552.4 2 0
github.com/engine/server/ws/handler.go:553.3,553.26 1 0
github.com/engine/server/ws/handler.go:555.26,560.51 2 7
github.com/engine/server/ws/handler.go:560.51,563.4 2 1
github.com/engine/server/ws/handler.go:564.3,564.19 1 6
github.com/engine/server/ws/handler.go:564.19,567.4 2 2
github.com/engine/server/ws/handler.go:568.3,568.39 1 4
github.com/engine/server/ws/handler.go:572.19,578.17 4 2
github.com/engine/server/ws/handler.go:578.17,581.4 2 1
github.com/engine/server/ws/handler.go:582.3,582.140 1 1
github.com/engine/server/ws/handler.go:584.19,589.51 2 2
github.com/engine/server/ws/handler.go:589.51,592.4 2 1
github.com/engine/server/ws/handler.go:593.3,593.63 1 1
github.com/engine/server/ws/handler.go:593.63,596.4 2 0
github.com/engine/server/ws/handler.go:597.3,597.73 1 1
github.com/engine/server/ws/handler.go:599.21,604.54 3 1
github.com/engine/server/ws/handler.go:604.54,607.4 2 0
github.com/engine/server/ws/handler.go:608.3,608.75 1 1
github.com/engine/server/ws/handler.go:610.23,615.53 3 1
github.com/engine/server/ws/handler.go:615.53,618.4 2 0
github.com/engine/server/ws/handler.go:619.3,619.77 1 1
github.com/engine/server/ws/handler.go:621.19,627.17 4 1
github.com/engine/server/ws/handler.go:627.17,630.4 2 0
github.com/engine/server/ws/handler.go:631.3,631.68 1 1
github.com/engine/server/ws/handler.go:633.21,639.51 2 3
github.com/engine/server/ws/handler.go:639.51,642.4 2 1
github.com/engine/server/ws/handler.go:643.3,644.18 2 2
github.com/engine/server/ws/handler.go:644.18,647.4 2 1
github.com/engine/server/ws/handler.go:648.3,649.17 2 1
github.com/engine/server/ws/handler.go:649.17,651.4 1 0
github.com/engine/server/ws/handler.go:652.3,653.17 2 1
github.com/engine/server/ws/handler.go:653.17,656.4 2 0
github.com/engine/server/ws/handler.go:657.3,657.95 1 1
github.com/engine/server/ws/handler.go:661.20,662.13 1 1
github.com/engine/server/ws/handler.go:662.13,664.18 2 1
github.com/engine/server/ws/handler.go:664.18,667.5 2 0
github.com/engine/server/ws/handler.go:668.4,668.74 1 1
github.com/engine/server/ws/handler.go:671.18,677.85 4 1
github.com/engine/server/ws/handler.go:679.17,684.21 3 1
github.com/engine/server/ws/handler.go:684.21,686.4 1 1
github.com/engine/server/ws/handler.go:687.3,688.72 2 1
github.com/engine/server/ws/handler.go:690.20,694.51 2 2
github.com/engine/server/ws/handler.go:694.51,697.4 2 1
github.com/engine/server/ws/handler.go:698.3,699.20 2 1
github.com/engine/server/ws/handler.go:699.20,702.4 2 1
github.com/engine/server/ws/handler.go:703.3,704.17 2 0
github.com/engine/server/ws/handler.go:704.17,707.4 2 0
github.com/engine/server/ws/handler.go:708.3,709.62 2 0
github.com/engine/server/ws/handler.go:709.62,711.4 1 0
github.com/engine/server/ws/handler.go:712.3,712.63 1 0
github.com/engine/server/ws/handler.go:712.63,714.4 1 0
github.com/engine/server/ws/handler.go:716.25,722.40 4 1
github.com/engine/server/ws/handler.go:722.40,724.4 1 0
github.com/engine/server/ws/handler.go:725.3,731.5 2 1
github.com/engine/server/ws/handler.go:733.21,737.51 2 3
github.com/engine/server/ws/handler.go:737.51,740.4 2 1
github.com/engine/server/ws/handler.go:741.3,741.33 1 2
github.com/engine/server/ws/handler.go:745.28,746.29 1 4
github.com/engine/server/ws/handler.go:748.28,752.51 2 4
github.com/engine/server/ws/handler.go:752.51,755.4 2 0
github.com/engine/server/ws/handler.go:756.3,756.39 1 4
github.com/engine/server/ws/handler.go:758.26,763.38 3 4
github.com/engine/server/ws/handler.go:765.32,773.81 3 4
github.com/engine/server/ws/handler.go:775.32,783.84 3 4
github.com/engine/server/ws/handler.go:788.35,789.35 1 4
github.com/engine/server/ws/handler.go:793.21,794.23 1 5
github.com/engine/server/ws/handler.go:796.23,802.15 4 5
github.com/engine/server/ws/handler.go:802.15,804.4 1 1
github.com/engine/server/ws/handler.go:805.3,805.30 1 5
github.com/engine/server/ws/handler.go:809.25,816.16 5 2
github.com/engine/server/ws/handler.go:816.16,818.4 1 0
github.com/engine/server/ws/handler.go:819.3,820.22 1 2
github.com/engine/server/ws/handler.go:820.22,822.5 1 1
github.com/engine/server/ws/handler.go:823.11,826.5 2 1
github.com/engine/server/ws/handler.go:828.3,828.17 1 2
github.com/engine/server/ws/handler.go:828.17,831.4 2 1
github.com/engine/server/ws/handler.go:832.3,833.91 2 1
github.com/engine/server/ws/handler.go:835.24,841.44 3 1
github.com/engine/server/ws/handler.go:843.25,850.55 3 1
github.com/engine/server/ws/handler.go:852.24,858.36 4 1
github.com/engine/server/ws/handler.go:862.26,866.51 2 2
github.com/engine/server/ws/handler.go:866.51,870.4 3 2
github.com/engine/server/ws/handler.go:874.27,877.17 3 2
github.com/engine/server/ws/handler.go:877.17,884.4 2 1
github.com/engine/server/ws/handler.go:885.3,888.5 1 1
github.com/engine/server/ws/handler.go:890.25,896.51 2 2
github.com/engine/server/ws/handler.go:896.51,899.4 2 1
github.com/engine/server/ws/handler.go:900.3,900.44 1 1
github.com/engine/server/ws/handler.go:900.44,902.4 1 1
github.com/engine/server/ws/handler.go:903.3,903.41 1 1
github.com/engine/server/ws/handler.go:903.41,905.4 1 1
github.com/engine/server/ws/handler.go:906.3,906.40 1 1
github.com/engine/server/ws/handler.go:906.40,908.4 1 1
github.com/engine/server/ws/handler.go:909.3,912.5 1 1
github.com/engine/server/ws/handler.go:917.22,922.51 2 24
github.com/engine/server/ws/handler.go:922.51,925.4 2 1
github.com/engine/server/ws/handler.go:926.3,926.45 1 23
github.com/engine/server/ws/handler.go:926.45,929.4 2 1
github.com/engine/server/ws/handler.go:930.3,932.10 3 22
github.com/engine/server/ws/handler.go:932.10,935.4 2 2
github.com/engine/server/ws/handler.go:936.3,942.54 7 22
github.com/engine/server/ws/handler.go:942.54,948.4 1 1
github.com/engine/server/ws/handler.go:950.26,954.51 2 3
github.com/engine/server/ws/handler.go:954.51,957.4 2 1
github.com/engine/server/ws/handler.go:958.3,958.45 1 2
github.com/engine/server/ws/handler.go:958.45,961.4 2 1
github.com/engine/server/ws/handler.go:962.3,965.9 4 1
github.com/engine/server/ws/handler.go:965.9,967.4 1 1
github.com/engine/server/ws/handler.go:967.9,969.4 1 0
github.com/engine/server/ws/handler.go:970.3,975.5 2 1
github.com/engine/server/ws/handler.go:977.10,978.78 1 3
github.com/engine/server/ws/handler.go:983.47,985.15 2 4
github.com/engine/server/ws/handler.go:985.15,988.3 2 2
github.com/engine/server/ws/handler.go:989.2,990.16 2 2
github.com/engine/server/ws/handler.go:990.16,993.3 2 0
github.com/engine/server/ws/handler.go:994.2,998.4 1 2
github.com/engine/server/ws/handler.go:1001.55,1003.9 2 5
github.com/engine/server/ws/handler.go:1004.57,1006.9 2 1
github.com/engine/server/ws/handler.go:1007.27,1009.17 2 2
github.com/engine/server/ws/handler.go:1009.17,1016.4 2 2
github.com/engine/server/ws/handler.go:1017.3,1017.44 1 0
github.com/engine/server/ws/handler.go:1020.2,1021.16 2 2
github.com/engine/server/ws/handler.go:1021.16,1024.3 2 1
github.com/engine/server/ws/handler.go:1025.2,1025.75 1 1
github.com/engine/server/ws/handler.go:1028.35,1030.16 2 5
github.com/engine/server/ws/handler.go:1030.16,1033.3 2 4
github.com/engine/server/ws/handler.go:1034.2,1034.69 1 1
github.com/engine/server/ws/handler.go:1058.44,1067.2 8 2
github.com/engine/server/ws/handler.go:1069.47,1070.53 1 16
github.com/engine/server/ws/handler.go:1070.53,1073.3 2 13
github.com/engine/server/ws/handler.go:1074.2,1074.43 1 3
github.com/engine/server/ws/handler.go:1077.45,1079.17 2 5
github.com/engine/server/ws/handler.go:1079.17,1081.3 1 3
github.com/engine/server/ws/handler.go:1083.2,1089.16 6 2
github.com/engine/server/ws/handler.go:1089.16,1091.3 1 0
github.com/engine/server/ws/handler.go:1092.2,1094.28 2 2
github.com/engine/server/ws/handler.go:1094.28,1096.3 1 1
github.com/engine/server/ws/handler.go:1098.2,1103.64 2 1
github.com/engine/server/ws/handler.go:1103.64,1105.3 1 0
github.com/engine/server/ws/handler.go:1107.2,1111.8 1 1
github.com/engine/server/ws/handler.go:1114.67,1119.41 5 2
github.com/engine/server/ws/handler.go:1119.41,1121.3 1 1
github.com/engine/server/ws/handler.go:1123.2,1124.16 2 2
github.com/engine/server/ws/handler.go:1124.16,1126.3 1 0
github.com/engine/server/ws/handler.go:1127.2,1129.28 2 2
github.com/engine/server/ws/handler.go:1129.28,1131.3 1 1
github.com/engine/server/ws/handler.go:1133.2,1150.64 2 1
github.com/engine/server/ws/handler.go:1150.64,1152.3 1 0
github.com/engine/server/ws/handler.go:1154.2,1155.24 2 1
github.com/engine/server/ws/handler.go:1155.24,1156.27 1 1
github.com/engine/server/ws/handler.go:1156.27,1157.12 1 0
github.com/engine/server/ws/handler.go:1159.3,1169.5 1 1
github.com/engine/server/ws/handler.go:1171.2,1171.19 1 1
github.com/engine/server/ws/handler.go:1171.19,1173.3 1 0
github.com/engine/server/ws/handler.go:1174.2,1174.20 1 1
github.com/engine/server/ws/handler.go:1177.21,1179.2 1 19
github.com/engine/server/ws/handler.go:1181.27,1183.2 1 9
github.com/engine/server/ws/handler.go:1185.50,1189.2 3 8
github.com/engine/server/ws/offline_queue.go:38.38,42.2 1 10
github.com/engine/server/ws/offline_queue.go:47.52,51.35 3 4028
github.com/engine/server/ws/offline_queue.go:51.35,53.3 1 2
github.com/engine/server/ws/offline_queue.go:55.2,55.37 1 4026
github.com/engine/server/ws/offline_queue.go:55.37,58.3 1 11
github.com/engine/server/ws/offline_queue.go:59.2,59.38 1 4026
github.com/engine/server/ws/offline_queue.go:65.65,73.31 6 9
github.com/engine/server/ws/offline_queue.go:73.31,74.40 1 2010
github.com/engine/server/ws/offline_queue.go:74.40,75.12 1 1
github.com/engine/server/ws/offline_queue.go:77.3,77.31 1 2009
github.com/engine/server/ws/offline_queue.go:77.31,79.12 2 1
github.com/engine/server/ws/offline_queue.go:81.3,82.28 2 2008
github.com/engine/server/ws/offline_queue.go:85.2,86.15 2 9
github.com/engine/server/ws/offline_queue.go:91.32,97.31 5 1
github.com/engine/server/ws/offline_queue.go:97.31,98.31 1 2
github.com/engine/server/ws/offline_queue.go:98.31,100.4 1 1
github.com/engine/server/ws/offline_queue.go:102.2,102.19 1 1
github.com/engine/server/ws/offline_queue.go:106.34,110.2 3 6
